[2022-08-28T00:09:29.250Z] Log level: Info
[2022-08-28T00:09:29.253Z] [info] Validating found git in: git
[2022-08-28T00:09:29.346Z] [info] Using git  from git
[2022-08-28T00:09:29.377Z] > git rev-parse --show-toplevel [22ms]
[2022-08-28T00:09:29.386Z] > git rev-parse --git-dir --git-common-dir [1ms]
[2022-08-28T00:09:29.391Z] [info] Open repository: /home/jordanyx
[2022-08-28T00:09:29.503Z] > git status -z -uall [105ms]
[2022-08-28T00:09:29.521Z] > git symbolic-ref --short HEAD [5ms]
[2022-08-28T00:09:29.529Z] > git for-each-ref --format=%(refname)%00%(upstream:short)%00%(objectname)%00%(upstream:track)%00%(upstream:remotename)%00%(upstream:remoteref) refs/heads/master refs/remotes/master [2ms]
[2022-08-28T00:09:29.564Z] > git remote --verbose [19ms]
[2022-08-28T00:09:29.564Z] > git for-each-ref --sort -committerdate --format %(refname) %(objectname) %(*objectname) [29ms]
[2022-08-28T00:09:29.591Z] > git config --get commit.template [11ms]
[2022-08-28T00:09:29.690Z] > git status -z -uall [91ms]
[2022-08-28T00:09:29.698Z] > git symbolic-ref --short HEAD [1ms]
[2022-08-28T00:09:29.705Z] > git for-each-ref --format=%(refname)%00%(upstream:short)%00%(objectname)%00%(upstream:track)%00%(upstream:remotename)%00%(upstream:remoteref) refs/heads/master refs/remotes/master [1ms]
[2022-08-28T00:09:29.723Z] > git remote --verbose [1ms]
[2022-08-28T00:09:29.724Z] > git for-each-ref --sort -committerdate --format %(refname) %(objectname) %(*objectname) [10ms]
[2022-08-28T00:09:29.733Z] > git config --get commit.template [2ms]
[2022-08-28T00:09:29.995Z] > git check-ignore -v -z --stdin [6ms]
[2022-08-28T00:09:30.130Z] > git show --textconv :pythonfiles/tcpserver.py [9ms]
[2022-08-28T00:09:30.132Z] > git ls-files --stage -- /home/jordanyx/pythonfiles/tcpserver.py [3ms]
[2022-08-28T00:09:30.153Z] > git cat-file -s b3552bd5f623040bdcf9b36a6047fd5a81df6ace [14ms]
[2022-08-28T00:09:31.995Z] > git status -z -uall [65ms]
[2022-08-28T00:09:32.001Z] > git symbolic-ref --short HEAD [1ms]
[2022-08-28T00:09:32.007Z] > git for-each-ref --format=%(refname)%00%(upstream:short)%00%(objectname)%00%(upstream:track)%00%(upstream:remotename)%00%(upstream:remoteref) refs/heads/master refs/remotes/master [1ms]
[2022-08-28T00:09:32.016Z] > git for-each-ref --sort -committerdate --format %(refname) %(objectname) %(*objectname) [5ms]
[2022-08-28T00:09:32.016Z] > git remote --verbose [1ms]
[2022-08-28T00:09:32.024Z] > git config --get commit.template [1ms]
[2022-08-28T00:09:50.985Z] > git status -z -uall [70ms]
[2022-08-28T00:09:50.990Z] > git symbolic-ref --short HEAD [1ms]
[2022-08-28T00:09:50.994Z] > git for-each-ref --format=%(refname)%00%(upstream:short)%00%(objectname)%00%(upstream:track)%00%(upstream:remotename)%00%(upstream:remoteref) refs/heads/master refs/remotes/master [0ms]
[2022-08-28T00:09:51.000Z] > git for-each-ref --sort -committerdate --format %(refname) %(objectname) %(*objectname) [3ms]
[2022-08-28T00:09:51.000Z] > git remote --verbose [1ms]
[2022-08-28T00:09:51.006Z] > git config --get commit.template [1ms]
[2022-08-28T00:09:56.080Z] > git status -z -uall [66ms]
[2022-08-28T00:09:56.084Z] > git symbolic-ref --short HEAD [1ms]
[2022-08-28T00:09:56.089Z] > git for-each-ref --format=%(refname)%00%(upstream:short)%00%(objectname)%00%(upstream:track)%00%(upstream:remotename)%00%(upstream:remoteref) refs/heads/master refs/remotes/master [1ms]
[2022-08-28T00:09:56.095Z] > git for-each-ref --sort -committerdate --format %(refname) %(objectname) %(*objectname) [3ms]
[2022-08-28T00:09:56.095Z] > git remote --verbose [1ms]
[2022-08-28T00:09:56.103Z] > git config --get commit.template [1ms]
[2022-08-28T00:10:01.174Z] > git status -z -uall [66ms]
[2022-08-28T00:10:01.179Z] > git symbolic-ref --short HEAD [1ms]
[2022-08-28T00:10:01.186Z] > git for-each-ref --format=%(refname)%00%(upstream:short)%00%(objectname)%00%(upstream:track)%00%(upstream:remotename)%00%(upstream:remoteref) refs/heads/master refs/remotes/master [1ms]
[2022-08-28T00:10:01.192Z] > git for-each-ref --sort -committerdate --format %(refname) %(objectname) %(*objectname) [3ms]
[2022-08-28T00:10:01.192Z] > git remote --verbose [0ms]
[2022-08-28T00:10:01.197Z] > git config --get commit.template [0ms]
[2022-08-28T00:10:06.276Z] > git status -z -uall [70ms]
[2022-08-28T00:10:06.282Z] > git symbolic-ref --short HEAD [1ms]
[2022-08-28T00:10:06.288Z] > git for-each-ref --format=%(refname)%00%(upstream:short)%00%(objectname)%00%(upstream:track)%00%(upstream:remotename)%00%(upstream:remoteref) refs/heads/master refs/remotes/master [1ms]
[2022-08-28T00:10:06.297Z] > git for-each-ref --sort -committerdate --format %(refname) %(objectname) %(*objectname) [4ms]
[2022-08-28T00:10:06.298Z] > git remote --verbose [1ms]
[2022-08-28T00:10:06.305Z] > git config --get commit.template [1ms]
[2022-08-28T00:10:11.390Z] > git status -z -uall [75ms]
[2022-08-28T00:10:11.396Z] > git symbolic-ref --short HEAD [0ms]
[2022-08-28T00:10:11.403Z] > git for-each-ref --format=%(refname)%00%(upstream:short)%00%(objectname)%00%(upstream:track)%00%(upstream:remotename)%00%(upstream:remoteref) refs/heads/master refs/remotes/master [1ms]
[2022-08-28T00:10:11.415Z] > git for-each-ref --sort -committerdate --format %(refname) %(objectname) %(*objectname) [5ms]
[2022-08-28T00:10:11.416Z] > git remote --verbose [2ms]
[2022-08-28T00:10:11.425Z] > git config --get commit.template [2ms]
[2022-08-28T00:10:16.503Z] > git status -z -uall [72ms]
[2022-08-28T00:10:16.510Z] > git symbolic-ref --short HEAD [1ms]
[2022-08-28T00:10:16.517Z] > git for-each-ref --format=%(refname)%00%(upstream:short)%00%(objectname)%00%(upstream:track)%00%(upstream:remotename)%00%(upstream:remoteref) refs/heads/master refs/remotes/master [1ms]
[2022-08-28T00:10:16.527Z] > git for-each-ref --sort -committerdate --format %(refname) %(objectname) %(*objectname) [5ms]
[2022-08-28T00:10:16.528Z] > git remote --verbose [1ms]
[2022-08-28T00:10:16.535Z] > git config --get commit.template [1ms]
[2022-08-28T00:10:21.609Z] > git status -z -uall [68ms]
[2022-08-28T00:10:21.614Z] > git symbolic-ref --short HEAD [1ms]
[2022-08-28T00:10:21.620Z] > git for-each-ref --format=%(refname)%00%(upstream:short)%00%(objectname)%00%(upstream:track)%00%(upstream:remotename)%00%(upstream:remoteref) refs/heads/master refs/remotes/master [1ms]
[2022-08-28T00:10:21.629Z] > git for-each-ref --sort -committerdate --format %(refname) %(objectname) %(*objectname) [3ms]
[2022-08-28T00:10:21.630Z] > git remote --verbose [1ms]
[2022-08-28T00:10:21.636Z] > git config --get commit.template [1ms]
[2022-08-28T00:10:26.734Z] > git status -z -uall [73ms]
[2022-08-28T00:10:26.740Z] > git symbolic-ref --short HEAD [1ms]
[2022-08-28T00:10:26.746Z] > git for-each-ref --format=%(refname)%00%(upstream:short)%00%(objectname)%00%(upstream:track)%00%(upstream:remotename)%00%(upstream:remoteref) refs/heads/master refs/remotes/master [2ms]
[2022-08-28T00:10:26.757Z] > git for-each-ref --sort -committerdate --format %(refname) %(objectname) %(*objectname) [6ms]
[2022-08-28T00:10:26.758Z] > git remote --verbose [2ms]
[2022-08-28T00:10:26.768Z] > git config --get commit.template [2ms]
[2022-08-28T00:10:31.869Z] > git status -z -uall [68ms]
[2022-08-28T00:10:31.874Z] > git symbolic-ref --short HEAD [1ms]
[2022-08-28T00:10:31.880Z] > git for-each-ref --format=%(refname)%00%(upstream:short)%00%(objectname)%00%(upstream:track)%00%(upstream:remotename)%00%(upstream:remoteref) refs/heads/master refs/remotes/master [1ms]
[2022-08-28T00:10:31.889Z] > git for-each-ref --sort -committerdate --format %(refname) %(objectname) %(*objectname) [5ms]
[2022-08-28T00:10:31.889Z] > git remote --verbose [1ms]
[2022-08-28T00:10:31.898Z] > git config --get commit.template [2ms]
[2022-08-28T00:10:37.019Z] > git status -z -uall [67ms]
[2022-08-28T00:10:37.025Z] > git symbolic-ref --short HEAD [1ms]
[2022-08-28T00:10:37.031Z] > git for-each-ref --format=%(refname)%00%(upstream:short)%00%(objectname)%00%(upstream:track)%00%(upstream:remotename)%00%(upstream:remoteref) refs/heads/master refs/remotes/master [2ms]
[2022-08-28T00:10:37.038Z] > git for-each-ref --sort -committerdate --format %(refname) %(objectname) %(*objectname) [4ms]
[2022-08-28T00:10:37.038Z] > git remote --verbose [1ms]
[2022-08-28T00:10:37.044Z] > git config --get commit.template [1ms]
[2022-08-28T00:10:42.405Z] > git status -z -uall [71ms]
[2022-08-28T00:10:42.411Z] > git symbolic-ref --short HEAD [1ms]
[2022-08-28T00:10:42.416Z] > git for-each-ref --format=%(refname)%00%(upstream:short)%00%(objectname)%00%(upstream:track)%00%(upstream:remotename)%00%(upstream:remoteref) refs/heads/master refs/remotes/master [1ms]
[2022-08-28T00:10:42.423Z] > git for-each-ref --sort -committerdate --format %(refname) %(objectname) %(*objectname) [4ms]
[2022-08-28T00:10:42.423Z] > git remote --verbose [1ms]
[2022-08-28T00:10:42.429Z] > git config --get commit.template [1ms]
[2022-08-28T00:10:47.510Z] > git status -z -uall [70ms]
[2022-08-28T00:10:47.516Z] > git symbolic-ref --short HEAD [1ms]
[2022-08-28T00:10:47.522Z] > git for-each-ref --format=%(refname)%00%(upstream:short)%00%(objectname)%00%(upstream:track)%00%(upstream:remotename)%00%(upstream:remoteref) refs/heads/master refs/remotes/master [1ms]
[2022-08-28T00:10:47.531Z] > git for-each-ref --sort -committerdate --format %(refname) %(objectname) %(*objectname) [4ms]
[2022-08-28T00:10:47.531Z] > git remote --verbose [1ms]
[2022-08-28T00:10:47.540Z] > git config --get commit.template [1ms]
[2022-08-28T00:10:52.624Z] > git status -z -uall [72ms]
[2022-08-28T00:10:52.630Z] > git symbolic-ref --short HEAD [1ms]
[2022-08-28T00:10:52.636Z] > git for-each-ref --format=%(refname)%00%(upstream:short)%00%(objectname)%00%(upstream:track)%00%(upstream:remotename)%00%(upstream:remoteref) refs/heads/master refs/remotes/master [1ms]
[2022-08-28T00:10:52.646Z] > git remote --verbose [2ms]
[2022-08-28T00:10:52.646Z] > git for-each-ref --sort -committerdate --format %(refname) %(objectname) %(*objectname) [6ms]
[2022-08-28T00:10:52.654Z] > git config --get commit.template [1ms]
[2022-08-28T00:10:57.730Z] > git status -z -uall [69ms]
[2022-08-28T00:10:57.736Z] > git symbolic-ref --short HEAD [1ms]
[2022-08-28T00:10:57.741Z] > git for-each-ref --format=%(refname)%00%(upstream:short)%00%(objectname)%00%(upstream:track)%00%(upstream:remotename)%00%(upstream:remoteref) refs/heads/master refs/remotes/master [1ms]
[2022-08-28T00:10:57.748Z] > git for-each-ref --sort -committerdate --format %(refname) %(objectname) %(*objectname) [3ms]
[2022-08-28T00:10:57.750Z] > git remote --verbose [2ms]
[2022-08-28T00:10:57.756Z] > git config --get commit.template [1ms]
[2022-08-28T00:10:57.940Z] > git check-ignore -v -z --stdin [8ms]
[2022-08-28T00:11:02.914Z] > git status -z -uall [65ms]
[2022-08-28T00:11:02.919Z] > git symbolic-ref --short HEAD [1ms]
[2022-08-28T00:11:02.924Z] > git for-each-ref --format=%(refname)%00%(upstream:short)%00%(objectname)%00%(upstream:track)%00%(upstream:remotename)%00%(upstream:remoteref) refs/heads/master refs/remotes/master [1ms]
[2022-08-28T00:11:02.931Z] > git for-each-ref --sort -committerdate --format %(refname) %(objectname) %(*objectname) [4ms]
[2022-08-28T00:11:02.931Z] > git remote --verbose [1ms]
[2022-08-28T00:11:02.938Z] > git config --get commit.template [3ms]
[2022-08-28T00:11:08.011Z] > git status -z -uall [68ms]
[2022-08-28T00:11:08.016Z] > git symbolic-ref --short HEAD [1ms]
[2022-08-28T00:11:08.021Z] > git for-each-ref --format=%(refname)%00%(upstream:short)%00%(objectname)%00%(upstream:track)%00%(upstream:remotename)%00%(upstream:remoteref) refs/heads/master refs/remotes/master [1ms]
[2022-08-28T00:11:08.028Z] > git for-each-ref --sort -committerdate --format %(refname) %(objectname) %(*objectname) [4ms]
[2022-08-28T00:11:08.029Z] > git remote --verbose [1ms]
[2022-08-28T00:11:08.035Z] > git config --get commit.template [1ms]
[2022-08-28T00:11:12.743Z] > git -c user.useConfigOnly=true commit --quiet --allow-empty-message --file - [61ms]
[2022-08-28T00:11:12.816Z] > git status -z -uall [68ms]
[2022-08-28T00:11:12.822Z] > git symbolic-ref --short HEAD [0ms]
[2022-08-28T00:11:12.826Z] > git for-each-ref --format=%(refname)%00%(upstream:short)%00%(objectname)%00%(upstream:track)%00%(upstream:remotename)%00%(upstream:remoteref) refs/heads/master refs/remotes/master [1ms]
[2022-08-28T00:11:12.832Z] > git for-each-ref --sort -committerdate --format %(refname) %(objectname) %(*objectname) [3ms]
[2022-08-28T00:11:12.833Z] > git remote --verbose [1ms]
[2022-08-28T00:11:12.840Z] > git config --get commit.template [1ms]
[2022-08-28T00:11:12.846Z] > git config --get commit.template [1ms]
[2022-08-28T00:11:13.113Z] > git status -z -uall [69ms]
[2022-08-28T00:11:13.119Z] > git symbolic-ref --short HEAD [1ms]
[2022-08-28T00:11:13.125Z] > git for-each-ref --format=%(refname)%00%(upstream:short)%00%(objectname)%00%(upstream:track)%00%(upstream:remotename)%00%(upstream:remoteref) refs/heads/master refs/remotes/master [1ms]
[2022-08-28T00:11:13.131Z] > git for-each-ref --sort -committerdate --format %(refname) %(objectname) %(*objectname) [3ms]
[2022-08-28T00:11:13.132Z] > git remote --verbose [1ms]
[2022-08-28T00:11:13.139Z] > git config --get commit.template [1ms]
[2022-08-28T00:11:13.599Z] > git check-ignore -v -z --stdin [5ms]
[2022-08-28T00:11:14.097Z] > git ls-files --stage -- /home/jordanyx/pythonfiles/tcpserver.py [3ms]
[2022-08-28T00:11:14.101Z] > git cat-file -s b3552bd5f623040bdcf9b36a6047fd5a81df6ace [1ms]
[2022-08-28T00:11:14.111Z] > git show --textconv :pythonfiles/tcpserver.py [2ms]
[2022-08-28T00:11:18.210Z] > git status -z -uall [66ms]
[2022-08-28T00:11:18.215Z] > git symbolic-ref --short HEAD [0ms]
[2022-08-28T00:11:18.220Z] > git for-each-ref --format=%(refname)%00%(upstream:short)%00%(objectname)%00%(upstream:track)%00%(upstream:remotename)%00%(upstream:remoteref) refs/heads/master refs/remotes/master [1ms]
[2022-08-28T00:11:18.227Z] > git for-each-ref --sort -committerdate --format %(refname) %(objectname) %(*objectname) [4ms]
[2022-08-28T00:11:18.227Z] > git remote --verbose [1ms]
[2022-08-28T00:11:18.232Z] > git config --get commit.template [0ms]
[2022-08-28T00:11:23.315Z] > git status -z -uall [74ms]
[2022-08-28T00:11:23.326Z] > git symbolic-ref --short HEAD [1ms]
[2022-08-28T00:11:23.336Z] > git for-each-ref --format=%(refname)%00%(upstream:short)%00%(objectname)%00%(upstream:track)%00%(upstream:remotename)%00%(upstream:remoteref) refs/heads/master refs/remotes/master [2ms]
[2022-08-28T00:11:23.353Z] > git for-each-ref --sort -committerdate --format %(refname) %(objectname) %(*objectname) [9ms]
[2022-08-28T00:11:23.354Z] > git remote --verbose [2ms]
[2022-08-28T00:11:23.365Z] > git config --get commit.template [1ms]
[2022-08-28T00:11:28.441Z] > git status -z -uall [69ms]
[2022-08-28T00:11:28.447Z] > git symbolic-ref --short HEAD [1ms]
[2022-08-28T00:11:28.451Z] > git for-each-ref --format=%(refname)%00%(upstream:short)%00%(objectname)%00%(upstream:track)%00%(upstream:remotename)%00%(upstream:remoteref) refs/heads/master refs/remotes/master [0ms]
[2022-08-28T00:11:28.460Z] > git for-each-ref --sort -committerdate --format %(refname) %(objectname) %(*objectname) [4ms]
[2022-08-28T00:11:28.460Z] > git remote --verbose [1ms]
[2022-08-28T00:11:28.467Z] > git config --get commit.template [1ms]
[2022-08-28T00:11:28.782Z] > git check-ignore -v -z --stdin [7ms]
[2022-08-28T00:11:31.513Z] > git show --textconv :pythonfiles/udpclient.py [4ms]
[2022-08-28T00:11:31.515Z] > git ls-files --stage -- /home/jordanyx/pythonfiles/udpclient.py [2ms]
[2022-08-28T00:11:31.520Z] > git cat-file -s c6a8a13afc3fe34e1d66dff1360fee7a7d5369e5 [1ms]
[2022-08-28T00:11:32.170Z] > git show --textconv :pythonfiles/tcpserver.py [5ms]
[2022-08-28T00:11:32.171Z] > git ls-files --stage -- /home/jordanyx/pythonfiles/tcpserver.py [2ms]
[2022-08-28T00:11:32.177Z] > git cat-file -s b3552bd5f623040bdcf9b36a6047fd5a81df6ace [1ms]
[2022-08-28T00:11:33.547Z] > git status -z -uall [73ms]
[2022-08-28T00:11:33.554Z] > git symbolic-ref --short HEAD [0ms]
[2022-08-28T00:11:33.560Z] > git for-each-ref --format=%(refname)%00%(upstream:short)%00%(objectname)%00%(upstream:track)%00%(upstream:remotename)%00%(upstream:remoteref) refs/heads/master refs/remotes/master [1ms]
[2022-08-28T00:11:33.570Z] > git for-each-ref --sort -committerdate --format %(refname) %(objectname) %(*objectname) [5ms]
[2022-08-28T00:11:33.571Z] > git remote --verbose [2ms]
[2022-08-28T00:11:33.579Z] > git config --get commit.template [2ms]
[2022-08-28T00:11:38.657Z] > git status -z -uall [71ms]
[2022-08-28T00:11:38.664Z] > git symbolic-ref --short HEAD [1ms]
[2022-08-28T00:11:38.670Z] > git for-each-ref --format=%(refname)%00%(upstream:short)%00%(objectname)%00%(upstream:track)%00%(upstream:remotename)%00%(upstream:remoteref) refs/heads/master refs/remotes/master [1ms]
[2022-08-28T00:11:38.680Z] > git for-each-ref --sort -committerdate --format %(refname) %(objectname) %(*objectname) [4ms]
[2022-08-28T00:11:38.680Z] > git remote --verbose [1ms]
[2022-08-28T00:11:38.688Z] > git config --get commit.template [1ms]
[2022-08-28T00:11:43.761Z] > git status -z -uall [66ms]
[2022-08-28T00:11:43.767Z] > git symbolic-ref --short HEAD [1ms]
[2022-08-28T00:11:43.772Z] > git for-each-ref --format=%(refname)%00%(upstream:short)%00%(objectname)%00%(upstream:track)%00%(upstream:remotename)%00%(upstream:remoteref) refs/heads/master refs/remotes/master [1ms]
[2022-08-28T00:11:43.778Z] > git for-each-ref --sort -committerdate --format %(refname) %(objectname) %(*objectname) [3ms]
[2022-08-28T00:11:43.779Z] > git remote --verbose [1ms]
[2022-08-28T00:11:43.785Z] > git config --get commit.template [2ms]
[2022-08-28T00:11:48.871Z] > git status -z -uall [66ms]
[2022-08-28T00:11:48.875Z] > git symbolic-ref --short HEAD [1ms]
[2022-08-28T00:11:48.879Z] > git for-each-ref --format=%(refname)%00%(upstream:short)%00%(objectname)%00%(upstream:track)%00%(upstream:remotename)%00%(upstream:remoteref) refs/heads/master refs/remotes/master [1ms]
[2022-08-28T00:11:48.885Z] > git for-each-ref --sort -committerdate --format %(refname) %(objectname) %(*objectname) [3ms]
[2022-08-28T00:11:48.886Z] > git remote --verbose [1ms]
[2022-08-28T00:11:48.891Z] > git config --get commit.template [1ms]
[2022-08-28T00:11:53.966Z] > git status -z -uall [67ms]
[2022-08-28T00:11:53.971Z] > git symbolic-ref --short HEAD [0ms]
[2022-08-28T00:11:53.976Z] > git for-each-ref --format=%(refname)%00%(upstream:short)%00%(objectname)%00%(upstream:track)%00%(upstream:remotename)%00%(upstream:remoteref) refs/heads/master refs/remotes/master [1ms]
[2022-08-28T00:11:53.982Z] > git for-each-ref --sort -committerdate --format %(refname) %(objectname) %(*objectname) [3ms]
[2022-08-28T00:11:53.982Z] > git remote --verbose [1ms]
[2022-08-28T00:11:53.988Z] > git config --get commit.template [1ms]
[2022-08-28T00:12:11.242Z] > git add -A -- /home/jordanyx/.git/COMMIT_EDITMSG [5ms]
[2022-08-28T00:12:11.285Z] > git status -z -uall [71ms]
[2022-08-28T00:12:11.292Z] > git symbolic-ref --short HEAD [1ms]
[2022-08-28T00:12:11.299Z] > git for-each-ref --format=%(refname)%00%(upstream:short)%00%(objectname)%00%(upstream:track)%00%(upstream:remotename)%00%(upstream:remoteref) refs/heads/master refs/remotes/master [1ms]
[2022-08-28T00:12:11.309Z] > git for-each-ref --sort -committerdate --format %(refname) %(objectname) %(*objectname) [5ms]
[2022-08-28T00:12:11.310Z] > git remote --verbose [0ms]
[2022-08-28T00:12:11.317Z] > git config --get commit.template [2ms]
[2022-08-28T00:12:11.393Z] > git status -z -uall [69ms]
[2022-08-28T00:12:11.400Z] > git symbolic-ref --short HEAD [2ms]
[2022-08-28T00:12:11.407Z] > git for-each-ref --format=%(refname)%00%(upstream:short)%00%(objectname)%00%(upstream:track)%00%(upstream:remotename)%00%(upstream:remoteref) refs/heads/master refs/remotes/master [1ms]
[2022-08-28T00:12:11.445Z] > git remote --verbose [31ms]
[2022-08-28T00:12:11.445Z] > git for-each-ref --sort -committerdate --format %(refname) %(objectname) %(*objectname) [34ms]
[2022-08-28T00:12:11.453Z] > git config --get commit.template [1ms]
[2022-08-28T00:12:11.699Z] > git add -A -- . [240ms]
[2022-08-28T00:12:11.733Z] > git -c user.useConfigOnly=true commit --quiet --allow-empty-message --file - [27ms]
[2022-08-28T00:12:11.765Z] > git status -z -uall [27ms]
[2022-08-28T00:12:11.772Z] > git symbolic-ref --short HEAD [1ms]
[2022-08-28T00:12:11.777Z] > git for-each-ref --format=%(refname)%00%(upstream:short)%00%(objectname)%00%(upstream:track)%00%(upstream:remotename)%00%(upstream:remoteref) refs/heads/master refs/remotes/master [1ms]
[2022-08-28T00:12:11.785Z] > git for-each-ref --sort -committerdate --format %(refname) %(objectname) %(*objectname) [5ms]
[2022-08-28T00:12:11.785Z] > git remote --verbose [2ms]
[2022-08-28T00:12:11.790Z] > git config --get commit.template [0ms]
[2022-08-28T00:12:11.796Z] > git config --get commit.template [1ms]
[2022-08-28T00:12:12.432Z] > git check-ignore -v -z --stdin [3ms]
[2022-08-28T00:12:13.037Z] > git ls-files --stage -- /home/jordanyx/pythonfiles/tcpserver.py [3ms]
[2022-08-28T00:12:13.041Z] > git cat-file -s b3552bd5f623040bdcf9b36a6047fd5a81df6ace [0ms]
[2022-08-28T00:12:13.051Z] > git show --textconv :pythonfiles/tcpserver.py [2ms]
[2022-08-28T00:12:16.372Z] > git status -z -uall [41ms]
[2022-08-28T00:12:16.380Z] > git symbolic-ref --short HEAD [1ms]
[2022-08-28T00:12:16.388Z] > git for-each-ref --format=%(refname)%00%(upstream:short)%00%(objectname)%00%(upstream:track)%00%(upstream:remotename)%00%(upstream:remoteref) refs/heads/master refs/remotes/master [2ms]
[2022-08-28T00:12:16.402Z] > git for-each-ref --sort -committerdate --format %(refname) %(objectname) %(*objectname) [8ms]
[2022-08-28T00:12:16.403Z] > git remote --verbose [2ms]
[2022-08-28T00:12:16.412Z] > git config --get commit.template [1ms]
[2022-08-28T00:12:21.450Z] > git status -z -uall [29ms]
[2022-08-28T00:12:21.456Z] > git symbolic-ref --short HEAD [0ms]
[2022-08-28T00:12:21.461Z] > git for-each-ref --format=%(refname)%00%(upstream:short)%00%(objectname)%00%(upstream:track)%00%(upstream:remotename)%00%(upstream:remoteref) refs/heads/master refs/remotes/master [1ms]
[2022-08-28T00:12:21.468Z] > git for-each-ref --sort -committerdate --format %(refname) %(objectname) %(*objectname) [4ms]
[2022-08-28T00:12:21.468Z] > git remote --verbose [1ms]
[2022-08-28T00:12:21.473Z] > git config --get commit.template [1ms]
[2022-08-28T00:12:26.511Z] > git status -z -uall [28ms]
[2022-08-28T00:12:26.516Z] > git symbolic-ref --short HEAD [1ms]
[2022-08-28T00:12:26.520Z] > git for-each-ref --format=%(refname)%00%(upstream:short)%00%(objectname)%00%(upstream:track)%00%(upstream:remotename)%00%(upstream:remoteref) refs/heads/master refs/remotes/master [1ms]
[2022-08-28T00:12:26.526Z] > git for-each-ref --sort -committerdate --format %(refname) %(objectname) %(*objectname) [3ms]
[2022-08-28T00:12:26.526Z] > git remote --verbose [1ms]
[2022-08-28T00:12:26.530Z] > git config --get commit.template [1ms]
[2022-08-28T00:12:37.688Z] > git add -A -- /home/jordanyx/.git/COMMIT_EDITMSG [4ms]
[2022-08-28T00:12:37.697Z] > git status -z -uall [31ms]
[2022-08-28T00:12:37.704Z] > git symbolic-ref --short HEAD [1ms]
[2022-08-28T00:12:37.710Z] > git for-each-ref --format=%(refname)%00%(upstream:short)%00%(objectname)%00%(upstream:track)%00%(upstream:remotename)%00%(upstream:remoteref) refs/heads/master refs/remotes/master [1ms]
[2022-08-28T00:12:37.722Z] > git for-each-ref --sort -committerdate --format %(refname) %(objectname) %(*objectname) [8ms]
[2022-08-28T00:12:37.722Z] > git remote --verbose [1ms]
[2022-08-28T00:12:37.731Z] > git config --get commit.template [0ms]
[2022-08-28T00:12:37.778Z] > git status -z -uall [39ms]
[2022-08-28T00:12:37.786Z] > git symbolic-ref --short HEAD [1ms]
[2022-08-28T00:12:37.793Z] > git for-each-ref --format=%(refname)%00%(upstream:short)%00%(objectname)%00%(upstream:track)%00%(upstream:remotename)%00%(upstream:remoteref) refs/heads/master refs/remotes/master [1ms]
[2022-08-28T00:12:37.808Z] > git for-each-ref --sort -committerdate --format %(refname) %(objectname) %(*objectname) [8ms]
[2022-08-28T00:12:37.808Z] > git remote --verbose [1ms]
[2022-08-28T00:12:37.818Z] > git config --get commit.template [1ms]
[2022-08-28T00:12:37.877Z] > git add -A -- . [52ms]
[2022-08-28T00:12:37.911Z] > git -c user.useConfigOnly=true commit --quiet --allow-empty-message --file - [26ms]
[2022-08-28T00:12:37.963Z] > git status -z -uall [44ms]
[2022-08-28T00:12:37.973Z] > git symbolic-ref --short HEAD [2ms]
[2022-08-28T00:12:37.980Z] > git for-each-ref --format=%(refname)%00%(upstream:short)%00%(objectname)%00%(upstream:track)%00%(upstream:remotename)%00%(upstream:remoteref) refs/heads/master refs/remotes/master [2ms]
[2022-08-28T00:12:37.993Z] > git for-each-ref --sort -committerdate --format %(refname) %(objectname) %(*objectname) [9ms]
[2022-08-28T00:12:37.993Z] > git remote --verbose [1ms]
[2022-08-28T00:12:38.001Z] > git config --get commit.template [1ms]
[2022-08-28T00:12:38.008Z] > git config --get commit.template [1ms]
[2022-08-28T00:12:38.473Z] > git check-ignore -v -z --stdin [4ms]
[2022-08-28T00:12:39.180Z] > git ls-files --stage -- /home/jordanyx/pythonfiles/tcpserver.py [3ms]
[2022-08-28T00:12:39.185Z] > git cat-file -s b3552bd5f623040bdcf9b36a6047fd5a81df6ace [1ms]
[2022-08-28T00:12:39.198Z] > git show --textconv :pythonfiles/tcpserver.py [3ms]
[2022-08-28T00:12:40.689Z] > git ls-files --stage -- /home/jordanyx/pythonfiles/tcpserver.py [3ms]
[2022-08-28T00:12:40.695Z] > git cat-file -s b3552bd5f623040bdcf9b36a6047fd5a81df6ace [1ms]
[2022-08-28T00:12:40.706Z] > git show --textconv :pythonfiles/tcpserver.py [3ms]
[2022-08-28T00:12:42.780Z] > git status -z -uall [35ms]
[2022-08-28T00:12:42.788Z] > git symbolic-ref --short HEAD [1ms]
[2022-08-28T00:12:42.796Z] > git for-each-ref --format=%(refname)%00%(upstream:short)%00%(objectname)%00%(upstream:track)%00%(upstream:remotename)%00%(upstream:remoteref) refs/heads/master refs/remotes/master [1ms]
[2022-08-28T00:12:42.811Z] > git for-each-ref --sort -committerdate --format %(refname) %(objectname) %(*objectname) [7ms]
[2022-08-28T00:12:42.811Z] > git remote --verbose [1ms]
[2022-08-28T00:12:42.819Z] > git config --get commit.template [1ms]
[2022-08-28T00:12:43.468Z] > git check-ignore -v -z --stdin [4ms]
[2022-08-28T00:12:47.864Z] > git status -z -uall [34ms]
[2022-08-28T00:12:47.871Z] > git symbolic-ref --short HEAD [0ms]
[2022-08-28T00:12:47.877Z] > git for-each-ref --format=%(refname)%00%(upstream:short)%00%(objectname)%00%(upstream:track)%00%(upstream:remotename)%00%(upstream:remoteref) refs/heads/master refs/remotes/master [1ms]
[2022-08-28T00:12:47.886Z] > git for-each-ref --sort -committerdate --format %(refname) %(objectname) %(*objectname) [5ms]
[2022-08-28T00:12:47.887Z] > git remote --verbose [1ms]
[2022-08-28T00:12:47.893Z] > git config --get commit.template [0ms]
[2022-08-28T00:12:52.932Z] > git status -z -uall [32ms]
[2022-08-28T00:12:52.938Z] > git symbolic-ref --short HEAD [1ms]
[2022-08-28T00:12:52.944Z] > git for-each-ref --format=%(refname)%00%(upstream:short)%00%(objectname)%00%(upstream:track)%00%(upstream:remotename)%00%(upstream:remoteref) refs/heads/master refs/remotes/master [1ms]
[2022-08-28T00:12:52.953Z] > git for-each-ref --sort -committerdate --format %(refname) %(objectname) %(*objectname) [5ms]
[2022-08-28T00:12:52.954Z] > git remote --verbose [1ms]
[2022-08-28T00:12:52.961Z] > git config --get commit.template [1ms]
[2022-08-28T00:12:57.994Z] > git status -z -uall [27ms]
[2022-08-28T00:12:57.999Z] > git symbolic-ref --short HEAD [1ms]
[2022-08-28T00:12:58.003Z] > git for-each-ref --format=%(refname)%00%(upstream:short)%00%(objectname)%00%(upstream:track)%00%(upstream:remotename)%00%(upstream:remoteref) refs/heads/master refs/remotes/master [1ms]
[2022-08-28T00:12:58.009Z] > git for-each-ref --sort -committerdate --format %(refname) %(objectname) %(*objectname) [3ms]
[2022-08-28T00:12:58.009Z] > git remote --verbose [1ms]
[2022-08-28T00:12:58.015Z] > git config --get commit.template [1ms]
[2022-08-28T00:13:03.049Z] > git status -z -uall [29ms]
[2022-08-28T00:13:03.054Z] > git symbolic-ref --short HEAD [1ms]
[2022-08-28T00:13:03.059Z] > git for-each-ref --format=%(refname)%00%(upstream:short)%00%(objectname)%00%(upstream:track)%00%(upstream:remotename)%00%(upstream:remoteref) refs/heads/master refs/remotes/master [1ms]
[2022-08-28T00:13:03.066Z] > git for-each-ref --sort -committerdate --format %(refname) %(objectname) %(*objectname) [4ms]
[2022-08-28T00:13:03.067Z] > git remote --verbose [2ms]
[2022-08-28T00:13:03.073Z] > git config --get commit.template [1ms]
[2022-08-28T00:13:08.110Z] > git status -z -uall [28ms]
[2022-08-28T00:13:08.115Z] > git symbolic-ref --short HEAD [1ms]
[2022-08-28T00:13:08.121Z] > git for-each-ref --format=%(refname)%00%(upstream:short)%00%(objectname)%00%(upstream:track)%00%(upstream:remotename)%00%(upstream:remoteref) refs/heads/master refs/remotes/master [0ms]
[2022-08-28T00:13:08.128Z] > git for-each-ref --sort -committerdate --format %(refname) %(objectname) %(*objectname) [4ms]
[2022-08-28T00:13:08.128Z] > git remote --verbose [1ms]
[2022-08-28T00:13:08.134Z] > git config --get commit.template [1ms]
[2022-08-28T00:13:13.202Z] > git status -z -uall [27ms]
[2022-08-28T00:13:13.207Z] > git symbolic-ref --short HEAD [1ms]
[2022-08-28T00:13:13.212Z] > git for-each-ref --format=%(refname)%00%(upstream:short)%00%(objectname)%00%(upstream:track)%00%(upstream:remotename)%00%(upstream:remoteref) refs/heads/master refs/remotes/master [1ms]
[2022-08-28T00:13:13.220Z] > git for-each-ref --sort -committerdate --format %(refname) %(objectname) %(*objectname) [4ms]
[2022-08-28T00:13:13.220Z] > git remote --verbose [1ms]
[2022-08-28T00:13:13.224Z] > git config --get commit.template [0ms]
[2022-08-28T00:13:16.007Z] > git push [1ms]
[2022-08-28T00:13:16.007Z] fatal: No configured push destination.
Either specify the URL from the command-line or configure a remote repository using

    git remote add <name> <url>

and then push using the remote name

    git push <name>
[2022-08-28T00:14:47.671Z] > git status -z -uall [37ms]
[2022-08-28T00:14:47.678Z] > git symbolic-ref --short HEAD [1ms]
[2022-08-28T00:14:47.684Z] > git for-each-ref --format=%(refname)%00%(upstream:short)%00%(objectname)%00%(upstream:track)%00%(upstream:remotename)%00%(upstream:remoteref) refs/heads/master refs/remotes/master [1ms]
[2022-08-28T00:14:47.693Z] > git for-each-ref --sort -committerdate --format %(refname) %(objectname) %(*objectname) [4ms]
[2022-08-28T00:14:47.694Z] > git remote --verbose [2ms]
[2022-08-28T00:14:47.701Z] > git config --get commit.template [1ms]
[2022-08-28T00:14:52.735Z] > git status -z -uall [29ms]
[2022-08-28T00:14:52.740Z] > git symbolic-ref --short HEAD [0ms]
[2022-08-28T00:14:52.744Z] > git for-each-ref --format=%(refname)%00%(upstream:short)%00%(objectname)%00%(upstream:track)%00%(upstream:remotename)%00%(upstream:remoteref) refs/heads/master refs/remotes/master [1ms]
[2022-08-28T00:14:52.751Z] > git for-each-ref --sort -committerdate --format %(refname) %(objectname) %(*objectname) [3ms]
[2022-08-28T00:14:52.752Z] > git remote --verbose [1ms]
[2022-08-28T00:14:52.757Z] > git config --get commit.template [1ms]
[2022-08-28T00:14:53.415Z] > git check-ignore -v -z --stdin [3ms]
[2022-08-28T00:14:57.792Z] > git status -z -uall [31ms]
[2022-08-28T00:14:57.797Z] > git symbolic-ref --short HEAD [0ms]
[2022-08-28T00:14:57.803Z] > git for-each-ref --format=%(refname)%00%(upstream:short)%00%(objectname)%00%(upstream:track)%00%(upstream:remotename)%00%(upstream:remoteref) refs/heads/master refs/remotes/master [1ms]
[2022-08-28T00:14:57.810Z] > git for-each-ref --sort -committerdate --format %(refname) %(objectname) %(*objectname) [4ms]
[2022-08-28T00:14:57.810Z] > git remote --verbose [0ms]
[2022-08-28T00:14:57.816Z] > git config --get commit.template [1ms]
[2022-08-28T00:15:02.855Z] > git status -z -uall [31ms]
[2022-08-28T00:15:02.860Z] > git symbolic-ref --short HEAD [1ms]
[2022-08-28T00:15:02.866Z] > git for-each-ref --format=%(refname)%00%(upstream:short)%00%(objectname)%00%(upstream:track)%00%(upstream:remotename)%00%(upstream:remoteref) refs/heads/master refs/remotes/master [1ms]
[2022-08-28T00:15:02.875Z] > git for-each-ref --sort -committerdate --format %(refname) %(objectname) %(*objectname) [5ms]
[2022-08-28T00:15:02.875Z] > git remote --verbose [1ms]
[2022-08-28T00:15:02.881Z] > git config --get commit.template [1ms]
[2022-08-28T00:15:07.920Z] > git status -z -uall [33ms]
[2022-08-28T00:15:07.926Z] > git symbolic-ref --short HEAD [1ms]
[2022-08-28T00:15:07.932Z] > git for-each-ref --format=%(refname)%00%(upstream:short)%00%(objectname)%00%(upstream:track)%00%(upstream:remotename)%00%(upstream:remoteref) refs/heads/master refs/remotes/master [1ms]
[2022-08-28T00:15:07.941Z] > git for-each-ref --sort -committerdate --format %(refname) %(objectname) %(*objectname) [5ms]
[2022-08-28T00:15:07.941Z] > git remote --verbose [1ms]
[2022-08-28T00:15:07.948Z] > git config --get commit.template [1ms]
[2022-08-28T00:15:12.991Z] > git status -z -uall [29ms]
[2022-08-28T00:15:12.996Z] > git symbolic-ref --short HEAD [0ms]
[2022-08-28T00:15:13.001Z] > git for-each-ref --format=%(refname)%00%(upstream:short)%00%(objectname)%00%(upstream:track)%00%(upstream:remotename)%00%(upstream:remoteref) refs/heads/master refs/remotes/master [1ms]
[2022-08-28T00:15:13.007Z] > git for-each-ref --sort -committerdate --format %(refname) %(objectname) %(*objectname) [3ms]
[2022-08-28T00:15:13.008Z] > git remote --verbose [1ms]
[2022-08-28T00:15:13.013Z] > git config --get commit.template [1ms]
[2022-08-28T00:15:18.048Z] > git status -z -uall [31ms]
[2022-08-28T00:15:18.053Z] > git symbolic-ref --short HEAD [1ms]
[2022-08-28T00:15:18.057Z] > git for-each-ref --format=%(refname)%00%(upstream:short)%00%(objectname)%00%(upstream:track)%00%(upstream:remotename)%00%(upstream:remoteref) refs/heads/master refs/remotes/master [0ms]
[2022-08-28T00:15:18.065Z] > git for-each-ref --sort -committerdate --format %(refname) %(objectname) %(*objectname) [4ms]
[2022-08-28T00:15:18.065Z] > git remote --verbose [1ms]
[2022-08-28T00:15:18.071Z] > git config --get commit.template [1ms]
[2022-08-28T00:15:23.111Z] > git status -z -uall [28ms]
[2022-08-28T00:15:23.116Z] > git symbolic-ref --short HEAD [1ms]
[2022-08-28T00:15:23.120Z] > git for-each-ref --format=%(refname)%00%(upstream:short)%00%(objectname)%00%(upstream:track)%00%(upstream:remotename)%00%(upstream:remoteref) refs/heads/master refs/remotes/master [1ms]
[2022-08-28T00:15:23.126Z] > git for-each-ref --sort -committerdate --format %(refname) %(objectname) %(*objectname) [3ms]
[2022-08-28T00:15:23.127Z] > git remote --verbose [1ms]
[2022-08-28T00:15:23.132Z] > git config --get commit.template [1ms]
[2022-08-28T00:15:28.223Z] > git status -z -uall [32ms]
[2022-08-28T00:15:28.230Z] > git symbolic-ref --short HEAD [1ms]
[2022-08-28T00:15:28.236Z] > git for-each-ref --format=%(refname)%00%(upstream:short)%00%(objectname)%00%(upstream:track)%00%(upstream:remotename)%00%(upstream:remoteref) refs/heads/master refs/remotes/master [1ms]
[2022-08-28T00:15:28.247Z] > git for-each-ref --sort -committerdate --format %(refname) %(objectname) %(*objectname) [7ms]
[2022-08-28T00:15:28.247Z] > git remote --verbose [1ms]
[2022-08-28T00:15:28.255Z] > git config --get commit.template [1ms]
[2022-08-28T00:15:33.291Z] > git status -z -uall [30ms]
[2022-08-28T00:15:33.297Z] > git symbolic-ref --short HEAD [1ms]
[2022-08-28T00:15:33.303Z] > git for-each-ref --format=%(refname)%00%(upstream:short)%00%(objectname)%00%(upstream:track)%00%(upstream:remotename)%00%(upstream:remoteref) refs/heads/master refs/remotes/master [1ms]
[2022-08-28T00:15:33.310Z] > git for-each-ref --sort -committerdate --format %(refname) %(objectname) %(*objectname) [4ms]
[2022-08-28T00:15:33.310Z] > git remote --verbose [1ms]
[2022-08-28T00:15:33.317Z] > git config --get commit.template [1ms]
[2022-08-28T00:15:38.352Z] > git status -z -uall [28ms]
[2022-08-28T00:15:38.357Z] > git symbolic-ref --short HEAD [1ms]
[2022-08-28T00:15:38.362Z] > git for-each-ref --format=%(refname)%00%(upstream:short)%00%(objectname)%00%(upstream:track)%00%(upstream:remotename)%00%(upstream:remoteref) refs/heads/master refs/remotes/master [1ms]
[2022-08-28T00:15:38.370Z] > git for-each-ref --sort -committerdate --format %(refname) %(objectname) %(*objectname) [4ms]
[2022-08-28T00:15:38.371Z] > git remote --verbose [1ms]
[2022-08-28T00:15:38.375Z] > git config --get commit.template [0ms]
[2022-08-28T00:15:43.416Z] > git status -z -uall [28ms]
[2022-08-28T00:15:43.422Z] > git symbolic-ref --short HEAD [1ms]
[2022-08-28T00:15:43.426Z] > git for-each-ref --format=%(refname)%00%(upstream:short)%00%(objectname)%00%(upstream:track)%00%(upstream:remotename)%00%(upstream:remoteref) refs/heads/master refs/remotes/master [1ms]
[2022-08-28T00:15:43.434Z] > git for-each-ref --sort -committerdate --format %(refname) %(objectname) %(*objectname) [4ms]
[2022-08-28T00:15:43.434Z] > git remote --verbose [1ms]
[2022-08-28T00:15:43.440Z] > git config --get commit.template [1ms]
[2022-08-28T00:15:48.774Z] > git status -z -uall [28ms]
[2022-08-28T00:15:48.780Z] > git symbolic-ref --short HEAD [1ms]
[2022-08-28T00:15:48.784Z] > git for-each-ref --format=%(refname)%00%(upstream:short)%00%(objectname)%00%(upstream:track)%00%(upstream:remotename)%00%(upstream:remoteref) refs/heads/master refs/remotes/master [1ms]
[2022-08-28T00:15:48.791Z] > git for-each-ref --sort -committerdate --format %(refname) %(objectname) %(*objectname) [4ms]
[2022-08-28T00:15:48.791Z] > git remote --verbose [0ms]
[2022-08-28T00:15:48.797Z] > git config --get commit.template [1ms]
[2022-08-28T00:15:51.662Z] > git show --textconv :pythonfiles/tcpserver.py [5ms]
[2022-08-28T00:15:51.663Z] > git ls-files --stage -- /home/jordanyx/pythonfiles/tcpserver.py [2ms]
[2022-08-28T00:15:51.668Z] > git cat-file -s b3552bd5f623040bdcf9b36a6047fd5a81df6ace [0ms]
[2022-08-28T00:15:53.835Z] > git status -z -uall [28ms]
[2022-08-28T00:15:53.840Z] > git symbolic-ref --short HEAD [1ms]
[2022-08-28T00:15:53.845Z] > git for-each-ref --format=%(refname)%00%(upstream:short)%00%(objectname)%00%(upstream:track)%00%(upstream:remotename)%00%(upstream:remoteref) refs/heads/master refs/remotes/master [1ms]
[2022-08-28T00:15:53.854Z] > git for-each-ref --sort -committerdate --format %(refname) %(objectname) %(*objectname) [4ms]
[2022-08-28T00:15:53.854Z] > git remote --verbose [1ms]
[2022-08-28T00:15:53.860Z] > git config --get commit.template [1ms]
[2022-08-28T00:15:58.896Z] > git status -z -uall [30ms]
[2022-08-28T00:15:58.901Z] > git symbolic-ref --short HEAD [0ms]
[2022-08-28T00:15:58.906Z] > git for-each-ref --format=%(refname)%00%(upstream:short)%00%(objectname)%00%(upstream:track)%00%(upstream:remotename)%00%(upstream:remoteref) refs/heads/master refs/remotes/master [1ms]
[2022-08-28T00:15:58.914Z] > git for-each-ref --sort -committerdate --format %(refname) %(objectname) %(*objectname) [3ms]
[2022-08-28T00:15:58.915Z] > git remote --verbose [1ms]
[2022-08-28T00:15:58.920Z] > git config --get commit.template [1ms]
[2022-08-28T00:16:03.953Z] > git status -z -uall [28ms]
[2022-08-28T00:16:03.959Z] > git symbolic-ref --short HEAD [0ms]
[2022-08-28T00:16:03.965Z] > git for-each-ref --format=%(refname)%00%(upstream:short)%00%(objectname)%00%(upstream:track)%00%(upstream:remotename)%00%(upstream:remoteref) refs/heads/master refs/remotes/master [1ms]
[2022-08-28T00:16:03.973Z] > git for-each-ref --sort -committerdate --format %(refname) %(objectname) %(*objectname) [4ms]
[2022-08-28T00:16:03.973Z] > git remote --verbose [1ms]
[2022-08-28T00:16:03.978Z] > git config --get commit.template [0ms]
[2022-08-28T00:16:04.636Z] > git check-ignore -v -z --stdin [3ms]
[2022-08-28T00:16:09.013Z] > git status -z -uall [29ms]
[2022-08-28T00:16:09.019Z] > git symbolic-ref --short HEAD [1ms]
[2022-08-28T00:16:09.025Z] > git for-each-ref --format=%(refname)%00%(upstream:short)%00%(objectname)%00%(upstream:track)%00%(upstream:remotename)%00%(upstream:remoteref) refs/heads/master refs/remotes/master [1ms]
[2022-08-28T00:16:09.034Z] > git for-each-ref --sort -committerdate --format %(refname) %(objectname) %(*objectname) [5ms]
[2022-08-28T00:16:09.034Z] > git remote --verbose [1ms]
[2022-08-28T00:16:09.040Z] > git config --get commit.template [1ms]
[2022-08-28T00:16:14.078Z] > git status -z -uall [30ms]
[2022-08-28T00:16:14.083Z] > git symbolic-ref --short HEAD [1ms]
[2022-08-28T00:16:14.087Z] > git for-each-ref --format=%(refname)%00%(upstream:short)%00%(objectname)%00%(upstream:track)%00%(upstream:remotename)%00%(upstream:remoteref) refs/heads/master refs/remotes/master [1ms]
[2022-08-28T00:16:14.094Z] > git for-each-ref --sort -committerdate --format %(refname) %(objectname) %(*objectname) [4ms]
[2022-08-28T00:16:14.094Z] > git remote --verbose [1ms]
[2022-08-28T00:16:14.100Z] > git config --get commit.template [1ms]
[2022-08-28T00:16:19.135Z] > git status -z -uall [28ms]
[2022-08-28T00:16:19.142Z] > git symbolic-ref --short HEAD [1ms]
[2022-08-28T00:16:19.147Z] > git for-each-ref --format=%(refname)%00%(upstream:short)%00%(objectname)%00%(upstream:track)%00%(upstream:remotename)%00%(upstream:remoteref) refs/heads/master refs/remotes/master [1ms]
[2022-08-28T00:16:19.154Z] > git for-each-ref --sort -committerdate --format %(refname) %(objectname) %(*objectname) [3ms]
[2022-08-28T00:16:19.154Z] > git remote --verbose [1ms]
[2022-08-28T00:16:19.159Z] > git config --get commit.template [1ms]
[2022-08-28T00:16:24.196Z] > git status -z -uall [29ms]
[2022-08-28T00:16:24.201Z] > git symbolic-ref --short HEAD [1ms]
[2022-08-28T00:16:24.207Z] > git for-each-ref --format=%(refname)%00%(upstream:short)%00%(objectname)%00%(upstream:track)%00%(upstream:remotename)%00%(upstream:remoteref) refs/heads/master refs/remotes/master [2ms]
[2022-08-28T00:16:24.216Z] > git for-each-ref --sort -committerdate --format %(refname) %(objectname) %(*objectname) [4ms]
[2022-08-28T00:16:24.217Z] > git remote --verbose [1ms]
[2022-08-28T00:16:24.222Z] > git config --get commit.template [1ms]
[2022-08-28T00:16:29.278Z] > git status -z -uall [39ms]
[2022-08-28T00:16:29.284Z] > git symbolic-ref --short HEAD [1ms]
[2022-08-28T00:16:29.289Z] > git for-each-ref --format=%(refname)%00%(upstream:short)%00%(objectname)%00%(upstream:track)%00%(upstream:remotename)%00%(upstream:remoteref) refs/heads/master refs/remotes/master [1ms]
[2022-08-28T00:16:29.300Z] > git for-each-ref --sort -committerdate --format %(refname) %(objectname) %(*objectname) [5ms]
[2022-08-28T00:16:29.300Z] > git remote --verbose [1ms]
[2022-08-28T00:16:29.307Z] > git config --get commit.template [1ms]
[2022-08-28T00:16:34.350Z] > git status -z -uall [31ms]
[2022-08-28T00:16:34.355Z] > git symbolic-ref --short HEAD [0ms]
[2022-08-28T00:16:34.361Z] > git for-each-ref --format=%(refname)%00%(upstream:short)%00%(objectname)%00%(upstream:track)%00%(upstream:remotename)%00%(upstream:remoteref) refs/heads/master refs/remotes/master [1ms]
[2022-08-28T00:16:34.369Z] > git for-each-ref --sort -committerdate --format %(refname) %(objectname) %(*objectname) [4ms]
[2022-08-28T00:16:34.369Z] > git remote --verbose [1ms]
[2022-08-28T00:16:34.378Z] > git config --get commit.template [4ms]
[2022-08-28T00:16:39.425Z] > git status -z -uall [29ms]
[2022-08-28T00:16:39.430Z] > git symbolic-ref --short HEAD [1ms]
[2022-08-28T00:16:39.435Z] > git for-each-ref --format=%(refname)%00%(upstream:short)%00%(objectname)%00%(upstream:track)%00%(upstream:remotename)%00%(upstream:remoteref) refs/heads/master refs/remotes/master [1ms]
[2022-08-28T00:16:39.443Z] > git for-each-ref --sort -committerdate --format %(refname) %(objectname) %(*objectname) [4ms]
[2022-08-28T00:16:39.444Z] > git remote --verbose [1ms]
[2022-08-28T00:16:39.449Z] > git config --get commit.template [0ms]
[2022-08-28T00:16:40.575Z] > git remote add git@github.com-jmon360/blackhatpython.git https://github.com/jmon360/blackhatpython.git [0ms]
[2022-08-28T00:16:40.575Z] error: remote git@github.com-jmon360/blackhatpython.git already exists.
[2022-08-28T00:16:44.487Z] > git status -z -uall [28ms]
[2022-08-28T00:16:44.492Z] > git symbolic-ref --short HEAD [0ms]
[2022-08-28T00:16:44.498Z] > git for-each-ref --format=%(refname)%00%(upstream:short)%00%(objectname)%00%(upstream:track)%00%(upstream:remotename)%00%(upstream:remoteref) refs/heads/master refs/remotes/master [1ms]
[2022-08-28T00:16:44.507Z] > git for-each-ref --sort -committerdate --format %(refname) %(objectname) %(*objectname) [5ms]
[2022-08-28T00:16:44.507Z] > git remote --verbose [1ms]
[2022-08-28T00:16:44.513Z] > git config --get commit.template [1ms]
[2022-08-28T00:16:49.597Z] > git status -z -uall [29ms]
[2022-08-28T00:16:49.603Z] > git symbolic-ref --short HEAD [1ms]
[2022-08-28T00:16:49.607Z] > git for-each-ref --format=%(refname)%00%(upstream:short)%00%(objectname)%00%(upstream:track)%00%(upstream:remotename)%00%(upstream:remoteref) refs/heads/master refs/remotes/master [0ms]
[2022-08-28T00:16:49.617Z] > git for-each-ref --sort -committerdate --format %(refname) %(objectname) %(*objectname) [6ms]
[2022-08-28T00:16:49.617Z] > git remote --verbose [1ms]
[2022-08-28T00:16:49.624Z] > git config --get commit.template [1ms]
[2022-08-28T00:16:54.658Z] > git status -z -uall [28ms]
[2022-08-28T00:16:54.663Z] > git symbolic-ref --short HEAD [0ms]
[2022-08-28T00:16:54.667Z] > git for-each-ref --format=%(refname)%00%(upstream:short)%00%(objectname)%00%(upstream:track)%00%(upstream:remotename)%00%(upstream:remoteref) refs/heads/master refs/remotes/master [0ms]
[2022-08-28T00:16:54.677Z] > git for-each-ref --sort -committerdate --format %(refname) %(objectname) %(*objectname) [4ms]
[2022-08-28T00:16:54.678Z] > git remote --verbose [2ms]
[2022-08-28T00:16:54.685Z] > git config --get commit.template [1ms]
[2022-08-28T00:16:59.772Z] > git status -z -uall [27ms]
[2022-08-28T00:16:59.777Z] > git symbolic-ref --short HEAD [0ms]
[2022-08-28T00:16:59.782Z] > git for-each-ref --format=%(refname)%00%(upstream:short)%00%(objectname)%00%(upstream:track)%00%(upstream:remotename)%00%(upstream:remoteref) refs/heads/master refs/remotes/master [1ms]
[2022-08-28T00:16:59.791Z] > git for-each-ref --sort -committerdate --format %(refname) %(objectname) %(*objectname) [5ms]
[2022-08-28T00:16:59.791Z] > git remote --verbose [1ms]
[2022-08-28T00:16:59.798Z] > git config --get commit.template [1ms]
[2022-08-28T00:17:04.836Z] > git status -z -uall [29ms]
[2022-08-28T00:17:04.841Z] > git symbolic-ref --short HEAD [1ms]
[2022-08-28T00:17:04.845Z] > git for-each-ref --format=%(refname)%00%(upstream:short)%00%(objectname)%00%(upstream:track)%00%(upstream:remotename)%00%(upstream:remoteref) refs/heads/master refs/remotes/master [1ms]
[2022-08-28T00:17:04.854Z] > git for-each-ref --sort -committerdate --format %(refname) %(objectname) %(*objectname) [5ms]
[2022-08-28T00:17:04.854Z] > git remote --verbose [2ms]
[2022-08-28T00:17:04.859Z] > git config --get commit.template [0ms]
[2022-08-28T00:17:09.897Z] > git status -z -uall [31ms]
[2022-08-28T00:17:09.903Z] > git symbolic-ref --short HEAD [1ms]
[2022-08-28T00:17:09.910Z] > git for-each-ref --format=%(refname)%00%(upstream:short)%00%(objectname)%00%(upstream:track)%00%(upstream:remotename)%00%(upstream:remoteref) refs/heads/master refs/remotes/master [1ms]
[2022-08-28T00:17:09.920Z] > git for-each-ref --sort -committerdate --format %(refname) %(objectname) %(*objectname) [5ms]
[2022-08-28T00:17:09.920Z] > git remote --verbose [2ms]
[2022-08-28T00:17:09.928Z] > git config --get commit.template [1ms]
[2022-08-28T00:17:14.965Z] > git status -z -uall [31ms]
[2022-08-28T00:17:14.970Z] > git symbolic-ref --short HEAD [1ms]
[2022-08-28T00:17:14.975Z] > git for-each-ref --format=%(refname)%00%(upstream:short)%00%(objectname)%00%(upstream:track)%00%(upstream:remotename)%00%(upstream:remoteref) refs/heads/master refs/remotes/master [1ms]
[2022-08-28T00:17:14.984Z] > git for-each-ref --sort -committerdate --format %(refname) %(objectname) %(*objectname) [5ms]
[2022-08-28T00:17:14.985Z] > git remote --verbose [2ms]
[2022-08-28T00:17:14.990Z] > git config --get commit.template [1ms]
[2022-08-28T00:17:20.024Z] > git status -z -uall [27ms]
[2022-08-28T00:17:20.029Z] > git symbolic-ref --short HEAD [0ms]
[2022-08-28T00:17:20.034Z] > git for-each-ref --format=%(refname)%00%(upstream:short)%00%(objectname)%00%(upstream:track)%00%(upstream:remotename)%00%(upstream:remoteref) refs/heads/master refs/remotes/master [0ms]
[2022-08-28T00:17:20.044Z] > git for-each-ref --sort -committerdate --format %(refname) %(objectname) %(*objectname) [5ms]
[2022-08-28T00:17:20.044Z] > git remote --verbose [1ms]
[2022-08-28T00:17:20.052Z] > git config --get commit.template [2ms]
[2022-08-28T00:17:25.274Z] > git status -z -uall [29ms]
[2022-08-28T00:17:25.278Z] > git symbolic-ref --short HEAD [0ms]
[2022-08-28T00:17:25.283Z] > git for-each-ref --format=%(refname)%00%(upstream:short)%00%(objectname)%00%(upstream:track)%00%(upstream:remotename)%00%(upstream:remoteref) refs/heads/master refs/remotes/master [1ms]
[2022-08-28T00:17:25.292Z] > git for-each-ref --sort -committerdate --format %(refname) %(objectname) %(*objectname) [5ms]
[2022-08-28T00:17:25.292Z] > git remote --verbose [1ms]
[2022-08-28T00:17:25.298Z] > git config --get commit.template [1ms]
