[Info  - 00:09:29.611] Reading sessions from keychain...
[Info  - 00:09:29.649] Getting sessions for user:email...
[Trace  - 00:09:29.656] Token acquired from secret storage.
[Info  - 00:09:29.656] Got stored sessions!
[Trace  - 00:09:29.656] Read the following session from the keychain with the following scopes: read:user repo user:email workflow
[Info  - 00:09:29.656] Got 1 verified sessions.
[Info  - 00:09:29.657] Got 0 sessions for user:email...
[Info  - 00:09:30.99] Getting sessions for all scopes...
[Info  - 00:09:30.99] Got 1 sessions for ...
[Info  - 00:16:02.27] Getting sessions for read:user,repo,user:email,workflow...
[Info  - 00:16:02.27] Got 1 sessions for read:user,repo,user:email,workflow...
[Info  - 00:46:18.28] Getting sessions for read:user,repo,user:email,workflow...
[Info  - 00:46:18.28] Got 1 sessions for read:user,repo,user:email,workflow...
[Info  - 00:47:18.747] Getting sessions for read:user,repo,user:email,workflow...
[Info  - 00:47:18.747] Got 1 sessions for read:user,repo,user:email,workflow...
[Info  - 00:47:25.359] Getting sessions for read:user,repo,user:email,workflow...
[Info  - 00:47:25.360] Got 1 sessions for read:user,repo,user:email,workflow...
[Info  - 00:48:37.695] Getting sessions for read:user,repo,user:email,workflow...
[Info  - 00:48:37.696] Got 1 sessions for read:user,repo,user:email,workflow...
[Info  - 00:49:02.173] Getting sessions for read:user,repo,user:email,workflow...
[Info  - 00:49:02.174] Got 1 sessions for read:user,repo,user:email,workflow...
[Info  - 00:49:27.804] Getting sessions for read:user,repo,user:email,workflow...
[Info  - 00:49:27.804] Got 1 sessions for read:user,repo,user:email,workflow...
[Info  - 00:49:34.972] Getting sessions for read:user,repo,user:email,workflow...
[Info  - 00:49:34.972] Got 1 sessions for read:user,repo,user:email,workflow...
