[2022-08-27 18:25:22.515] [exthost] [info] Extension host with pid 31082 started
[2022-08-27 18:25:22.515] [exthost] [info] Skipping acquiring lock for /home/jordanyx/.config/Code/User/workspaceStorage/8b1126c4e2d12b753b0cd7bd77240697.
[2022-08-27 18:25:22.680] [exthost] [info] ExtensionService#_doActivateExtension ms-python.python, startup: false, activationEvent: 'onLanguage:python'
[2022-08-27 18:25:22.745] [exthost] [info] ExtensionService#_doActivateExtension ms-toolsai.jupyter, startup: false, activationEvent: 'onLanguage:python'
[2022-08-27 18:25:22.838] [exthost] [info] ExtensionService#_doActivateExtension vscode.microsoft-authentication, startup: false, activationEvent: 'onAuthenticationRequest:microsoft'
[2022-08-27 18:25:22.858] [exthost] [info] ExtensionService#_doActivateExtension vscode.debug-auto-launch, startup: true, activationEvent: '*'
[2022-08-27 18:25:22.860] [exthost] [info] ExtensionService#_doActivateExtension vscode.git-base, startup: true, activationEvent: '*', root cause: vscode.git
[2022-08-27 18:25:22.861] [exthost] [info] ExtensionService#_doActivateExtension vscode.ipynb, startup: true, activationEvent: '*'
[2022-08-27 18:25:23.246] [exthost] [info] ExtensionService#_doActivateExtension vscode.git, startup: true, activationEvent: '*'
[2022-08-27 18:25:23.260] [exthost] [info] ExtensionService#_doActivateExtension vscode.github, startup: true, activationEvent: '*'
[2022-08-27 18:25:23.271] [exthost] [info] ExtensionService#_doActivateExtension ms-toolsai.jupyter-renderers, startup: false, activationEvent: 'api', root cause: ms-toolsai.jupyter
[2022-08-27 18:25:23.330] [exthost] [info] ExtensionService#_doActivateExtension ms-python.vscode-pylance, startup: false, activationEvent: 'onLanguage:python'
[2022-08-27 18:25:23.435] [exthost] [info] Eager extensions activated
[2022-08-27 18:25:23.460] [exthost] [info] ExtensionService#_doActivateExtension vscode.github-authentication, startup: false, activationEvent: 'onAuthenticationRequest:github'
[2022-08-27 18:25:23.472] [exthost] [info] ExtensionService#_doActivateExtension vscode.emmet, startup: false, activationEvent: 'onStartupFinished'
[2022-08-27 18:25:23.478] [exthost] [info] ExtensionService#_doActivateExtension vscode.merge-conflict, startup: false, activationEvent: 'onStartupFinished'
[2022-08-27 18:25:23.573] [exthost] [info] ExtensionService#_doActivateExtension vscode.configuration-editing, startup: false, activationEvent: 'onLanguage:jsonc'
[2022-08-27 18:25:23.575] [exthost] [info] ExtensionService#_doActivateExtension vscode.json-language-features, startup: false, activationEvent: 'onLanguage:jsonc'
[2022-08-27 18:25:23.589] [exthost] [info] ExtensionService#_doActivateExtension vscode.typescript-language-features, startup: false, activationEvent: 'onLanguage:jsonc'
[2022-08-27 18:41:23.365] [exthost] [info] ExtensionService#_doActivateExtension vscode.extension-editing, startup: false, activationEvent: 'onLanguage:json'
[2022-08-27 18:41:23.382] [exthost] [info] ExtensionService#_doActivateExtension vscode.npm, startup: false, activationEvent: 'onLanguage:json'
[2022-08-27 19:09:19.331] [exthost] [info] Extension host terminating: received terminate message from renderer
[2022-08-27 19:09:19.350] [exthost] [error] Canceled: Canceled
	at Object.R [as canceled] (/usr/share/code/resources/app/out/vs/workbench/api/node/extensionHostProcess.js:7:1204)
	at /usr/share/code/resources/app/out/vs/workbench/api/node/extensionHostProcess.js:95:9094
	at Array.forEach (<anonymous>)
	at o.dispose (/usr/share/code/resources/app/out/vs/workbench/api/node/extensionHostProcess.js:95:9042)
	at w.terminate (/usr/share/code/resources/app/out/vs/workbench/api/node/extensionHostProcess.js:97:10969)
	at w.terminate (/usr/share/code/resources/app/out/vs/workbench/api/node/extensionHostProcess.js:101:620)
	at m (/usr/share/code/resources/app/out/vs/workbench/api/node/extensionHostProcess.js:111:19088)
	at /usr/share/code/resources/app/out/vs/workbench/api/node/extensionHostProcess.js:111:17016
	at w.invoke (/usr/share/code/resources/app/out/vs/workbench/api/node/extensionHostProcess.js:61:145)
	at b.deliver (/usr/share/code/resources/app/out/vs/workbench/api/node/extensionHostProcess.js:61:2266)
	at p.fire (/usr/share/code/resources/app/out/vs/workbench/api/node/extensionHostProcess.js:61:1844)
	at c.fire (/usr/share/code/resources/app/out/vs/workbench/api/node/extensionHostProcess.js:69:19006)
	at i._receiveMessage (/usr/share/code/resources/app/out/vs/workbench/api/node/extensionHostProcess.js:69:23593)
	at /usr/share/code/resources/app/out/vs/workbench/api/node/extensionHostProcess.js:69:21127
	at w.invoke (/usr/share/code/resources/app/out/vs/workbench/api/node/extensionHostProcess.js:61:145)
	at b.deliver (/usr/share/code/resources/app/out/vs/workbench/api/node/extensionHostProcess.js:61:2266)
	at p.fire (/usr/share/code/resources/app/out/vs/workbench/api/node/extensionHostProcess.js:61:1844)
	at p.acceptChunk (/usr/share/code/resources/app/out/vs/workbench/api/node/extensionHostProcess.js:69:15837)
	at /usr/share/code/resources/app/out/vs/workbench/api/node/extensionHostProcess.js:69:14967
	at Socket.l (/usr/share/code/resources/app/out/vs/workbench/api/node/extensionHostProcess.js:69:26303)
	at Socket.emit (node:events:390:28)
	at addChunk (node:internal/streams/readable:315:12)
	at readableAddChunk (node:internal/streams/readable:289:9)
	at Socket.Readable.push (node:internal/streams/readable:228:10)
	at Pipe.onStreamRead (node:internal/stream_base_commons:199:23) git.commit {"value":"vscode.git","_lower":"vscode.git"}
[2022-08-27 19:09:19.351] [exthost] [error] Canceled: Canceled
	at Object.R [as canceled] (/usr/share/code/resources/app/out/vs/workbench/api/node/extensionHostProcess.js:7:1204)
	at /usr/share/code/resources/app/out/vs/workbench/api/node/extensionHostProcess.js:95:9094
	at Array.forEach (<anonymous>)
	at o.dispose (/usr/share/code/resources/app/out/vs/workbench/api/node/extensionHostProcess.js:95:9042)
	at w.terminate (/usr/share/code/resources/app/out/vs/workbench/api/node/extensionHostProcess.js:97:10969)
	at w.terminate (/usr/share/code/resources/app/out/vs/workbench/api/node/extensionHostProcess.js:101:620)
	at m (/usr/share/code/resources/app/out/vs/workbench/api/node/extensionHostProcess.js:111:19088)
	at /usr/share/code/resources/app/out/vs/workbench/api/node/extensionHostProcess.js:111:17016
	at w.invoke (/usr/share/code/resources/app/out/vs/workbench/api/node/extensionHostProcess.js:61:145)
	at b.deliver (/usr/share/code/resources/app/out/vs/workbench/api/node/extensionHostProcess.js:61:2266)
	at p.fire (/usr/share/code/resources/app/out/vs/workbench/api/node/extensionHostProcess.js:61:1844)
	at c.fire (/usr/share/code/resources/app/out/vs/workbench/api/node/extensionHostProcess.js:69:19006)
	at i._receiveMessage (/usr/share/code/resources/app/out/vs/workbench/api/node/extensionHostProcess.js:69:23593)
	at /usr/share/code/resources/app/out/vs/workbench/api/node/extensionHostProcess.js:69:21127
	at w.invoke (/usr/share/code/resources/app/out/vs/workbench/api/node/extensionHostProcess.js:61:145)
	at b.deliver (/usr/share/code/resources/app/out/vs/workbench/api/node/extensionHostProcess.js:61:2266)
	at p.fire (/usr/share/code/resources/app/out/vs/workbench/api/node/extensionHostProcess.js:61:1844)
	at p.acceptChunk (/usr/share/code/resources/app/out/vs/workbench/api/node/extensionHostProcess.js:69:15837)
	at /usr/share/code/resources/app/out/vs/workbench/api/node/extensionHostProcess.js:69:14967
	at Socket.l (/usr/share/code/resources/app/out/vs/workbench/api/node/extensionHostProcess.js:69:26303)
	at Socket.emit (node:events:390:28)
	at addChunk (node:internal/streams/readable:315:12)
	at readableAddChunk (node:internal/streams/readable:289:9)
	at Socket.Readable.push (node:internal/streams/readable:228:10)
	at Pipe.onStreamRead (node:internal/stream_base_commons:199:23) _vscode_delegate_cmd_l7cj6aby undefined
[2022-08-27 19:09:19.355] [exthost] [error] Error: read ECONNRESET
	at Pipe.onStreamRead (node:internal/stream_base_commons:220:20)
[2022-08-27 19:09:19.357] [exthost] [info] Extension host with pid 31082 exiting with code 0
