[2022-08-27 18:08:53.957] [exthost] [info] Extension host with pid 25745 started
[2022-08-27 18:08:53.957] [exthost] [info] Skipping acquiring lock for /home/jordanyx/.config/Code/User/workspaceStorage/501f7acab12299420e37e7f891b3c213.
[2022-08-27 18:08:54.106] [exthost] [info] ExtensionService#_doActivateExtension vscode.microsoft-authentication, startup: false, activationEvent: 'onAuthenticationRequest:microsoft'
[2022-08-27 18:08:54.123] [exthost] [info] ExtensionService#_doActivateExtension vscode.debug-auto-launch, startup: true, activationEvent: '*'
[2022-08-27 18:08:54.125] [exthost] [info] ExtensionService#_doActivateExtension vscode.git-base, startup: true, activationEvent: '*', root cause: vscode.git
[2022-08-27 18:08:54.127] [exthost] [info] ExtensionService#_doActivateExtension vscode.ipynb, startup: true, activationEvent: '*'
[2022-08-27 18:08:54.168] [exthost] [info] ExtensionService#_doActivateExtension vscode.git, startup: true, activationEvent: '*'
[2022-08-27 18:08:54.186] [exthost] [info] ExtensionService#_doActivateExtension vscode.github, startup: true, activationEvent: '*'
[2022-08-27 18:08:54.240] [exthost] [info] Eager extensions activated
[2022-08-27 18:08:54.256] [exthost] [info] ExtensionService#_doActivateExtension vscode.emmet, startup: false, activationEvent: 'onStartupFinished'
[2022-08-27 18:08:54.264] [exthost] [info] ExtensionService#_doActivateExtension vscode.merge-conflict, startup: false, activationEvent: 'onStartupFinished'
[2022-08-27 18:08:54.268] [exthost] [info] ExtensionService#_doActivateExtension vscode.github-authentication, startup: false, activationEvent: 'onAuthenticationRequest:github'
[2022-08-27 18:09:25.728] [exthost] [info] Extension host terminating: received terminate message from renderer
[2022-08-27 18:09:25.734] [exthost] [info] Extension host with pid 25745 exiting with code 0
[2022-08-27 18:09:27.100] [exthost] [info] Extension host with pid 26026 started
[2022-08-27 18:09:27.100] [exthost] [info] Skipping acquiring lock for /home/jordanyx/.config/Code/User/workspaceStorage/8b1126c4e2d12b753b0cd7bd77240697.
[2022-08-27 18:09:27.262] [exthost] [info] ExtensionService#_doActivateExtension vscode.microsoft-authentication, startup: false, activationEvent: 'onAuthenticationRequest:microsoft'
[2022-08-27 18:09:27.280] [exthost] [info] ExtensionService#_doActivateExtension vscode.debug-auto-launch, startup: true, activationEvent: '*'
[2022-08-27 18:09:27.283] [exthost] [info] ExtensionService#_doActivateExtension vscode.git-base, startup: true, activationEvent: '*', root cause: vscode.git
[2022-08-27 18:09:27.285] [exthost] [info] ExtensionService#_doActivateExtension vscode.ipynb, startup: true, activationEvent: '*'
[2022-08-27 18:09:27.332] [exthost] [info] ExtensionService#_doActivateExtension vscode.git, startup: true, activationEvent: '*'
[2022-08-27 18:09:27.349] [exthost] [info] ExtensionService#_doActivateExtension vscode.github, startup: true, activationEvent: '*'
[2022-08-27 18:09:27.389] [exthost] [info] Eager extensions activated
[2022-08-27 18:09:27.400] [exthost] [info] ExtensionService#_doActivateExtension vscode.emmet, startup: false, activationEvent: 'onStartupFinished'
[2022-08-27 18:09:27.406] [exthost] [info] ExtensionService#_doActivateExtension vscode.merge-conflict, startup: false, activationEvent: 'onStartupFinished'
[2022-08-27 18:09:27.408] [exthost] [info] ExtensionService#_doActivateExtension vscode.github-authentication, startup: false, activationEvent: 'onAuthenticationRequest:github'
[2022-08-27 18:09:48.729] [exthost] [info] ExtensionService#_doActivateExtension ms-python.python, startup: false, activationEvent: 'onLanguage:python'
[2022-08-27 18:09:48.813] [exthost] [info] ExtensionService#_doActivateExtension ms-toolsai.jupyter, startup: false, activationEvent: 'onLanguage:python'
[2022-08-27 18:09:49.319] [exthost] [info] ExtensionService#_doActivateExtension ms-toolsai.jupyter-renderers, startup: false, activationEvent: 'api', root cause: ms-toolsai.jupyter
[2022-08-27 18:09:49.408] [exthost] [info] ExtensionService#_doActivateExtension ms-python.vscode-pylance, startup: false, activationEvent: 'onLanguage:python'
[2022-08-27 18:09:49.511] [exthost] [info] ExtensionService#_doActivateExtension vscode.configuration-editing, startup: false, activationEvent: 'onLanguage:jsonc'
[2022-08-27 18:09:49.513] [exthost] [info] ExtensionService#_doActivateExtension vscode.json-language-features, startup: false, activationEvent: 'onLanguage:jsonc'
[2022-08-27 18:09:49.524] [exthost] [info] ExtensionService#_doActivateExtension vscode.typescript-language-features, startup: false, activationEvent: 'onLanguage:jsonc'
[2022-08-27 18:25:14.194] [exthost] [info] Extension host terminating: received terminate message from renderer
[2022-08-27 18:25:14.217] [exthost] [error] Canceled: Canceled
	at new D (/usr/share/code/resources/app/out/vs/workbench/api/node/extensionHostProcess.js:85:42878)
	at o._remoteCall (/usr/share/code/resources/app/out/vs/workbench/api/node/extensionHostProcess.js:95:13748)
	at Proxy.A.<computed>.B.charCodeAt.A.<computed> (/usr/share/code/resources/app/out/vs/workbench/api/node/extensionHostProcess.js:95:10303)
	at y.showMessage (/usr/share/code/resources/app/out/vs/workbench/api/node/extensionHostProcess.js:87:90068)
	at Object.showErrorMessage (/usr/share/code/resources/app/out/vs/workbench/api/node/extensionHostProcess.js:106:41730)
	at /usr/share/code/resources/app/extensions/git/dist/main.js:2:1036961
	at processTicksAndRejections (node:internal/process/task_queues:96:5)
	at async a._executeContributedCommand (/usr/share/code/resources/app/out/vs/workbench/api/node/extensionHostProcess.js:85:63914) git.refresh {"value":"vscode.git","_lower":"vscode.git"}
[2022-08-27 18:25:14.217] [exthost] [error] Canceled: Canceled
	at new D (/usr/share/code/resources/app/out/vs/workbench/api/node/extensionHostProcess.js:85:42878)
	at o._remoteCall (/usr/share/code/resources/app/out/vs/workbench/api/node/extensionHostProcess.js:95:13748)
	at Proxy.A.<computed>.B.charCodeAt.A.<computed> (/usr/share/code/resources/app/out/vs/workbench/api/node/extensionHostProcess.js:95:10303)
	at y.showMessage (/usr/share/code/resources/app/out/vs/workbench/api/node/extensionHostProcess.js:87:90068)
	at Object.showErrorMessage (/usr/share/code/resources/app/out/vs/workbench/api/node/extensionHostProcess.js:106:41730)
	at /usr/share/code/resources/app/extensions/git/dist/main.js:2:1036961
	at processTicksAndRejections (node:internal/process/task_queues:96:5)
	at async a._executeContributedCommand (/usr/share/code/resources/app/out/vs/workbench/api/node/extensionHostProcess.js:85:63914) git.refresh {"value":"vscode.git","_lower":"vscode.git"}
[2022-08-27 18:25:14.217] [exthost] [error] Canceled: Canceled
	at new D (/usr/share/code/resources/app/out/vs/workbench/api/node/extensionHostProcess.js:85:42878)
	at o._remoteCall (/usr/share/code/resources/app/out/vs/workbench/api/node/extensionHostProcess.js:95:13748)
	at Proxy.A.<computed>.B.charCodeAt.A.<computed> (/usr/share/code/resources/app/out/vs/workbench/api/node/extensionHostProcess.js:95:10303)
	at y.showMessage (/usr/share/code/resources/app/out/vs/workbench/api/node/extensionHostProcess.js:87:90068)
	at Object.showErrorMessage (/usr/share/code/resources/app/out/vs/workbench/api/node/extensionHostProcess.js:106:41730)
	at /usr/share/code/resources/app/extensions/git/dist/main.js:2:1036961
	at processTicksAndRejections (node:internal/process/task_queues:96:5)
	at async a._executeContributedCommand (/usr/share/code/resources/app/out/vs/workbench/api/node/extensionHostProcess.js:85:63914) git.commit {"value":"vscode.git","_lower":"vscode.git"}
[2022-08-27 18:25:14.218] [exthost] [error] Canceled: Canceled
	at new D (/usr/share/code/resources/app/out/vs/workbench/api/node/extensionHostProcess.js:85:42878)
	at o._remoteCall (/usr/share/code/resources/app/out/vs/workbench/api/node/extensionHostProcess.js:95:13748)
	at Proxy.A.<computed>.B.charCodeAt.A.<computed> (/usr/share/code/resources/app/out/vs/workbench/api/node/extensionHostProcess.js:95:10303)
	at y.showMessage (/usr/share/code/resources/app/out/vs/workbench/api/node/extensionHostProcess.js:87:90068)
	at Object.showErrorMessage (/usr/share/code/resources/app/out/vs/workbench/api/node/extensionHostProcess.js:106:41730)
	at /usr/share/code/resources/app/extensions/git/dist/main.js:2:1036961
	at processTicksAndRejections (node:internal/process/task_queues:96:5)
	at async a._executeContributedCommand (/usr/share/code/resources/app/out/vs/workbench/api/node/extensionHostProcess.js:85:63914) git.push {"value":"vscode.git","_lower":"vscode.git"}
[2022-08-27 18:25:14.218] [exthost] [error] Canceled: Canceled
	at new D (/usr/share/code/resources/app/out/vs/workbench/api/node/extensionHostProcess.js:85:42878)
	at o._remoteCall (/usr/share/code/resources/app/out/vs/workbench/api/node/extensionHostProcess.js:95:13748)
	at Proxy.A.<computed>.B.charCodeAt.A.<computed> (/usr/share/code/resources/app/out/vs/workbench/api/node/extensionHostProcess.js:95:10303)
	at y.showMessage (/usr/share/code/resources/app/out/vs/workbench/api/node/extensionHostProcess.js:87:90068)
	at Object.showErrorMessage (/usr/share/code/resources/app/out/vs/workbench/api/node/extensionHostProcess.js:106:41730)
	at /usr/share/code/resources/app/extensions/git/dist/main.js:2:1036961
	at processTicksAndRejections (node:internal/process/task_queues:96:5)
	at async a._executeContributedCommand (/usr/share/code/resources/app/out/vs/workbench/api/node/extensionHostProcess.js:85:63914) git.push {"value":"vscode.git","_lower":"vscode.git"}
[2022-08-27 18:25:14.218] [exthost] [error] Canceled: Canceled
	at new D (/usr/share/code/resources/app/out/vs/workbench/api/node/extensionHostProcess.js:85:42878)
	at o._remoteCall (/usr/share/code/resources/app/out/vs/workbench/api/node/extensionHostProcess.js:95:13748)
	at Proxy.A.<computed>.B.charCodeAt.A.<computed> (/usr/share/code/resources/app/out/vs/workbench/api/node/extensionHostProcess.js:95:10303)
	at y.showMessage (/usr/share/code/resources/app/out/vs/workbench/api/node/extensionHostProcess.js:87:90068)
	at Object.showErrorMessage (/usr/share/code/resources/app/out/vs/workbench/api/node/extensionHostProcess.js:106:41730)
	at /usr/share/code/resources/app/extensions/git/dist/main.js:2:1036961
	at processTicksAndRejections (node:internal/process/task_queues:96:5)
	at async a._executeContributedCommand (/usr/share/code/resources/app/out/vs/workbench/api/node/extensionHostProcess.js:85:63914) git.push {"value":"vscode.git","_lower":"vscode.git"}
[2022-08-27 18:25:14.218] [exthost] [error] Canceled: Canceled
	at new D (/usr/share/code/resources/app/out/vs/workbench/api/node/extensionHostProcess.js:85:42878)
	at o._remoteCall (/usr/share/code/resources/app/out/vs/workbench/api/node/extensionHostProcess.js:95:13748)
	at Proxy.A.<computed>.B.charCodeAt.A.<computed> (/usr/share/code/resources/app/out/vs/workbench/api/node/extensionHostProcess.js:95:10303)
	at y.showMessage (/usr/share/code/resources/app/out/vs/workbench/api/node/extensionHostProcess.js:87:90068)
	at Object.showErrorMessage (/usr/share/code/resources/app/out/vs/workbench/api/node/extensionHostProcess.js:106:41730)
	at /usr/share/code/resources/app/extensions/git/dist/main.js:2:1036961
	at processTicksAndRejections (node:internal/process/task_queues:96:5)
	at async a._executeContributedCommand (/usr/share/code/resources/app/out/vs/workbench/api/node/extensionHostProcess.js:85:63914) git.push {"value":"vscode.git","_lower":"vscode.git"}
[2022-08-27 18:25:14.225] [exthost] [info] Extension host with pid 26026 exiting with code 0
