[2022-08-28 10:29:59.309] [exthost] [info] Extension host with pid 29303 started
[2022-08-28 10:29:59.309] [exthost] [info] Skipping acquiring lock for /home/jordanyx/.config/Code/User/workspaceStorage/8b1126c4e2d12b753b0cd7bd77240697.
[2022-08-28 10:29:59.444] [exthost] [info] ExtensionService#_doActivateExtension ms-python.python, startup: false, activationEvent: 'onLanguage:python'
[2022-08-28 10:29:59.501] [exthost] [info] ExtensionService#_doActivateExtension ms-toolsai.jupyter, startup: false, activationEvent: 'onLanguage:python'
[2022-08-28 10:29:59.598] [exthost] [info] ExtensionService#_doActivateExtension vscode.microsoft-authentication, startup: false, activationEvent: 'onAuthenticationRequest:microsoft'
[2022-08-28 10:29:59.621] [exthost] [info] ExtensionService#_doActivateExtension vscode.debug-auto-launch, startup: true, activationEvent: '*'
[2022-08-28 10:29:59.623] [exthost] [info] ExtensionService#_doActivateExtension vscode.git-base, startup: true, activationEvent: '*', root cause: vscode.git
[2022-08-28 10:29:59.624] [exthost] [info] ExtensionService#_doActivateExtension vscode.ipynb, startup: true, activationEvent: '*'
[2022-08-28 10:29:59.627] [exthost] [info] ExtensionService#_doActivateExtension vscode.github-authentication, startup: true, activationEvent: '*', root cause: GitHub.vscode-pull-request-github
[2022-08-28 10:30:00.032] [exthost] [info] ExtensionService#_doActivateExtension vscode.git, startup: true, activationEvent: '*'
[2022-08-28 10:30:00.046] [exthost] [info] ExtensionService#_doActivateExtension vscode.github, startup: true, activationEvent: '*'
[2022-08-28 10:30:00.049] [exthost] [info] ExtensionService#_doActivateExtension GitHub.vscode-pull-request-github, startup: true, activationEvent: '*'
[2022-08-28 10:30:00.073] [exthost] [info] ExtensionService#_doActivateExtension ms-toolsai.jupyter-renderers, startup: false, activationEvent: 'api', root cause: ms-toolsai.jupyter
[2022-08-28 10:30:00.131] [exthost] [info] ExtensionService#_doActivateExtension ms-python.vscode-pylance, startup: false, activationEvent: 'onLanguage:python'
[2022-08-28 10:30:00.318] [exthost] [info] ExtensionService#_doActivateExtension vscode.configuration-editing, startup: false, activationEvent: 'onLanguage:jsonc'
[2022-08-28 10:30:00.320] [exthost] [info] ExtensionService#_doActivateExtension vscode.json-language-features, startup: false, activationEvent: 'onLanguage:jsonc'
[2022-08-28 10:30:00.331] [exthost] [info] ExtensionService#_doActivateExtension vscode.typescript-language-features, startup: false, activationEvent: 'onLanguage:jsonc'
[2022-08-28 10:30:00.413] [exthost] [warning] [Decorations] CAPPING events from decorations provider vscode.git 330
[2022-08-28 10:30:00.640] [exthost] [warning] [Decorations] CAPPING events from decorations provider vscode.git 332
[2022-08-28 10:30:00.934] [exthost] [info] Eager extensions activated
[2022-08-28 10:30:00.943] [exthost] [info] ExtensionService#_doActivateExtension vscode.emmet, startup: false, activationEvent: 'onStartupFinished'
[2022-08-28 10:30:00.947] [exthost] [info] ExtensionService#_doActivateExtension vscode.merge-conflict, startup: false, activationEvent: 'onStartupFinished'
[2022-08-28 10:30:02.611] [exthost] [warning] [Decorations] CAPPING events from decorations provider vscode.git 331
[2022-08-28 10:30:07.714] [exthost] [warning] [Decorations] CAPPING events from decorations provider vscode.git 332
[2022-08-28 10:30:12.827] [exthost] [warning] [Decorations] CAPPING events from decorations provider vscode.git 401
[2022-08-28 10:30:18.162] [exthost] [warning] [Decorations] CAPPING events from decorations provider vscode.git 400
[2022-08-28 10:30:23.361] [exthost] [warning] [Decorations] CAPPING events from decorations provider vscode.git 400
[2022-08-28 10:30:28.469] [exthost] [warning] [Decorations] CAPPING events from decorations provider vscode.git 400
[2022-08-28 10:30:33.563] [exthost] [warning] [Decorations] CAPPING events from decorations provider vscode.git 400
[2022-08-28 10:30:38.657] [exthost] [warning] [Decorations] CAPPING events from decorations provider vscode.git 401
[2022-08-28 10:30:43.749] [exthost] [warning] [Decorations] CAPPING events from decorations provider vscode.git 401
[2022-08-28 10:30:48.837] [exthost] [warning] [Decorations] CAPPING events from decorations provider vscode.git 401
[2022-08-28 10:30:53.932] [exthost] [warning] [Decorations] CAPPING events from decorations provider vscode.git 402
[2022-08-28 10:30:59.031] [exthost] [warning] [Decorations] CAPPING events from decorations provider vscode.git 402
[2022-08-28 10:31:04.127] [exthost] [warning] [Decorations] CAPPING events from decorations provider vscode.git 402
[2022-08-28 10:31:09.223] [exthost] [warning] [Decorations] CAPPING events from decorations provider vscode.git 402
[2022-08-28 10:31:14.317] [exthost] [warning] [Decorations] CAPPING events from decorations provider vscode.git 402
[2022-08-28 10:31:19.416] [exthost] [warning] [Decorations] CAPPING events from decorations provider vscode.git 402
[2022-08-28 10:31:24.507] [exthost] [warning] [Decorations] CAPPING events from decorations provider vscode.git 402
[2022-08-28 10:31:29.599] [exthost] [warning] [Decorations] CAPPING events from decorations provider vscode.git 402
[2022-08-28 10:31:34.691] [exthost] [warning] [Decorations] CAPPING events from decorations provider vscode.git 402
[2022-08-28 10:31:39.794] [exthost] [warning] [Decorations] CAPPING events from decorations provider vscode.git 402
[2022-08-28 10:31:44.888] [exthost] [warning] [Decorations] CAPPING events from decorations provider vscode.git 402
[2022-08-28 10:31:49.986] [exthost] [warning] [Decorations] CAPPING events from decorations provider vscode.git 402
[2022-08-28 10:31:55.082] [exthost] [warning] [Decorations] CAPPING events from decorations provider vscode.git 402
[2022-08-28 10:32:00.177] [exthost] [warning] [Decorations] CAPPING events from decorations provider vscode.git 402
[2022-08-28 10:32:05.271] [exthost] [warning] [Decorations] CAPPING events from decorations provider vscode.git 402
[2022-08-28 10:32:10.535] [exthost] [warning] [Decorations] CAPPING events from decorations provider vscode.git 402
[2022-08-28 10:32:15.636] [exthost] [warning] [Decorations] CAPPING events from decorations provider vscode.git 402
[2022-08-28 10:32:20.731] [exthost] [warning] [Decorations] CAPPING events from decorations provider vscode.git 402
[2022-08-28 10:32:25.853] [exthost] [warning] [Decorations] CAPPING events from decorations provider vscode.git 402
[2022-08-28 10:32:30.952] [exthost] [warning] [Decorations] CAPPING events from decorations provider vscode.git 402
[2022-08-28 10:32:36.048] [exthost] [warning] [Decorations] CAPPING events from decorations provider vscode.git 402
[2022-08-28 10:32:41.145] [exthost] [warning] [Decorations] CAPPING events from decorations provider vscode.git 402
[2022-08-28 10:32:46.251] [exthost] [warning] [Decorations] CAPPING events from decorations provider vscode.git 402
[2022-08-28 10:32:51.346] [exthost] [warning] [Decorations] CAPPING events from decorations provider vscode.git 402
[2022-08-28 10:32:56.453] [exthost] [warning] [Decorations] CAPPING events from decorations provider vscode.git 402
[2022-08-28 10:33:01.560] [exthost] [warning] [Decorations] CAPPING events from decorations provider vscode.git 402
[2022-08-28 10:33:06.653] [exthost] [warning] [Decorations] CAPPING events from decorations provider vscode.git 402
[2022-08-28 10:33:11.751] [exthost] [warning] [Decorations] CAPPING events from decorations provider vscode.git 402
[2022-08-28 10:33:16.863] [exthost] [warning] [Decorations] CAPPING events from decorations provider vscode.git 402
[2022-08-28 10:33:21.972] [exthost] [warning] [Decorations] CAPPING events from decorations provider vscode.git 402
[2022-08-28 10:33:27.068] [exthost] [warning] [Decorations] CAPPING events from decorations provider vscode.git 402
[2022-08-28 10:33:32.163] [exthost] [warning] [Decorations] CAPPING events from decorations provider vscode.git 402
[2022-08-28 10:33:37.260] [exthost] [warning] [Decorations] CAPPING events from decorations provider vscode.git 402
[2022-08-28 10:33:42.359] [exthost] [warning] [Decorations] CAPPING events from decorations provider vscode.git 402
[2022-08-28 10:33:47.477] [exthost] [warning] [Decorations] CAPPING events from decorations provider vscode.git 402
[2022-08-28 10:33:52.572] [exthost] [warning] [Decorations] CAPPING events from decorations provider vscode.git 402
[2022-08-28 10:33:57.886] [exthost] [warning] [Decorations] CAPPING events from decorations provider vscode.git 402
[2022-08-28 10:34:03.018] [exthost] [warning] [Decorations] CAPPING events from decorations provider vscode.git 402
[2022-08-28 10:34:08.260] [exthost] [warning] [Decorations] CAPPING events from decorations provider vscode.git 404
[2022-08-28 10:34:13.375] [exthost] [warning] [Decorations] CAPPING events from decorations provider vscode.git 404
[2022-08-28 10:34:18.475] [exthost] [warning] [Decorations] CAPPING events from decorations provider vscode.git 404
[2022-08-28 10:34:23.597] [exthost] [warning] [Decorations] CAPPING events from decorations provider vscode.git 404
[2022-08-28 10:34:28.741] [exthost] [warning] [Decorations] CAPPING events from decorations provider vscode.git 402
[2022-08-28 10:34:33.837] [exthost] [warning] [Decorations] CAPPING events from decorations provider vscode.git 402
[2022-08-28 10:34:38.938] [exthost] [warning] [Decorations] CAPPING events from decorations provider vscode.git 402
[2022-08-28 10:34:44.039] [exthost] [warning] [Decorations] CAPPING events from decorations provider vscode.git 402
[2022-08-28 10:34:49.162] [exthost] [warning] [Decorations] CAPPING events from decorations provider vscode.git 402
[2022-08-28 10:34:54.263] [exthost] [warning] [Decorations] CAPPING events from decorations provider vscode.git 402
[2022-08-28 10:34:59.391] [exthost] [warning] [Decorations] CAPPING events from decorations provider vscode.git 402
[2022-08-28 10:35:04.518] [exthost] [warning] [Decorations] CAPPING events from decorations provider vscode.git 403
[2022-08-28 10:35:09.631] [exthost] [warning] [Decorations] CAPPING events from decorations provider vscode.git 402
[2022-08-28 10:35:14.733] [exthost] [warning] [Decorations] CAPPING events from decorations provider vscode.git 402
[2022-08-28 10:35:19.860] [exthost] [warning] [Decorations] CAPPING events from decorations provider vscode.git 402
[2022-08-28 10:35:29.770] [exthost] [warning] [Decorations] CAPPING events from decorations provider vscode.git 402
[2022-08-28 10:35:34.865] [exthost] [warning] [Decorations] CAPPING events from decorations provider vscode.git 402
[2022-08-28 10:35:39.970] [exthost] [warning] [Decorations] CAPPING events from decorations provider vscode.git 402
[2022-08-28 10:35:45.070] [exthost] [warning] [Decorations] CAPPING events from decorations provider vscode.git 402
[2022-08-28 10:35:50.174] [exthost] [warning] [Decorations] CAPPING events from decorations provider vscode.git 402
[2022-08-28 10:35:55.309] [exthost] [warning] [Decorations] CAPPING events from decorations provider vscode.git 402
[2022-08-28 10:36:00.441] [exthost] [warning] [Decorations] CAPPING events from decorations provider vscode.git 402
[2022-08-28 10:36:05.545] [exthost] [warning] [Decorations] CAPPING events from decorations provider vscode.git 402
[2022-08-28 10:36:12.263] [exthost] [warning] [Decorations] CAPPING events from decorations provider vscode.git 402
[2022-08-28 10:36:12.494] [exthost] [warning] [Decorations] CAPPING events from decorations provider vscode.git 402
