[2022-08-28T04:37:53.867Z] Log level: Info
[2022-08-28T04:37:53.871Z] [info] Validating found git in: git
[2022-08-28T04:37:53.902Z] [info] Using git 2.35.1 from git
[2022-08-28T04:37:53.929Z] > git rev-parse --show-toplevel [21ms]
[2022-08-28T04:37:53.936Z] > git rev-parse --git-dir --git-common-dir [1ms]
[2022-08-28T04:37:53.940Z] [info] Open repository: /home/jordanyx
[2022-08-28T04:37:54.118Z] > git status -z -uall [168ms]
[2022-08-28T04:37:54.133Z] > git symbolic-ref --short HEAD [10ms]
[2022-08-28T04:37:54.148Z] > git for-each-ref --format=%(refname)%00%(upstream:short)%00%(objectname)%00%(upstream:track)%00%(upstream:remotename)%00%(upstream:remoteref) refs/heads/main refs/remotes/main [10ms]
[2022-08-28T04:37:54.160Z] > git remote --verbose [1ms]
[2022-08-28T04:37:54.161Z] > git for-each-ref --sort -committerdate --format %(refname) %(objectname) %(*objectname) [7ms]
[2022-08-28T04:37:54.214Z] > git config --get commit.template [29ms]
[2022-08-28T04:37:54.288Z] > git status -z -uall [66ms]
[2022-08-28T04:37:54.298Z] > git symbolic-ref --short HEAD [3ms]
[2022-08-28T04:37:54.306Z] > git for-each-ref --format=%(refname)%00%(upstream:short)%00%(objectname)%00%(upstream:track)%00%(upstream:remotename)%00%(upstream:remoteref) refs/heads/main refs/remotes/main [1ms]
[2022-08-28T04:37:54.317Z] > git for-each-ref --sort -committerdate --format %(refname) %(objectname) %(*objectname) [6ms]
[2022-08-28T04:37:54.318Z] > git remote --verbose [2ms]
[2022-08-28T04:37:54.328Z] > git config --get commit.template [2ms]
[2022-08-28T04:37:54.398Z] > git fetch [452ms]
[2022-08-28T04:37:54.455Z] > git status -z -uall [52ms]
[2022-08-28T04:37:54.460Z] > git symbolic-ref --short HEAD [1ms]
[2022-08-28T04:37:54.466Z] > git for-each-ref --format=%(refname)%00%(upstream:short)%00%(objectname)%00%(upstream:track)%00%(upstream:remotename)%00%(upstream:remoteref) refs/heads/main refs/remotes/main [1ms]
[2022-08-28T04:37:54.476Z] > git for-each-ref --sort -committerdate --format %(refname) %(objectname) %(*objectname) [6ms]
[2022-08-28T04:37:54.476Z] > git remote --verbose [1ms]
[2022-08-28T04:37:54.484Z] > git config --get commit.template [2ms]
[2022-08-28T04:37:54.500Z] > git check-ignore -v -z --stdin [3ms]
[2022-08-28T04:37:54.838Z] > git show --textconv :pythonfiles/tcpclient.py [17ms]
[2022-08-28T04:37:54.838Z] > git show --textconv :pythonfiles/tcpserver.py [11ms]
[2022-08-28T04:37:54.839Z] > git ls-files --stage -- /home/jordanyx/pythonfiles/tcpclient.py [7ms]
[2022-08-28T04:37:54.845Z] > git cat-file -s 29ab960dc4c98d937685c6bc0e9f235c12de5d43 [1ms]
[2022-08-28T04:37:54.846Z] > git ls-files --stage -- /home/jordanyx/pythonfiles/tcpserver.py [9ms]
[2022-08-28T04:37:54.852Z] > git cat-file -s b3552bd5f623040bdcf9b36a6047fd5a81df6ace [2ms]
[2022-08-28T04:37:58.864Z] > git ls-files --stage -- /home/jordanyx/pythonfiles/tcpclient.py [5ms]
[2022-08-28T04:37:58.869Z] > git ls-files --stage -- /home/jordanyx/pythonfiles/tcpserver.py [6ms]
[2022-08-28T04:37:58.875Z] > git cat-file -s 29ab960dc4c98d937685c6bc0e9f235c12de5d43 [7ms]
[2022-08-28T04:37:58.876Z] > git cat-file -s b3552bd5f623040bdcf9b36a6047fd5a81df6ace [1ms]
[2022-08-28T04:37:58.888Z] > git status -z -uall [39ms]
[2022-08-28T04:37:58.893Z] > git show --textconv :pythonfiles/tcpclient.py [11ms]
[2022-08-28T04:37:58.893Z] > git show --textconv :pythonfiles/tcpserver.py [6ms]
[2022-08-28T04:37:58.894Z] > git symbolic-ref --short HEAD [1ms]
[2022-08-28T04:37:58.899Z] > git for-each-ref --format=%(refname)%00%(upstream:short)%00%(objectname)%00%(upstream:track)%00%(upstream:remotename)%00%(upstream:remoteref) refs/heads/main refs/remotes/main [1ms]
[2022-08-28T04:37:58.908Z] > git for-each-ref --sort -committerdate --format %(refname) %(objectname) %(*objectname) [4ms]
[2022-08-28T04:37:58.909Z] > git remote --verbose [1ms]
[2022-08-28T04:37:58.916Z] > git config --get commit.template [1ms]
[2022-08-28T04:38:03.963Z] > git status -z -uall [36ms]
[2022-08-28T04:38:03.967Z] > git symbolic-ref --short HEAD [0ms]
[2022-08-28T04:38:03.973Z] > git for-each-ref --format=%(refname)%00%(upstream:short)%00%(objectname)%00%(upstream:track)%00%(upstream:remotename)%00%(upstream:remoteref) refs/heads/main refs/remotes/main [1ms]
[2022-08-28T04:38:03.980Z] > git for-each-ref --sort -committerdate --format %(refname) %(objectname) %(*objectname) [3ms]
[2022-08-28T04:38:03.980Z] > git remote --verbose [0ms]
[2022-08-28T04:38:03.986Z] > git config --get commit.template [1ms]
[2022-08-28T04:38:04.743Z] > git show --textconv :pythonfiles/tcpclient.py [6ms]
[2022-08-28T04:38:04.745Z] > git ls-files --stage -- /home/jordanyx/pythonfiles/tcpclient.py [2ms]
[2022-08-28T04:38:04.750Z] > git cat-file -s 29ab960dc4c98d937685c6bc0e9f235c12de5d43 [1ms]
[2022-08-28T04:38:09.026Z] > git status -z -uall [35ms]
[2022-08-28T04:38:09.030Z] > git symbolic-ref --short HEAD [1ms]
[2022-08-28T04:38:09.034Z] > git for-each-ref --format=%(refname)%00%(upstream:short)%00%(objectname)%00%(upstream:track)%00%(upstream:remotename)%00%(upstream:remoteref) refs/heads/main refs/remotes/main [1ms]
[2022-08-28T04:38:09.041Z] > git for-each-ref --sort -committerdate --format %(refname) %(objectname) %(*objectname) [4ms]
[2022-08-28T04:38:09.042Z] > git remote --verbose [2ms]
[2022-08-28T04:38:09.047Z] > git config --get commit.template [0ms]
[2022-08-28T04:38:12.326Z] > git check-ignore -v -z --stdin [8ms]
[2022-08-28T04:38:14.095Z] > git status -z -uall [34ms]
[2022-08-28T04:38:14.099Z] > git symbolic-ref --short HEAD [1ms]
[2022-08-28T04:38:14.102Z] > git for-each-ref --format=%(refname)%00%(upstream:short)%00%(objectname)%00%(upstream:track)%00%(upstream:remotename)%00%(upstream:remoteref) refs/heads/main refs/remotes/main [1ms]
[2022-08-28T04:38:14.110Z] > git for-each-ref --sort -committerdate --format %(refname) %(objectname) %(*objectname) [3ms]
[2022-08-28T04:38:14.110Z] > git remote --verbose [1ms]
[2022-08-28T04:38:14.115Z] > git config --get commit.template [0ms]
[2022-08-28T04:38:14.788Z] > git check-ignore -v -z --stdin [3ms]
[2022-08-28T04:38:19.154Z] > git status -z -uall [33ms]
[2022-08-28T04:38:19.159Z] > git symbolic-ref --short HEAD [1ms]
[2022-08-28T04:38:19.162Z] > git for-each-ref --format=%(refname)%00%(upstream:short)%00%(objectname)%00%(upstream:track)%00%(upstream:remotename)%00%(upstream:remoteref) refs/heads/main refs/remotes/main [1ms]
[2022-08-28T04:38:19.167Z] > git for-each-ref --sort -committerdate --format %(refname) %(objectname) %(*objectname) [2ms]
[2022-08-28T04:38:19.168Z] > git remote --verbose [1ms]
[2022-08-28T04:38:19.173Z] > git config --get commit.template [0ms]
[2022-08-28T04:38:24.228Z] > git status -z -uall [49ms]
[2022-08-28T04:38:24.235Z] > git symbolic-ref --short HEAD [1ms]
[2022-08-28T04:38:24.243Z] > git for-each-ref --format=%(refname)%00%(upstream:short)%00%(objectname)%00%(upstream:track)%00%(upstream:remotename)%00%(upstream:remoteref) refs/heads/main refs/remotes/main [2ms]
[2022-08-28T04:38:24.254Z] > git for-each-ref --sort -committerdate --format %(refname) %(objectname) %(*objectname) [7ms]
[2022-08-28T04:38:24.255Z] > git remote --verbose [3ms]
[2022-08-28T04:38:24.263Z] > git config --get commit.template [1ms]
[2022-08-28T04:38:29.300Z] > git status -z -uall [32ms]
[2022-08-28T04:38:29.305Z] > git symbolic-ref --short HEAD [1ms]
[2022-08-28T04:38:29.308Z] > git for-each-ref --format=%(refname)%00%(upstream:short)%00%(objectname)%00%(upstream:track)%00%(upstream:remotename)%00%(upstream:remoteref) refs/heads/main refs/remotes/main [1ms]
[2022-08-28T04:38:29.313Z] > git for-each-ref --sort -committerdate --format %(refname) %(objectname) %(*objectname) [2ms]
[2022-08-28T04:38:29.314Z] > git remote --verbose [1ms]
[2022-08-28T04:38:29.319Z] > git config --get commit.template [1ms]
[2022-08-28T04:38:32.436Z] > git add -A -- . [486ms]
[2022-08-28T04:38:32.478Z] > git -c user.useConfigOnly=true commit --quiet --allow-empty-message --file - [38ms]
[2022-08-28T04:38:32.508Z] > git status -z -uall [27ms]
[2022-08-28T04:38:32.512Z] > git symbolic-ref --short HEAD [1ms]
[2022-08-28T04:38:32.516Z] > git for-each-ref --format=%(refname)%00%(upstream:short)%00%(objectname)%00%(upstream:track)%00%(upstream:remotename)%00%(upstream:remoteref) refs/heads/main refs/remotes/main [1ms]
[2022-08-28T04:38:32.522Z] > git for-each-ref --sort -committerdate --format %(refname) %(objectname) %(*objectname) [3ms]
[2022-08-28T04:38:32.522Z] > git remote --verbose [1ms]
[2022-08-28T04:38:32.527Z] > git config --get commit.template [0ms]
[2022-08-28T04:38:32.532Z] > git config --get commit.template [1ms]
[2022-08-28T04:38:33.168Z] > git check-ignore -v -z --stdin [3ms]
[2022-08-28T04:38:33.786Z] > git ls-files --stage -- /home/jordanyx/pythonfiles/tcpserver.py [4ms]
[2022-08-28T04:38:33.789Z] > git ls-files --stage -- /home/jordanyx/pythonfiles/tcpclient.py [4ms]
[2022-08-28T04:38:33.793Z] > git cat-file -s b3552bd5f623040bdcf9b36a6047fd5a81df6ace [4ms]
[2022-08-28T04:38:33.793Z] > git cat-file -s 29ab960dc4c98d937685c6bc0e9f235c12de5d43 [1ms]
[2022-08-28T04:38:33.803Z] > git show --textconv :pythonfiles/tcpserver.py [3ms]
[2022-08-28T04:38:33.805Z] > git show --textconv :pythonfiles/tcpclient.py [2ms]
[2022-08-28T04:38:34.353Z] > git status -z -uall [26ms]
[2022-08-28T04:38:34.357Z] > git symbolic-ref --short HEAD [1ms]
[2022-08-28T04:38:34.361Z] > git for-each-ref --format=%(refname)%00%(upstream:short)%00%(objectname)%00%(upstream:track)%00%(upstream:remotename)%00%(upstream:remoteref) refs/heads/main refs/remotes/main [1ms]
[2022-08-28T04:38:34.366Z] > git for-each-ref --sort -committerdate --format %(refname) %(objectname) %(*objectname) [3ms]
[2022-08-28T04:38:34.366Z] > git remote --verbose [1ms]
[2022-08-28T04:38:34.370Z] > git config --get commit.template [1ms]
[2022-08-28T04:38:37.229Z] > git add -A -- . [36ms]
[2022-08-28T04:38:37.618Z] > git show --textconv :.git/COMMIT_EDITMSG [3ms]
[2022-08-28T04:38:37.621Z] > git ls-files --stage -- /home/jordanyx/.git/COMMIT_EDITMSG [3ms]
[2022-08-28T04:38:37.944Z] > git check-ignore -v -z --stdin [3ms]
[2022-08-28T04:38:38.534Z] > git ls-files --stage -- /home/jordanyx/pythonfiles/tcpserver.py [4ms]
[2022-08-28T04:38:38.538Z] > git ls-files --stage -- /home/jordanyx/.git/COMMIT_EDITMSG [5ms]
[2022-08-28T04:38:38.538Z] > git cat-file -s b3552bd5f623040bdcf9b36a6047fd5a81df6ace [1ms]
[2022-08-28T04:38:38.547Z] > git show --textconv :.git/COMMIT_EDITMSG [4ms]
[2022-08-28T04:38:38.549Z] > git show --textconv :pythonfiles/tcpserver.py [3ms]
[2022-08-28T04:38:42.813Z] > git show --textconv :pythonfiles/tcpclient.py [5ms]
[2022-08-28T04:38:42.814Z] > git ls-files --stage -- /home/jordanyx/pythonfiles/tcpclient.py [2ms]
[2022-08-28T04:38:42.818Z] > git cat-file -s 29ab960dc4c98d937685c6bc0e9f235c12de5d43 [1ms]
[2022-08-28T04:38:44.567Z] > git show --textconv :.git/COMMIT_EDITMSG [4ms]
[2022-08-28T04:38:44.569Z] > git ls-files --stage -- /home/jordanyx/.git/COMMIT_EDITMSG [3ms]
[2022-08-28T04:38:46.590Z] > git -c user.useConfigOnly=true commit --quiet [9358ms]
[2022-08-28T04:38:46.591Z] Aborting commit due to empty commit message.
[2022-08-28T04:38:46.628Z] > git status -z -uall [33ms]
[2022-08-28T04:38:46.633Z] > git symbolic-ref --short HEAD [1ms]
[2022-08-28T04:38:46.638Z] > git for-each-ref --format=%(refname)%00%(upstream:short)%00%(objectname)%00%(upstream:track)%00%(upstream:remotename)%00%(upstream:remoteref) refs/heads/main refs/remotes/main [1ms]
[2022-08-28T04:38:46.647Z] > git for-each-ref --sort -committerdate --format %(refname) %(objectname) %(*objectname) [5ms]
[2022-08-28T04:38:46.647Z] > git remote --verbose [1ms]
[2022-08-28T04:38:46.653Z] > git config --get commit.template [1ms]
[2022-08-28T04:38:46.994Z] > git show --textconv :pythonfiles/tcpclient.py [5ms]
[2022-08-28T04:38:46.996Z] > git ls-files --stage -- /home/jordanyx/pythonfiles/tcpclient.py [3ms]
[2022-08-28T04:38:47.000Z] > git cat-file -s 29ab960dc4c98d937685c6bc0e9f235c12de5d43 [1ms]
[2022-08-28T04:38:47.293Z] > git check-ignore -v -z --stdin [3ms]
[2022-08-28T04:38:51.693Z] > git status -z -uall [28ms]
[2022-08-28T04:38:51.697Z] > git symbolic-ref --short HEAD [1ms]
[2022-08-28T04:38:51.700Z] > git for-each-ref --format=%(refname)%00%(upstream:short)%00%(objectname)%00%(upstream:track)%00%(upstream:remotename)%00%(upstream:remoteref) refs/heads/main refs/remotes/main [1ms]
[2022-08-28T04:38:51.706Z] > git for-each-ref --sort -committerdate --format %(refname) %(objectname) %(*objectname) [3ms]
[2022-08-28T04:38:51.706Z] > git remote --verbose [1ms]
[2022-08-28T04:38:51.710Z] > git config --get commit.template [0ms]
[2022-08-28T04:38:52.703Z] > git -c user.useConfigOnly=true commit --quiet --allow-empty-message --file - [20ms]
[2022-08-28T04:38:52.733Z] > git status -z -uall [27ms]
[2022-08-28T04:38:52.737Z] > git symbolic-ref --short HEAD [1ms]
[2022-08-28T04:38:52.740Z] > git for-each-ref --format=%(refname)%00%(upstream:short)%00%(objectname)%00%(upstream:track)%00%(upstream:remotename)%00%(upstream:remoteref) refs/heads/main refs/remotes/main [1ms]
[2022-08-28T04:38:52.747Z] > git for-each-ref --sort -committerdate --format %(refname) %(objectname) %(*objectname) [4ms]
[2022-08-28T04:38:52.747Z] > git remote --verbose [1ms]
[2022-08-28T04:38:52.752Z] > git config --get commit.template [1ms]
[2022-08-28T04:38:52.756Z] > git config --get commit.template [0ms]
[2022-08-28T04:38:54.001Z] > git ls-files --stage -- /home/jordanyx/pythonfiles/tcpserver.py [4ms]
[2022-08-28T04:38:54.005Z] > git ls-files --stage -- /home/jordanyx/pythonfiles/tcpclient.py [4ms]
[2022-08-28T04:38:54.008Z] > git cat-file -s b3552bd5f623040bdcf9b36a6047fd5a81df6ace [4ms]
[2022-08-28T04:38:54.009Z] > git cat-file -s 29ab960dc4c98d937685c6bc0e9f235c12de5d43 [1ms]
[2022-08-28T04:38:54.019Z] > git show --textconv :pythonfiles/tcpserver.py [3ms]
[2022-08-28T04:38:54.022Z] > git show --textconv :pythonfiles/tcpclient.py [3ms]
[2022-08-28T04:38:56.744Z] > git status -z -uall [29ms]
[2022-08-28T04:38:56.748Z] > git symbolic-ref --short HEAD [0ms]
[2022-08-28T04:38:56.752Z] > git for-each-ref --format=%(refname)%00%(upstream:short)%00%(objectname)%00%(upstream:track)%00%(upstream:remotename)%00%(upstream:remoteref) refs/heads/main refs/remotes/main [1ms]
[2022-08-28T04:38:56.758Z] > git for-each-ref --sort -committerdate --format %(refname) %(objectname) %(*objectname) [3ms]
[2022-08-28T04:38:56.758Z] > git remote --verbose [1ms]
[2022-08-28T04:38:56.764Z] > git config --get commit.template [0ms]
[2022-08-28T04:40:58.103Z] > git push jmon360 main:main [121042ms]
[2022-08-28T04:40:58.103Z] To https://github.com/jmon360/demo-repo.git
   fe54d09..063436e  main -> main
[2022-08-28T04:40:58.181Z] > git status -z -uall [73ms]
[2022-08-28T04:40:58.186Z] > git symbolic-ref --short HEAD [1ms]
[2022-08-28T04:40:58.191Z] > git for-each-ref --format=%(refname)%00%(upstream:short)%00%(objectname)%00%(upstream:track)%00%(upstream:remotename)%00%(upstream:remoteref) refs/heads/main refs/remotes/main [1ms]
[2022-08-28T04:40:58.199Z] > git for-each-ref --sort -committerdate --format %(refname) %(objectname) %(*objectname) [5ms]
[2022-08-28T04:40:58.200Z] > git remote --verbose [2ms]
[2022-08-28T04:40:58.206Z] > git config --get commit.template [1ms]
[2022-08-28T04:40:58.888Z] > git check-ignore -v -z --stdin [7ms]
[2022-08-28T04:41:07.773Z] > git ls-files --stage -- /home/jordanyx/pythonfiles/tcpserver.py [9ms]
[2022-08-28T04:41:07.779Z] > git ls-files --stage -- /home/jordanyx/pythonfiles/tcpclient.py [7ms]
[2022-08-28T04:41:07.785Z] > git cat-file -s b3552bd5f623040bdcf9b36a6047fd5a81df6ace [7ms]
[2022-08-28T04:41:07.785Z] > git cat-file -s 29ab960dc4c98d937685c6bc0e9f235c12de5d43 [1ms]
[2022-08-28T04:41:07.801Z] > git show --textconv :pythonfiles/tcpserver.py [9ms]
[2022-08-28T04:41:07.804Z] > git show --textconv :pythonfiles/tcpclient.py [4ms]
[2022-08-28T04:41:07.831Z] > git status -z -uall [76ms]
[2022-08-28T04:41:07.837Z] > git symbolic-ref --short HEAD [2ms]
[2022-08-28T04:41:07.842Z] > git for-each-ref --format=%(refname)%00%(upstream:short)%00%(objectname)%00%(upstream:track)%00%(upstream:remotename)%00%(upstream:remoteref) refs/heads/main refs/remotes/main [1ms]
[2022-08-28T04:41:07.856Z] > git for-each-ref --sort -committerdate --format %(refname) %(objectname) %(*objectname) [7ms]
[2022-08-28T04:41:07.856Z] > git remote --verbose [1ms]
[2022-08-28T04:41:07.863Z] > git config --get commit.template [1ms]
[2022-08-28T04:41:08.020Z] > git fetch [270ms]
[2022-08-28T04:41:08.098Z] > git status -z -uall [73ms]
[2022-08-28T04:41:08.104Z] > git symbolic-ref --short HEAD [1ms]
[2022-08-28T04:41:08.108Z] > git for-each-ref --format=%(refname)%00%(upstream:short)%00%(objectname)%00%(upstream:track)%00%(upstream:remotename)%00%(upstream:remoteref) refs/heads/main refs/remotes/main [1ms]
[2022-08-28T04:41:08.117Z] > git for-each-ref --sort -committerdate --format %(refname) %(objectname) %(*objectname) [4ms]
[2022-08-28T04:41:08.118Z] > git remote --verbose [1ms]
[2022-08-28T04:41:08.125Z] > git config --get commit.template [1ms]
[2022-08-28T04:41:08.809Z] > git check-ignore -v -z --stdin [3ms]
[2022-08-28T04:41:09.190Z] > git ls-files --stage -- /home/jordanyx/pythonfiles/tcpserver.py [4ms]
[2022-08-28T04:41:09.193Z] > git ls-files --stage -- /home/jordanyx/pythonfiles/tcpclient.py [4ms]
[2022-08-28T04:41:09.200Z] > git cat-file -s b3552bd5f623040bdcf9b36a6047fd5a81df6ace [7ms]
[2022-08-28T04:41:09.200Z] > git cat-file -s 29ab960dc4c98d937685c6bc0e9f235c12de5d43 [0ms]
[2022-08-28T04:41:09.212Z] > git show --textconv :pythonfiles/tcpserver.py [4ms]
[2022-08-28T04:41:09.214Z] > git show --textconv :pythonfiles/tcpclient.py [3ms]
[2022-08-28T04:41:12.932Z] > git status -z -uall [63ms]
[2022-08-28T04:41:12.936Z] > git symbolic-ref --short HEAD [1ms]
[2022-08-28T04:41:12.940Z] > git for-each-ref --format=%(refname)%00%(upstream:short)%00%(objectname)%00%(upstream:track)%00%(upstream:remotename)%00%(upstream:remoteref) refs/heads/main refs/remotes/main [1ms]
[2022-08-28T04:41:12.946Z] > git for-each-ref --sort -committerdate --format %(refname) %(objectname) %(*objectname) [3ms]
[2022-08-28T04:41:12.946Z] > git remote --verbose [1ms]
[2022-08-28T04:41:12.951Z] > git config --get commit.template [1ms]
[2022-08-28T04:41:18.022Z] > git status -z -uall [66ms]
[2022-08-28T04:41:18.027Z] > git symbolic-ref --short HEAD [1ms]
[2022-08-28T04:41:18.032Z] > git for-each-ref --format=%(refname)%00%(upstream:short)%00%(objectname)%00%(upstream:track)%00%(upstream:remotename)%00%(upstream:remoteref) refs/heads/main refs/remotes/main [1ms]
[2022-08-28T04:41:18.041Z] > git for-each-ref --sort -committerdate --format %(refname) %(objectname) %(*objectname) [4ms]
[2022-08-28T04:41:18.042Z] > git remote --verbose [1ms]
[2022-08-28T04:41:18.047Z] > git config --get commit.template [0ms]
[2022-08-28T04:41:20.036Z] > git show --textconv :pythonfiles/tcpclient.py [6ms]
[2022-08-28T04:41:20.038Z] > git ls-files --stage -- /home/jordanyx/pythonfiles/tcpclient.py [3ms]
[2022-08-28T04:41:20.043Z] > git cat-file -s 29ab960dc4c98d937685c6bc0e9f235c12de5d43 [1ms]
[2022-08-28T04:41:23.118Z] > git status -z -uall [64ms]
[2022-08-28T04:41:23.123Z] > git symbolic-ref --short HEAD [1ms]
[2022-08-28T04:41:23.126Z] > git for-each-ref --format=%(refname)%00%(upstream:short)%00%(objectname)%00%(upstream:track)%00%(upstream:remotename)%00%(upstream:remoteref) refs/heads/main refs/remotes/main [1ms]
[2022-08-28T04:41:23.134Z] > git for-each-ref --sort -committerdate --format %(refname) %(objectname) %(*objectname) [3ms]
[2022-08-28T04:41:23.134Z] > git remote --verbose [1ms]
[2022-08-28T04:41:23.139Z] > git config --get commit.template [0ms]
