[Info  - 04:37:53.977] Reading sessions from keychain...
[Info  - 04:37:53.995] Getting sessions for user:email...
[Info  - 04:37:53.995] Getting sessions for all scopes...
[Info  - 04:37:58.849] Got 0 sessions for user:email...
[Info  - 04:37:58.849] Got 0 sessions for ...
[Info  - 04:38:57.338] Getting sessions for read:user,repo,user:email,workflow...
[Info  - 04:38:57.338] Got 0 sessions for read:user,repo,user:email,workflow...
[Info  - 04:39:01.432] Logging in for the following scopes: read:user repo user:email workflow
[Info  - 04:39:01.442] Trying without local server... (read:user repo user:email workflow)
[Error  - 04:40:10.416] Cancelled
[Info  - 04:40:42.33] Trying with local server... (read:user repo user:email workflow)
[Info  - 04:40:43.866] Exchanging code for token...
[Info  - 04:40:44.649] Token exchange success!
[Info  - 04:40:44.650] Getting user info...
[Info  - 04:40:44.898] Got account info!
[Info  - 04:40:44.898] Storing 1 sessions...
[Info  - 04:40:55.443] Reading sessions from keychain...
[Info  - 04:40:55.443] Stored 1 sessions!
[Info  - 04:40:55.443] Login success!
[Info  - 04:40:55.448] Getting sessions for user:email...
[Trace  - 04:40:55.450] Token acquired from secret storage.
[Info  - 04:40:55.451] Got stored sessions!
[Trace  - 04:40:55.451] Read the following session from the keychain with the following scopes: read:user repo user:email workflow
[Info  - 04:40:55.451] Got 1 verified sessions.
[Info  - 04:40:55.451] Got 0 sessions for user:email...
[Info  - 04:41:56.595] Getting sessions for read:user,repo,user:email,workflow...
[Info  - 04:41:56.595] Got 1 sessions for read:user,repo,user:email,workflow...
[Info  - 04:48:22.369] Getting sessions for read:user,repo,user:email,workflow...
[Info  - 04:48:22.369] Got 1 sessions for read:user,repo,user:email,workflow...
