[Info  - 6:03:55 PM] (24095) Pylance language server 2022.8.40 (pyright f444ffa5) starting
[Info  - 6:03:55 PM] (24095) Server root directory: /home/jordanyx/.vscode/extensions/ms-python.vscode-pylance-2022.8.40/dist
[Info  - 6:03:55 PM] (24095) Notebook support: LSP
[Info  - 6:03:55 PM] (24095) Interactive window support: LSP
[Info  - 6:03:55 PM] (24095) Starting service instance "<default>"
[Info  - 6:03:55 PM] (24095) No pyproject.toml file found.
[Info  - 6:03:55 PM] (24095) Setting pythonPath for service "<default>": "/bin/python"
[Warn  - 6:03:55 PM] (24095) stubPath typings is not a valid directory.
[Info  - 6:03:55 PM] (24095) Assuming Python version 3.10
[Info  - 6:03:55 PM] (24095) Assuming Python platform Linux
[Info  - 6:03:55 PM] (24095) Searching for source files
[Info  - 6:03:55 PM] (24095) No source files found.
[Info  - 6:03:55 PM] (24095) No pyproject.toml file found.
[Info  - 6:03:55 PM] (24095) Setting pythonPath for service "<default>": "/bin/python"
[Warn  - 6:03:55 PM] (24095) stubPath typings is not a valid directory.
[Info  - 6:03:55 PM] (24095) Assuming Python version 3.10
[Info  - 6:03:55 PM] (24095) Assuming Python platform Linux
[Info  - 6:03:55 PM] (24095) Searching for source files
[Info  - 6:03:55 PM] (24095) No source files found.
[Info  - 6:03:55 PM] (24095) Background analysis(1) root directory: /home/jordanyx/.vscode/extensions/ms-python.vscode-pylance-2022.8.40/dist
[Info  - 6:03:55 PM] (24095) Background analysis(1) started
