[2022-08-28T01:21:57.504Z] Log level: Info
[2022-08-28T01:21:57.506Z] [info] Validating found git in: git
[2022-08-28T01:21:57.538Z] [info] Using git 2.35.1 from git
[2022-08-28T01:21:57.560Z] > git rev-parse --show-toplevel [14ms]
[2022-08-28T01:21:57.587Z] > git rev-parse --git-dir --git-common-dir [19ms]
[2022-08-28T01:21:57.592Z] [info] Open repository: /home/jordanyx
[2022-08-28T01:21:57.666Z] > git status -z -uall [58ms]
[2022-08-28T01:21:57.678Z] > git symbolic-ref --short HEAD [1ms]
[2022-08-28T01:21:57.706Z] > git for-each-ref --format=%(refname)%00%(upstream:short)%00%(objectname)%00%(upstream:track)%00%(upstream:remotename)%00%(upstream:remoteref) refs/heads/main refs/remotes/main [21ms]
[2022-08-28T01:21:57.723Z] > git remote --verbose [2ms]
[2022-08-28T01:21:57.724Z] > git for-each-ref --sort -committerdate --format %(refname) %(objectname) %(*objectname) [10ms]
[2022-08-28T01:21:57.777Z] > git config --get commit.template [41ms]
[2022-08-28T01:21:57.851Z] > git status -z -uall [67ms]
[2022-08-28T01:21:57.859Z] > git symbolic-ref --short HEAD [1ms]
[2022-08-28T01:21:57.866Z] > git for-each-ref --format=%(refname)%00%(upstream:short)%00%(objectname)%00%(upstream:track)%00%(upstream:remotename)%00%(upstream:remoteref) refs/heads/main refs/remotes/main [1ms]
[2022-08-28T01:21:57.879Z] > git for-each-ref --sort -committerdate --format %(refname) %(objectname) %(*objectname) [7ms]
[2022-08-28T01:21:57.879Z] > git remote --verbose [1ms]
[2022-08-28T01:21:57.890Z] > git config --get commit.template [2ms]
[2022-08-28T01:21:57.895Z] > git fetch [297ms]
[2022-08-28T01:21:57.937Z] > git status -z -uall [36ms]
[2022-08-28T01:21:57.949Z] > git symbolic-ref --short HEAD [3ms]
[2022-08-28T01:21:57.957Z] > git for-each-ref --format=%(refname)%00%(upstream:short)%00%(objectname)%00%(upstream:track)%00%(upstream:remotename)%00%(upstream:remoteref) refs/heads/main refs/remotes/main [1ms]
[2022-08-28T01:21:57.987Z] > git for-each-ref --sort -committerdate --format %(refname) %(objectname) %(*objectname) [23ms]
[2022-08-28T01:21:58.015Z] > git remote --verbose [43ms]
[2022-08-28T01:21:58.027Z] > git config --get commit.template [2ms]
[2022-08-28T01:21:58.166Z] > git check-ignore -v -z --stdin [3ms]
[2022-08-28T01:21:58.367Z] > git show --textconv :pythonfiles/tcpserver.py [9ms]
[2022-08-28T01:21:58.368Z] > git ls-files --stage -- /home/jordanyx/pythonfiles/tcpserver.py [3ms]
[2022-08-28T01:21:58.375Z] > git cat-file -s b3552bd5f623040bdcf9b36a6047fd5a81df6ace [1ms]
[2022-08-28T01:21:59.203Z] > git ls-files --stage -- /home/jordanyx/pythonfiles/tcpserver.py [3ms]
[2022-08-28T01:21:59.210Z] > git cat-file -s b3552bd5f623040bdcf9b36a6047fd5a81df6ace [1ms]
[2022-08-28T01:21:59.228Z] > git show --textconv :pythonfiles/tcpserver.py [3ms]
[2022-08-28T01:21:59.557Z] > git show --textconv :pythonfiles/tcpclient.py [8ms]
[2022-08-28T01:21:59.559Z] > git ls-files --stage -- /home/jordanyx/pythonfiles/tcpclient.py [2ms]
[2022-08-28T01:21:59.566Z] > git cat-file -s 29ab960dc4c98d937685c6bc0e9f235c12de5d43 [1ms]
[2022-08-28T01:22:00.832Z] > git check-ignore -v -z --stdin [8ms]
[2022-08-28T01:22:03.159Z] > git status -z -uall [31ms]
[2022-08-28T01:22:03.166Z] > git symbolic-ref --short HEAD [1ms]
[2022-08-28T01:22:03.172Z] > git for-each-ref --format=%(refname)%00%(upstream:short)%00%(objectname)%00%(upstream:track)%00%(upstream:remotename)%00%(upstream:remoteref) refs/heads/main refs/remotes/main [1ms]
[2022-08-28T01:22:03.181Z] > git for-each-ref --sort -committerdate --format %(refname) %(objectname) %(*objectname) [4ms]
[2022-08-28T01:22:03.182Z] > git remote --verbose [2ms]
[2022-08-28T01:22:03.190Z] > git config --get commit.template [1ms]
[2022-08-28T01:22:03.882Z] > git check-ignore -v -z --stdin [3ms]
[2022-08-28T01:22:07.554Z] > git -c user.useConfigOnly=true commit --quiet --allow-empty-message --file - [22ms]
[2022-08-28T01:22:07.596Z] > git status -z -uall [36ms]
[2022-08-28T01:22:07.605Z] > git symbolic-ref --short HEAD [2ms]
[2022-08-28T01:22:07.612Z] > git for-each-ref --format=%(refname)%00%(upstream:short)%00%(objectname)%00%(upstream:track)%00%(upstream:remotename)%00%(upstream:remoteref) refs/heads/main refs/remotes/main [1ms]
[2022-08-28T01:22:07.627Z] > git for-each-ref --sort -committerdate --format %(refname) %(objectname) %(*objectname) [7ms]
[2022-08-28T01:22:07.627Z] > git remote --verbose [1ms]
[2022-08-28T01:22:07.638Z] > git config --get commit.template [0ms]
[2022-08-28T01:22:07.645Z] > git config --get commit.template [0ms]
[2022-08-28T01:22:08.230Z] > git status -z -uall [31ms]
[2022-08-28T01:22:08.237Z] > git symbolic-ref --short HEAD [0ms]
[2022-08-28T01:22:08.244Z] > git for-each-ref --format=%(refname)%00%(upstream:short)%00%(objectname)%00%(upstream:track)%00%(upstream:remotename)%00%(upstream:remoteref) refs/heads/main refs/remotes/main [1ms]
[2022-08-28T01:22:08.255Z] > git for-each-ref --sort -committerdate --format %(refname) %(objectname) %(*objectname) [7ms]
[2022-08-28T01:22:08.255Z] > git remote --verbose [2ms]
[2022-08-28T01:22:08.264Z] > git config --get commit.template [1ms]
[2022-08-28T01:22:08.383Z] > git check-ignore -v -z --stdin [19ms]
[2022-08-28T01:22:08.947Z] > git ls-files --stage -- /home/jordanyx/pythonfiles/tcpserver.py [5ms]
[2022-08-28T01:22:08.954Z] > git ls-files --stage -- /home/jordanyx/pythonfiles/tcpclient.py [7ms]
[2022-08-28T01:22:08.959Z] > git cat-file -s b3552bd5f623040bdcf9b36a6047fd5a81df6ace [6ms]
[2022-08-28T01:22:08.960Z] > git cat-file -s 29ab960dc4c98d937685c6bc0e9f235c12de5d43 [1ms]
[2022-08-28T01:22:08.975Z] > git show --textconv :pythonfiles/tcpserver.py [6ms]
[2022-08-28T01:22:08.977Z] > git show --textconv :pythonfiles/tcpclient.py [2ms]
[2022-08-28T01:22:10.622Z] > git push jmon360 main:main [821ms]
[2022-08-28T01:22:10.622Z] To https://github.com/jmon360/demo-repo.git
   0c13239..e4a0ed8  main -> main
[2022-08-28T01:22:10.660Z] > git status -z -uall [32ms]
[2022-08-28T01:22:10.667Z] > git symbolic-ref --short HEAD [0ms]
[2022-08-28T01:22:10.675Z] > git for-each-ref --format=%(refname)%00%(upstream:short)%00%(objectname)%00%(upstream:track)%00%(upstream:remotename)%00%(upstream:remoteref) refs/heads/main refs/remotes/main [2ms]
[2022-08-28T01:22:10.688Z] > git remote --verbose [1ms]
[2022-08-28T01:22:10.688Z] > git for-each-ref --sort -committerdate --format %(refname) %(objectname) %(*objectname) [7ms]
[2022-08-28T01:22:10.697Z] > git config --get commit.template [1ms]
[2022-08-28T01:22:12.014Z] > git ls-files --stage -- /home/jordanyx/pythonfiles/tcpserver.py [11ms]
[2022-08-28T01:22:12.024Z] > git ls-files --stage -- /home/jordanyx/pythonfiles/tcpclient.py [11ms]
[2022-08-28T01:22:12.035Z] > git cat-file -s b3552bd5f623040bdcf9b36a6047fd5a81df6ace [11ms]
[2022-08-28T01:22:12.037Z] > git cat-file -s 29ab960dc4c98d937685c6bc0e9f235c12de5d43 [2ms]
[2022-08-28T01:22:12.060Z] > git show --textconv :pythonfiles/tcpserver.py [9ms]
[2022-08-28T01:22:12.063Z] > git show --textconv :pythonfiles/tcpclient.py [3ms]
[2022-08-28T01:22:13.305Z] > git status -z -uall [34ms]
[2022-08-28T01:22:13.311Z] > git symbolic-ref --short HEAD [1ms]
[2022-08-28T01:22:13.316Z] > git for-each-ref --format=%(refname)%00%(upstream:short)%00%(objectname)%00%(upstream:track)%00%(upstream:remotename)%00%(upstream:remoteref) refs/heads/main refs/remotes/main [1ms]
[2022-08-28T01:22:13.324Z] > git for-each-ref --sort -committerdate --format %(refname) %(objectname) %(*objectname) [4ms]
[2022-08-28T01:22:13.324Z] > git remote --verbose [1ms]
[2022-08-28T01:22:13.330Z] > git config --get commit.template [0ms]
[2022-08-28T01:22:18.197Z] > git check-ignore -v -z --stdin [4ms]
[2022-08-28T01:22:18.374Z] > git status -z -uall [28ms]
[2022-08-28T01:22:18.380Z] > git symbolic-ref --short HEAD [1ms]
[2022-08-28T01:22:18.384Z] > git for-each-ref --format=%(refname)%00%(upstream:short)%00%(objectname)%00%(upstream:track)%00%(upstream:remotename)%00%(upstream:remoteref) refs/heads/main refs/remotes/main [1ms]
[2022-08-28T01:22:18.391Z] > git remote --verbose [1ms]
[2022-08-28T01:22:18.391Z] > git for-each-ref --sort -committerdate --format %(refname) %(objectname) %(*objectname) [4ms]
[2022-08-28T01:22:18.397Z] > git config --get commit.template [0ms]
[2022-08-28T01:22:19.068Z] > git check-ignore -v -z --stdin [3ms]
[2022-08-28T01:22:23.438Z] > git status -z -uall [33ms]
[2022-08-28T01:22:23.444Z] > git symbolic-ref --short HEAD [1ms]
[2022-08-28T01:22:23.449Z] > git for-each-ref --format=%(refname)%00%(upstream:short)%00%(objectname)%00%(upstream:track)%00%(upstream:remotename)%00%(upstream:remoteref) refs/heads/main refs/remotes/main [1ms]
[2022-08-28T01:22:23.461Z] > git for-each-ref --sort -committerdate --format %(refname) %(objectname) %(*objectname) [6ms]
[2022-08-28T01:22:23.461Z] > git remote --verbose [1ms]
[2022-08-28T01:22:23.468Z] > git config --get commit.template [1ms]
[2022-08-28T01:22:28.503Z] > git status -z -uall [30ms]
[2022-08-28T01:22:28.508Z] > git symbolic-ref --short HEAD [1ms]
[2022-08-28T01:22:28.513Z] > git for-each-ref --format=%(refname)%00%(upstream:short)%00%(objectname)%00%(upstream:track)%00%(upstream:remotename)%00%(upstream:remoteref) refs/heads/main refs/remotes/main [1ms]
[2022-08-28T01:22:28.521Z] > git for-each-ref --sort -committerdate --format %(refname) %(objectname) %(*objectname) [4ms]
[2022-08-28T01:22:28.522Z] > git remote --verbose [1ms]
[2022-08-28T01:22:28.528Z] > git config --get commit.template [1ms]
[2022-08-28T01:22:31.221Z] > git check-ignore -v -z --stdin [5ms]
[2022-08-28T01:22:33.564Z] > git status -z -uall [29ms]
[2022-08-28T01:22:33.570Z] > git symbolic-ref --short HEAD [1ms]
[2022-08-28T01:22:33.574Z] > git for-each-ref --format=%(refname)%00%(upstream:short)%00%(objectname)%00%(upstream:track)%00%(upstream:remotename)%00%(upstream:remoteref) refs/heads/main refs/remotes/main [1ms]
[2022-08-28T01:22:33.580Z] > git for-each-ref --sort -committerdate --format %(refname) %(objectname) %(*objectname) [3ms]
[2022-08-28T01:22:33.581Z] > git remote --verbose [1ms]
[2022-08-28T01:22:33.588Z] > git config --get commit.template [1ms]
[2022-08-28T01:22:38.627Z] > git status -z -uall [30ms]
[2022-08-28T01:22:38.632Z] > git symbolic-ref --short HEAD [1ms]
[2022-08-28T01:22:38.637Z] > git for-each-ref --format=%(refname)%00%(upstream:short)%00%(objectname)%00%(upstream:track)%00%(upstream:remotename)%00%(upstream:remoteref) refs/heads/main refs/remotes/main [1ms]
[2022-08-28T01:22:38.644Z] > git for-each-ref --sort -committerdate --format %(refname) %(objectname) %(*objectname) [4ms]
[2022-08-28T01:22:38.644Z] > git remote --verbose [1ms]
[2022-08-28T01:22:38.651Z] > git config --get commit.template [2ms]
[2022-08-28T01:22:43.689Z] > git status -z -uall [29ms]
[2022-08-28T01:22:43.694Z] > git symbolic-ref --short HEAD [1ms]
[2022-08-28T01:22:43.698Z] > git for-each-ref --format=%(refname)%00%(upstream:short)%00%(objectname)%00%(upstream:track)%00%(upstream:remotename)%00%(upstream:remoteref) refs/heads/main refs/remotes/main [1ms]
[2022-08-28T01:22:43.704Z] > git for-each-ref --sort -committerdate --format %(refname) %(objectname) %(*objectname) [3ms]
[2022-08-28T01:22:43.705Z] > git remote --verbose [1ms]
[2022-08-28T01:22:43.711Z] > git config --get commit.template [1ms]
[2022-08-28T01:22:48.745Z] > git status -z -uall [29ms]
[2022-08-28T01:22:48.751Z] > git symbolic-ref --short HEAD [1ms]
[2022-08-28T01:22:48.755Z] > git for-each-ref --format=%(refname)%00%(upstream:short)%00%(objectname)%00%(upstream:track)%00%(upstream:remotename)%00%(upstream:remoteref) refs/heads/main refs/remotes/main [1ms]
[2022-08-28T01:22:48.761Z] > git for-each-ref --sort -committerdate --format %(refname) %(objectname) %(*objectname) [3ms]
[2022-08-28T01:22:48.761Z] > git remote --verbose [0ms]
[2022-08-28T01:22:48.768Z] > git config --get commit.template [1ms]
[2022-08-28T01:22:53.823Z] > git status -z -uall [30ms]
[2022-08-28T01:22:53.828Z] > git symbolic-ref --short HEAD [1ms]
[2022-08-28T01:22:53.832Z] > git for-each-ref --format=%(refname)%00%(upstream:short)%00%(objectname)%00%(upstream:track)%00%(upstream:remotename)%00%(upstream:remoteref) refs/heads/main refs/remotes/main [1ms]
[2022-08-28T01:22:53.839Z] > git for-each-ref --sort -committerdate --format %(refname) %(objectname) %(*objectname) [4ms]
[2022-08-28T01:22:53.839Z] > git remote --verbose [1ms]
[2022-08-28T01:22:53.846Z] > git config --get commit.template [1ms]
[2022-08-28T01:22:58.882Z] > git status -z -uall [30ms]
[2022-08-28T01:22:58.887Z] > git symbolic-ref --short HEAD [0ms]
[2022-08-28T01:22:58.892Z] > git for-each-ref --format=%(refname)%00%(upstream:short)%00%(objectname)%00%(upstream:track)%00%(upstream:remotename)%00%(upstream:remoteref) refs/heads/main refs/remotes/main [1ms]
[2022-08-28T01:22:58.900Z] > git for-each-ref --sort -committerdate --format %(refname) %(objectname) %(*objectname) [4ms]
[2022-08-28T01:22:58.900Z] > git remote --verbose [0ms]
[2022-08-28T01:22:58.906Z] > git config --get commit.template [1ms]
[2022-08-28T01:23:04.136Z] > git status -z -uall [29ms]
[2022-08-28T01:23:04.141Z] > git symbolic-ref --short HEAD [1ms]
[2022-08-28T01:23:04.145Z] > git for-each-ref --format=%(refname)%00%(upstream:short)%00%(objectname)%00%(upstream:track)%00%(upstream:remotename)%00%(upstream:remoteref) refs/heads/main refs/remotes/main [0ms]
[2022-08-28T01:23:04.151Z] > git for-each-ref --sort -committerdate --format %(refname) %(objectname) %(*objectname) [3ms]
[2022-08-28T01:23:04.151Z] > git remote --verbose [0ms]
[2022-08-28T01:23:04.157Z] > git config --get commit.template [1ms]
[2022-08-28T01:23:09.201Z] > git status -z -uall [37ms]
[2022-08-28T01:23:09.208Z] > git symbolic-ref --short HEAD [1ms]
[2022-08-28T01:23:09.216Z] > git for-each-ref --format=%(refname)%00%(upstream:short)%00%(objectname)%00%(upstream:track)%00%(upstream:remotename)%00%(upstream:remoteref) refs/heads/main refs/remotes/main [2ms]
[2022-08-28T01:23:09.228Z] > git for-each-ref --sort -committerdate --format %(refname) %(objectname) %(*objectname) [6ms]
[2022-08-28T01:23:09.229Z] > git remote --verbose [1ms]
[2022-08-28T01:23:09.238Z] > git config --get commit.template [1ms]
[2022-08-28T01:23:14.276Z] > git status -z -uall [29ms]
[2022-08-28T01:23:14.281Z] > git symbolic-ref --short HEAD [1ms]
[2022-08-28T01:23:14.286Z] > git for-each-ref --format=%(refname)%00%(upstream:short)%00%(objectname)%00%(upstream:track)%00%(upstream:remotename)%00%(upstream:remoteref) refs/heads/main refs/remotes/main [1ms]
[2022-08-28T01:23:14.294Z] > git for-each-ref --sort -committerdate --format %(refname) %(objectname) %(*objectname) [4ms]
[2022-08-28T01:23:14.294Z] > git remote --verbose [1ms]
[2022-08-28T01:23:14.301Z] > git config --get commit.template [1ms]
[2022-08-28T01:23:17.233Z] > git show --textconv :.git/COMMIT_EDITMSG [5ms]
[2022-08-28T01:23:17.235Z] > git ls-files --stage -- /home/jordanyx/.git/COMMIT_EDITMSG [2ms]
[2022-08-28T01:23:17.543Z] > git check-ignore -v -z --stdin [3ms]
[2022-08-28T01:23:19.338Z] > git status -z -uall [30ms]
[2022-08-28T01:23:19.344Z] > git symbolic-ref --short HEAD [1ms]
[2022-08-28T01:23:19.351Z] > git for-each-ref --format=%(refname)%00%(upstream:short)%00%(objectname)%00%(upstream:track)%00%(upstream:remotename)%00%(upstream:remoteref) refs/heads/main refs/remotes/main [1ms]
[2022-08-28T01:23:19.362Z] > git for-each-ref --sort -committerdate --format %(refname) %(objectname) %(*objectname) [6ms]
[2022-08-28T01:23:19.362Z] > git remote --verbose [1ms]
[2022-08-28T01:23:19.372Z] > git config --get commit.template [1ms]
[2022-08-28T01:23:24.409Z] > git status -z -uall [29ms]
[2022-08-28T01:23:24.414Z] > git symbolic-ref --short HEAD [1ms]
[2022-08-28T01:23:24.419Z] > git for-each-ref --format=%(refname)%00%(upstream:short)%00%(objectname)%00%(upstream:track)%00%(upstream:remotename)%00%(upstream:remoteref) refs/heads/main refs/remotes/main [1ms]
[2022-08-28T01:23:24.428Z] > git for-each-ref --sort -committerdate --format %(refname) %(objectname) %(*objectname) [5ms]
[2022-08-28T01:23:24.428Z] > git remote --verbose [1ms]
[2022-08-28T01:23:24.435Z] > git config --get commit.template [1ms]
[2022-08-28T01:23:27.168Z] > git add -A -- . [49ms]
[2022-08-28T01:23:27.196Z] > git -c user.useConfigOnly=true commit --quiet --allow-empty-message --file - [23ms]
[2022-08-28T01:23:27.231Z] > git status -z -uall [30ms]
[2022-08-28T01:23:27.237Z] > git symbolic-ref --short HEAD [1ms]
[2022-08-28T01:23:27.241Z] > git for-each-ref --format=%(refname)%00%(upstream:short)%00%(objectname)%00%(upstream:track)%00%(upstream:remotename)%00%(upstream:remoteref) refs/heads/main refs/remotes/main [1ms]
[2022-08-28T01:23:27.249Z] > git for-each-ref --sort -committerdate --format %(refname) %(objectname) %(*objectname) [5ms]
[2022-08-28T01:23:27.249Z] > git remote --verbose [1ms]
[2022-08-28T01:23:27.256Z] > git config --get commit.template [0ms]
[2022-08-28T01:23:27.262Z] > git config --get commit.template [1ms]
[2022-08-28T01:23:28.526Z] > git ls-files --stage -- /home/jordanyx/pythonfiles/tcpserver.py [3ms]
[2022-08-28T01:23:28.531Z] > git cat-file -s b3552bd5f623040bdcf9b36a6047fd5a81df6ace [1ms]
[2022-08-28T01:23:28.541Z] > git show --textconv :pythonfiles/tcpserver.py [2ms]
[2022-08-28T01:23:29.469Z] > git status -z -uall [29ms]
[2022-08-28T01:23:29.474Z] > git symbolic-ref --short HEAD [1ms]
[2022-08-28T01:23:29.480Z] > git for-each-ref --format=%(refname)%00%(upstream:short)%00%(objectname)%00%(upstream:track)%00%(upstream:remotename)%00%(upstream:remoteref) refs/heads/main refs/remotes/main [1ms]
[2022-08-28T01:23:29.488Z] > git for-each-ref --sort -committerdate --format %(refname) %(objectname) %(*objectname) [3ms]
[2022-08-28T01:23:29.489Z] > git remote --verbose [1ms]
[2022-08-28T01:23:29.494Z] > git config --get commit.template [1ms]
[2022-08-28T01:23:33.627Z] > git show --textconv :.git/COMMIT_EDITMSG [5ms]
[2022-08-28T01:23:33.629Z] > git ls-files --stage -- /home/jordanyx/.git/COMMIT_EDITMSG [2ms]
[2022-08-28T01:23:34.533Z] > git status -z -uall [28ms]
[2022-08-28T01:23:34.538Z] > git symbolic-ref --short HEAD [1ms]
[2022-08-28T01:23:34.542Z] > git for-each-ref --format=%(refname)%00%(upstream:short)%00%(objectname)%00%(upstream:track)%00%(upstream:remotename)%00%(upstream:remoteref) refs/heads/main refs/remotes/main [1ms]
[2022-08-28T01:23:34.548Z] > git for-each-ref --sort -committerdate --format %(refname) %(objectname) %(*objectname) [4ms]
[2022-08-28T01:23:34.548Z] > git remote --verbose [1ms]
[2022-08-28T01:23:34.554Z] > git config --get commit.template [1ms]
[2022-08-28T01:23:39.595Z] > git status -z -uall [33ms]
[2022-08-28T01:23:39.601Z] > git symbolic-ref --short HEAD [1ms]
[2022-08-28T01:23:39.606Z] > git for-each-ref --format=%(refname)%00%(upstream:short)%00%(objectname)%00%(upstream:track)%00%(upstream:remotename)%00%(upstream:remoteref) refs/heads/main refs/remotes/main [1ms]
[2022-08-28T01:23:39.617Z] > git for-each-ref --sort -committerdate --format %(refname) %(objectname) %(*objectname) [6ms]
[2022-08-28T01:23:39.618Z] > git remote --verbose [2ms]
[2022-08-28T01:23:39.624Z] > git config --get commit.template [1ms]
