[2022-08-28T15:30:00.186Z] Log level: Info
[2022-08-28T15:30:00.188Z] [info] Validating found git in: git
[2022-08-28T15:30:00.221Z] [info] Using git 2.35.1 from git
[2022-08-28T15:30:00.244Z] > git rev-parse --show-toplevel [16ms]
[2022-08-28T15:30:00.251Z] > git rev-parse --git-dir --git-common-dir [0ms]
[2022-08-28T15:30:00.256Z] [info] Open repository: /home/jordanyx
[2022-08-28T15:30:00.351Z] > git status -z -uall [82ms]
[2022-08-28T15:30:00.364Z] > git symbolic-ref --short HEAD [8ms]
[2022-08-28T15:30:00.387Z] > git for-each-ref --format=%(refname)%00%(upstream:short)%00%(objectname)%00%(upstream:track)%00%(upstream:remotename)%00%(upstream:remoteref) refs/heads/main refs/remotes/main [17ms]
[2022-08-28T15:30:00.404Z] > git remote --verbose [7ms]
[2022-08-28T15:30:00.405Z] > git for-each-ref --sort -committerdate --format %(refname) %(objectname) %(*objectname) [12ms]
[2022-08-28T15:30:00.439Z] > git config --get commit.template [4ms]
[2022-08-28T15:30:00.590Z] > git status -z -uall [143ms]
[2022-08-28T15:30:00.601Z] > git symbolic-ref --short HEAD [5ms]
[2022-08-28T15:30:00.608Z] > git for-each-ref --format=%(refname)%00%(upstream:short)%00%(objectname)%00%(upstream:track)%00%(upstream:remotename)%00%(upstream:remoteref) refs/heads/main refs/remotes/main [2ms]
[2022-08-28T15:30:00.624Z] > git for-each-ref --sort -committerdate --format %(refname) %(objectname) %(*objectname) [10ms]
[2022-08-28T15:30:00.636Z] > git remote --verbose [18ms]
[2022-08-28T15:30:00.648Z] > git config --get commit.template [1ms]
[2022-08-28T15:30:00.684Z] > git fetch [421ms]
[2022-08-28T15:30:00.684Z] Missing or invalid credentials.
Skip silent fetch commands
Missing or invalid credentials.
Skip silent fetch commands
remote: Repository not found.
fatal: Authentication failed for 'https://github.com/jmon360/demo-repo.git/'
[2022-08-28T15:30:00.881Z] > git check-ignore -v -z --stdin [8ms]
[2022-08-28T15:30:00.916Z] > git show --textconv :pythonfiles/tcpserver.py [19ms]
[2022-08-28T15:30:00.919Z] > git ls-files --stage -- /home/jordanyx/pythonfiles/tcpserver.py [16ms]
[2022-08-28T15:30:00.936Z] > git cat-file -s b3552bd5f623040bdcf9b36a6047fd5a81df6ace [12ms]
[2022-08-28T15:30:02.580Z] > git status -z -uall [66ms]
[2022-08-28T15:30:02.586Z] > git symbolic-ref --short HEAD [0ms]
[2022-08-28T15:30:02.593Z] > git for-each-ref --format=%(refname)%00%(upstream:short)%00%(objectname)%00%(upstream:track)%00%(upstream:remotename)%00%(upstream:remoteref) refs/heads/main refs/remotes/main [2ms]
[2022-08-28T15:30:02.603Z] > git for-each-ref --sort -committerdate --format %(refname) %(objectname) %(*objectname) [5ms]
[2022-08-28T15:30:02.604Z] > git remote --verbose [1ms]
[2022-08-28T15:30:02.620Z] > git config --get commit.template [2ms]
[2022-08-28T15:30:07.688Z] > git status -z -uall [60ms]
[2022-08-28T15:30:07.694Z] > git symbolic-ref --short HEAD [0ms]
[2022-08-28T15:30:07.701Z] > git for-each-ref --format=%(refname)%00%(upstream:short)%00%(objectname)%00%(upstream:track)%00%(upstream:remotename)%00%(upstream:remoteref) refs/heads/main refs/remotes/main [1ms]
[2022-08-28T15:30:07.711Z] > git for-each-ref --sort -committerdate --format %(refname) %(objectname) %(*objectname) [5ms]
[2022-08-28T15:30:07.711Z] > git remote --verbose [1ms]
[2022-08-28T15:30:07.722Z] > git config --get commit.template [1ms]
[2022-08-28T15:30:12.801Z] > git status -z -uall [67ms]
[2022-08-28T15:30:12.807Z] > git symbolic-ref --short HEAD [0ms]
[2022-08-28T15:30:12.814Z] > git for-each-ref --format=%(refname)%00%(upstream:short)%00%(objectname)%00%(upstream:track)%00%(upstream:remotename)%00%(upstream:remoteref) refs/heads/main refs/remotes/main [1ms]
[2022-08-28T15:30:12.823Z] > git for-each-ref --sort -committerdate --format %(refname) %(objectname) %(*objectname) [5ms]
[2022-08-28T15:30:12.823Z] > git remote --verbose [1ms]
[2022-08-28T15:30:12.834Z] > git config --get commit.template [1ms]
[2022-08-28T15:30:18.137Z] > git status -z -uall [66ms]
[2022-08-28T15:30:18.144Z] > git symbolic-ref --short HEAD [1ms]
[2022-08-28T15:30:18.149Z] > git for-each-ref --format=%(refname)%00%(upstream:short)%00%(objectname)%00%(upstream:track)%00%(upstream:remotename)%00%(upstream:remoteref) refs/heads/main refs/remotes/main [1ms]
[2022-08-28T15:30:18.158Z] > git for-each-ref --sort -committerdate --format %(refname) %(objectname) %(*objectname) [5ms]
[2022-08-28T15:30:18.158Z] > git remote --verbose [1ms]
[2022-08-28T15:30:18.171Z] > git config --get commit.template [2ms]
[2022-08-28T15:30:23.338Z] > git status -z -uall [60ms]
[2022-08-28T15:30:23.344Z] > git symbolic-ref --short HEAD [1ms]
[2022-08-28T15:30:23.349Z] > git for-each-ref --format=%(refname)%00%(upstream:short)%00%(objectname)%00%(upstream:track)%00%(upstream:remotename)%00%(upstream:remoteref) refs/heads/main refs/remotes/main [1ms]
[2022-08-28T15:30:23.358Z] > git for-each-ref --sort -committerdate --format %(refname) %(objectname) %(*objectname) [4ms]
[2022-08-28T15:30:23.358Z] > git remote --verbose [1ms]
[2022-08-28T15:30:23.369Z] > git config --get commit.template [2ms]
[2022-08-28T15:30:28.445Z] > git status -z -uall [59ms]
[2022-08-28T15:30:28.451Z] > git symbolic-ref --short HEAD [0ms]
[2022-08-28T15:30:28.457Z] > git for-each-ref --format=%(refname)%00%(upstream:short)%00%(objectname)%00%(upstream:track)%00%(upstream:remotename)%00%(upstream:remoteref) refs/heads/main refs/remotes/main [1ms]
[2022-08-28T15:30:28.465Z] > git for-each-ref --sort -committerdate --format %(refname) %(objectname) %(*objectname) [4ms]
[2022-08-28T15:30:28.465Z] > git remote --verbose [1ms]
[2022-08-28T15:30:28.477Z] > git config --get commit.template [1ms]
[2022-08-28T15:30:33.544Z] > git status -z -uall [59ms]
[2022-08-28T15:30:33.549Z] > git symbolic-ref --short HEAD [1ms]
[2022-08-28T15:30:33.553Z] > git for-each-ref --format=%(refname)%00%(upstream:short)%00%(objectname)%00%(upstream:track)%00%(upstream:remotename)%00%(upstream:remoteref) refs/heads/main refs/remotes/main [1ms]
[2022-08-28T15:30:33.558Z] > git for-each-ref --sort -committerdate --format %(refname) %(objectname) %(*objectname) [3ms]
[2022-08-28T15:30:33.559Z] > git remote --verbose [1ms]
[2022-08-28T15:30:33.570Z] > git config --get commit.template [1ms]
[2022-08-28T15:30:37.844Z] > git show --textconv :pythonfiles/netcat.py [5ms]
[2022-08-28T15:30:37.846Z] > git ls-files --stage -- /home/jordanyx/pythonfiles/netcat.py [3ms]
[2022-08-28T15:30:38.166Z] > git check-ignore -v -z --stdin [4ms]
[2022-08-28T15:30:38.638Z] > git status -z -uall [60ms]
[2022-08-28T15:30:38.642Z] > git symbolic-ref --short HEAD [0ms]
[2022-08-28T15:30:38.647Z] > git for-each-ref --format=%(refname)%00%(upstream:short)%00%(objectname)%00%(upstream:track)%00%(upstream:remotename)%00%(upstream:remoteref) refs/heads/main refs/remotes/main [1ms]
[2022-08-28T15:30:38.653Z] > git for-each-ref --sort -committerdate --format %(refname) %(objectname) %(*objectname) [3ms]
[2022-08-28T15:30:38.654Z] > git remote --verbose [2ms]
[2022-08-28T15:30:38.662Z] > git config --get commit.template [0ms]
[2022-08-28T15:30:43.730Z] > git status -z -uall [59ms]
[2022-08-28T15:30:43.735Z] > git symbolic-ref --short HEAD [1ms]
[2022-08-28T15:30:43.739Z] > git for-each-ref --format=%(refname)%00%(upstream:short)%00%(objectname)%00%(upstream:track)%00%(upstream:remotename)%00%(upstream:remoteref) refs/heads/main refs/remotes/main [1ms]
[2022-08-28T15:30:43.745Z] > git for-each-ref --sort -committerdate --format %(refname) %(objectname) %(*objectname) [3ms]
[2022-08-28T15:30:43.745Z] > git remote --verbose [0ms]
[2022-08-28T15:30:43.754Z] > git config --get commit.template [1ms]
[2022-08-28T15:30:48.818Z] > git status -z -uall [59ms]
[2022-08-28T15:30:48.823Z] > git symbolic-ref --short HEAD [1ms]
[2022-08-28T15:30:48.827Z] > git for-each-ref --format=%(refname)%00%(upstream:short)%00%(objectname)%00%(upstream:track)%00%(upstream:remotename)%00%(upstream:remoteref) refs/heads/main refs/remotes/main [1ms]
[2022-08-28T15:30:48.834Z] > git for-each-ref --sort -committerdate --format %(refname) %(objectname) %(*objectname) [4ms]
[2022-08-28T15:30:48.834Z] > git remote --verbose [1ms]
[2022-08-28T15:30:48.842Z] > git config --get commit.template [0ms]
[2022-08-28T15:30:53.909Z] > git status -z -uall [60ms]
[2022-08-28T15:30:53.915Z] > git symbolic-ref --short HEAD [1ms]
[2022-08-28T15:30:53.920Z] > git for-each-ref --format=%(refname)%00%(upstream:short)%00%(objectname)%00%(upstream:track)%00%(upstream:remotename)%00%(upstream:remoteref) refs/heads/main refs/remotes/main [1ms]
[2022-08-28T15:30:53.928Z] > git for-each-ref --sort -committerdate --format %(refname) %(objectname) %(*objectname) [4ms]
[2022-08-28T15:30:53.929Z] > git remote --verbose [1ms]
[2022-08-28T15:30:53.940Z] > git config --get commit.template [2ms]
[2022-08-28T15:30:59.011Z] > git status -z -uall [63ms]
[2022-08-28T15:30:59.016Z] > git symbolic-ref --short HEAD [0ms]
[2022-08-28T15:30:59.021Z] > git for-each-ref --format=%(refname)%00%(upstream:short)%00%(objectname)%00%(upstream:track)%00%(upstream:remotename)%00%(upstream:remoteref) refs/heads/main refs/remotes/main [1ms]
[2022-08-28T15:30:59.028Z] > git for-each-ref --sort -committerdate --format %(refname) %(objectname) %(*objectname) [4ms]
[2022-08-28T15:30:59.028Z] > git remote --verbose [1ms]
[2022-08-28T15:30:59.039Z] > git config --get commit.template [2ms]
[2022-08-28T15:31:04.104Z] > git status -z -uall [60ms]
[2022-08-28T15:31:04.109Z] > git symbolic-ref --short HEAD [1ms]
[2022-08-28T15:31:04.114Z] > git for-each-ref --format=%(refname)%00%(upstream:short)%00%(objectname)%00%(upstream:track)%00%(upstream:remotename)%00%(upstream:remoteref) refs/heads/main refs/remotes/main [1ms]
[2022-08-28T15:31:04.123Z] > git for-each-ref --sort -committerdate --format %(refname) %(objectname) %(*objectname) [5ms]
[2022-08-28T15:31:04.124Z] > git remote --verbose [2ms]
[2022-08-28T15:31:04.136Z] > git config --get commit.template [2ms]
[2022-08-28T15:31:09.202Z] > git status -z -uall [59ms]
[2022-08-28T15:31:09.208Z] > git symbolic-ref --short HEAD [1ms]
[2022-08-28T15:31:09.213Z] > git for-each-ref --format=%(refname)%00%(upstream:short)%00%(objectname)%00%(upstream:track)%00%(upstream:remotename)%00%(upstream:remoteref) refs/heads/main refs/remotes/main [1ms]
[2022-08-28T15:31:09.220Z] > git for-each-ref --sort -committerdate --format %(refname) %(objectname) %(*objectname) [4ms]
[2022-08-28T15:31:09.220Z] > git remote --verbose [1ms]
[2022-08-28T15:31:09.230Z] > git config --get commit.template [2ms]
[2022-08-28T15:31:14.299Z] > git status -z -uall [60ms]
[2022-08-28T15:31:14.304Z] > git symbolic-ref --short HEAD [1ms]
[2022-08-28T15:31:14.308Z] > git for-each-ref --format=%(refname)%00%(upstream:short)%00%(objectname)%00%(upstream:track)%00%(upstream:remotename)%00%(upstream:remoteref) refs/heads/main refs/remotes/main [1ms]
[2022-08-28T15:31:14.314Z] > git for-each-ref --sort -committerdate --format %(refname) %(objectname) %(*objectname) [3ms]
[2022-08-28T15:31:14.315Z] > git remote --verbose [1ms]
[2022-08-28T15:31:14.324Z] > git config --get commit.template [2ms]
[2022-08-28T15:31:19.394Z] > git status -z -uall [60ms]
[2022-08-28T15:31:19.399Z] > git symbolic-ref --short HEAD [1ms]
[2022-08-28T15:31:19.406Z] > git for-each-ref --format=%(refname)%00%(upstream:short)%00%(objectname)%00%(upstream:track)%00%(upstream:remotename)%00%(upstream:remoteref) refs/heads/main refs/remotes/main [2ms]
[2022-08-28T15:31:19.413Z] > git for-each-ref --sort -committerdate --format %(refname) %(objectname) %(*objectname) [3ms]
[2022-08-28T15:31:19.414Z] > git remote --verbose [0ms]
[2022-08-28T15:31:19.422Z] > git config --get commit.template [1ms]
[2022-08-28T15:31:24.488Z] > git status -z -uall [60ms]
[2022-08-28T15:31:24.493Z] > git symbolic-ref --short HEAD [1ms]
[2022-08-28T15:31:24.497Z] > git for-each-ref --format=%(refname)%00%(upstream:short)%00%(objectname)%00%(upstream:track)%00%(upstream:remotename)%00%(upstream:remoteref) refs/heads/main refs/remotes/main [1ms]
[2022-08-28T15:31:24.504Z] > git for-each-ref --sort -committerdate --format %(refname) %(objectname) %(*objectname) [3ms]
[2022-08-28T15:31:24.504Z] > git remote --verbose [0ms]
[2022-08-28T15:31:24.514Z] > git config --get commit.template [2ms]
[2022-08-28T15:31:29.582Z] > git status -z -uall [59ms]
[2022-08-28T15:31:29.586Z] > git symbolic-ref --short HEAD [0ms]
[2022-08-28T15:31:29.590Z] > git for-each-ref --format=%(refname)%00%(upstream:short)%00%(objectname)%00%(upstream:track)%00%(upstream:remotename)%00%(upstream:remoteref) refs/heads/main refs/remotes/main [1ms]
[2022-08-28T15:31:29.597Z] > git for-each-ref --sort -committerdate --format %(refname) %(objectname) %(*objectname) [4ms]
[2022-08-28T15:31:29.597Z] > git remote --verbose [1ms]
[2022-08-28T15:31:29.605Z] > git config --get commit.template [0ms]
[2022-08-28T15:31:34.672Z] > git status -z -uall [61ms]
[2022-08-28T15:31:34.678Z] > git symbolic-ref --short HEAD [1ms]
[2022-08-28T15:31:34.682Z] > git for-each-ref --format=%(refname)%00%(upstream:short)%00%(objectname)%00%(upstream:track)%00%(upstream:remotename)%00%(upstream:remoteref) refs/heads/main refs/remotes/main [1ms]
[2022-08-28T15:31:34.688Z] > git for-each-ref --sort -committerdate --format %(refname) %(objectname) %(*objectname) [3ms]
[2022-08-28T15:31:34.688Z] > git remote --verbose [1ms]
[2022-08-28T15:31:34.698Z] > git config --get commit.template [1ms]
[2022-08-28T15:31:39.768Z] > git status -z -uall [64ms]
[2022-08-28T15:31:39.774Z] > git symbolic-ref --short HEAD [1ms]
[2022-08-28T15:31:39.780Z] > git for-each-ref --format=%(refname)%00%(upstream:short)%00%(objectname)%00%(upstream:track)%00%(upstream:remotename)%00%(upstream:remoteref) refs/heads/main refs/remotes/main [1ms]
[2022-08-28T15:31:39.791Z] > git for-each-ref --sort -committerdate --format %(refname) %(objectname) %(*objectname) [5ms]
[2022-08-28T15:31:39.791Z] > git remote --verbose [1ms]
[2022-08-28T15:31:39.803Z] > git config --get commit.template [3ms]
[2022-08-28T15:31:44.868Z] > git status -z -uall [59ms]
[2022-08-28T15:31:44.873Z] > git symbolic-ref --short HEAD [0ms]
[2022-08-28T15:31:44.878Z] > git for-each-ref --format=%(refname)%00%(upstream:short)%00%(objectname)%00%(upstream:track)%00%(upstream:remotename)%00%(upstream:remoteref) refs/heads/main refs/remotes/main [1ms]
[2022-08-28T15:31:44.885Z] > git for-each-ref --sort -committerdate --format %(refname) %(objectname) %(*objectname) [4ms]
[2022-08-28T15:31:44.885Z] > git remote --verbose [1ms]
[2022-08-28T15:31:44.897Z] > git config --get commit.template [2ms]
[2022-08-28T15:31:49.966Z] > git status -z -uall [62ms]
[2022-08-28T15:31:49.972Z] > git symbolic-ref --short HEAD [1ms]
[2022-08-28T15:31:49.976Z] > git for-each-ref --format=%(refname)%00%(upstream:short)%00%(objectname)%00%(upstream:track)%00%(upstream:remotename)%00%(upstream:remoteref) refs/heads/main refs/remotes/main [1ms]
[2022-08-28T15:31:49.982Z] > git for-each-ref --sort -committerdate --format %(refname) %(objectname) %(*objectname) [3ms]
[2022-08-28T15:31:49.983Z] > git remote --verbose [1ms]
[2022-08-28T15:31:49.992Z] > git config --get commit.template [1ms]
[2022-08-28T15:31:55.062Z] > git status -z -uall [61ms]
[2022-08-28T15:31:55.068Z] > git symbolic-ref --short HEAD [1ms]
[2022-08-28T15:31:55.073Z] > git for-each-ref --format=%(refname)%00%(upstream:short)%00%(objectname)%00%(upstream:track)%00%(upstream:remotename)%00%(upstream:remoteref) refs/heads/main refs/remotes/main [1ms]
[2022-08-28T15:31:55.080Z] > git for-each-ref --sort -committerdate --format %(refname) %(objectname) %(*objectname) [4ms]
[2022-08-28T15:31:55.080Z] > git remote --verbose [1ms]
[2022-08-28T15:31:55.091Z] > git config --get commit.template [3ms]
[2022-08-28T15:32:00.159Z] > git status -z -uall [59ms]
[2022-08-28T15:32:00.164Z] > git symbolic-ref --short HEAD [1ms]
[2022-08-28T15:32:00.168Z] > git for-each-ref --format=%(refname)%00%(upstream:short)%00%(objectname)%00%(upstream:track)%00%(upstream:remotename)%00%(upstream:remoteref) refs/heads/main refs/remotes/main [1ms]
[2022-08-28T15:32:00.175Z] > git for-each-ref --sort -committerdate --format %(refname) %(objectname) %(*objectname) [4ms]
[2022-08-28T15:32:00.175Z] > git remote --verbose [1ms]
[2022-08-28T15:32:00.183Z] > git config --get commit.template [1ms]
[2022-08-28T15:32:05.252Z] > git status -z -uall [60ms]
[2022-08-28T15:32:05.258Z] > git symbolic-ref --short HEAD [1ms]
[2022-08-28T15:32:05.262Z] > git for-each-ref --format=%(refname)%00%(upstream:short)%00%(objectname)%00%(upstream:track)%00%(upstream:remotename)%00%(upstream:remoteref) refs/heads/main refs/remotes/main [1ms]
[2022-08-28T15:32:05.268Z] > git for-each-ref --sort -committerdate --format %(refname) %(objectname) %(*objectname) [3ms]
[2022-08-28T15:32:05.269Z] > git remote --verbose [1ms]
[2022-08-28T15:32:05.278Z] > git config --get commit.template [2ms]
[2022-08-28T15:32:10.515Z] > git status -z -uall [60ms]
[2022-08-28T15:32:10.520Z] > git symbolic-ref --short HEAD [0ms]
[2022-08-28T15:32:10.525Z] > git for-each-ref --format=%(refname)%00%(upstream:short)%00%(objectname)%00%(upstream:track)%00%(upstream:remotename)%00%(upstream:remoteref) refs/heads/main refs/remotes/main [1ms]
[2022-08-28T15:32:10.532Z] > git for-each-ref --sort -committerdate --format %(refname) %(objectname) %(*objectname) [4ms]
[2022-08-28T15:32:10.532Z] > git remote --verbose [1ms]
[2022-08-28T15:32:10.542Z] > git config --get commit.template [1ms]
[2022-08-28T15:32:11.217Z] > git config --local branch.main.github-pr-owner-number [29ms]
[2022-08-28T15:32:15.614Z] > git status -z -uall [59ms]
[2022-08-28T15:32:15.620Z] > git symbolic-ref --short HEAD [1ms]
[2022-08-28T15:32:15.626Z] > git for-each-ref --format=%(refname)%00%(upstream:short)%00%(objectname)%00%(upstream:track)%00%(upstream:remotename)%00%(upstream:remoteref) refs/heads/main refs/remotes/main [2ms]
[2022-08-28T15:32:15.633Z] > git for-each-ref --sort -committerdate --format %(refname) %(objectname) %(*objectname) [4ms]
[2022-08-28T15:32:15.633Z] > git remote --verbose [1ms]
[2022-08-28T15:32:15.644Z] > git config --get commit.template [2ms]
[2022-08-28T15:32:20.711Z] > git status -z -uall [59ms]
[2022-08-28T15:32:20.716Z] > git symbolic-ref --short HEAD [0ms]
[2022-08-28T15:32:20.721Z] > git for-each-ref --format=%(refname)%00%(upstream:short)%00%(objectname)%00%(upstream:track)%00%(upstream:remotename)%00%(upstream:remoteref) refs/heads/main refs/remotes/main [1ms]
[2022-08-28T15:32:20.728Z] > git for-each-ref --sort -committerdate --format %(refname) %(objectname) %(*objectname) [4ms]
[2022-08-28T15:32:20.728Z] > git remote --verbose [1ms]
[2022-08-28T15:32:20.738Z] > git config --get commit.template [2ms]
[2022-08-28T15:32:25.834Z] > git status -z -uall [63ms]
[2022-08-28T15:32:25.839Z] > git symbolic-ref --short HEAD [1ms]
[2022-08-28T15:32:25.843Z] > git for-each-ref --format=%(refname)%00%(upstream:short)%00%(objectname)%00%(upstream:track)%00%(upstream:remotename)%00%(upstream:remoteref) refs/heads/main refs/remotes/main [1ms]
[2022-08-28T15:32:25.850Z] > git for-each-ref --sort -committerdate --format %(refname) %(objectname) %(*objectname) [3ms]
[2022-08-28T15:32:25.851Z] > git remote --verbose [1ms]
[2022-08-28T15:32:25.860Z] > git config --get commit.template [2ms]
[2022-08-28T15:32:30.931Z] > git status -z -uall [58ms]
[2022-08-28T15:32:30.937Z] > git symbolic-ref --short HEAD [1ms]
[2022-08-28T15:32:30.942Z] > git for-each-ref --format=%(refname)%00%(upstream:short)%00%(objectname)%00%(upstream:track)%00%(upstream:remotename)%00%(upstream:remoteref) refs/heads/main refs/remotes/main [1ms]
[2022-08-28T15:32:30.949Z] > git for-each-ref --sort -committerdate --format %(refname) %(objectname) %(*objectname) [4ms]
[2022-08-28T15:32:30.949Z] > git remote --verbose [1ms]
[2022-08-28T15:32:30.960Z] > git config --get commit.template [2ms]
[2022-08-28T15:32:36.028Z] > git status -z -uall [61ms]
[2022-08-28T15:32:36.033Z] > git symbolic-ref --short HEAD [0ms]
[2022-08-28T15:32:36.038Z] > git for-each-ref --format=%(refname)%00%(upstream:short)%00%(objectname)%00%(upstream:track)%00%(upstream:remotename)%00%(upstream:remoteref) refs/heads/main refs/remotes/main [1ms]
[2022-08-28T15:32:36.045Z] > git for-each-ref --sort -committerdate --format %(refname) %(objectname) %(*objectname) [4ms]
[2022-08-28T15:32:36.045Z] > git remote --verbose [1ms]
[2022-08-28T15:32:36.055Z] > git config --get commit.template [1ms]
[2022-08-28T15:32:41.122Z] > git status -z -uall [62ms]
[2022-08-28T15:32:41.128Z] > git symbolic-ref --short HEAD [1ms]
[2022-08-28T15:32:41.133Z] > git for-each-ref --format=%(refname)%00%(upstream:short)%00%(objectname)%00%(upstream:track)%00%(upstream:remotename)%00%(upstream:remoteref) refs/heads/main refs/remotes/main [2ms]
[2022-08-28T15:32:41.142Z] > git for-each-ref --sort -committerdate --format %(refname) %(objectname) %(*objectname) [5ms]
[2022-08-28T15:32:41.143Z] > git remote --verbose [1ms]
[2022-08-28T15:32:41.154Z] > git config --get commit.template [3ms]
[2022-08-28T15:32:46.231Z] > git status -z -uall [59ms]
[2022-08-28T15:32:46.237Z] > git symbolic-ref --short HEAD [1ms]
[2022-08-28T15:32:46.241Z] > git for-each-ref --format=%(refname)%00%(upstream:short)%00%(objectname)%00%(upstream:track)%00%(upstream:remotename)%00%(upstream:remoteref) refs/heads/main refs/remotes/main [1ms]
[2022-08-28T15:32:46.249Z] > git for-each-ref --sort -committerdate --format %(refname) %(objectname) %(*objectname) [4ms]
[2022-08-28T15:32:46.249Z] > git remote --verbose [1ms]
[2022-08-28T15:32:46.259Z] > git config --get commit.template [2ms]
[2022-08-28T15:32:51.328Z] > git status -z -uall [60ms]
[2022-08-28T15:32:51.333Z] > git symbolic-ref --short HEAD [1ms]
[2022-08-28T15:32:51.337Z] > git for-each-ref --format=%(refname)%00%(upstream:short)%00%(objectname)%00%(upstream:track)%00%(upstream:remotename)%00%(upstream:remoteref) refs/heads/main refs/remotes/main [1ms]
[2022-08-28T15:32:51.344Z] > git for-each-ref --sort -committerdate --format %(refname) %(objectname) %(*objectname) [4ms]
[2022-08-28T15:32:51.344Z] > git remote --verbose [1ms]
[2022-08-28T15:32:51.354Z] > git config --get commit.template [2ms]
[2022-08-28T15:32:56.420Z] > git status -z -uall [59ms]
[2022-08-28T15:32:56.426Z] > git symbolic-ref --short HEAD [1ms]
[2022-08-28T15:32:56.435Z] > git for-each-ref --format=%(refname)%00%(upstream:short)%00%(objectname)%00%(upstream:track)%00%(upstream:remotename)%00%(upstream:remoteref) refs/heads/main refs/remotes/main [2ms]
[2022-08-28T15:32:56.448Z] > git for-each-ref --sort -committerdate --format %(refname) %(objectname) %(*objectname) [6ms]
[2022-08-28T15:32:56.448Z] > git remote --verbose [1ms]
[2022-08-28T15:32:56.461Z] > git config --get commit.template [2ms]
[2022-08-28T15:33:01.538Z] > git status -z -uall [67ms]
[2022-08-28T15:33:01.544Z] > git symbolic-ref --short HEAD [0ms]
[2022-08-28T15:33:01.549Z] > git for-each-ref --format=%(refname)%00%(upstream:short)%00%(objectname)%00%(upstream:track)%00%(upstream:remotename)%00%(upstream:remoteref) refs/heads/main refs/remotes/main [1ms]
[2022-08-28T15:33:01.558Z] > git for-each-ref --sort -committerdate --format %(refname) %(objectname) %(*objectname) [4ms]
[2022-08-28T15:33:01.558Z] > git remote --verbose [1ms]
[2022-08-28T15:33:01.567Z] > git config --get commit.template [1ms]
[2022-08-28T15:33:06.632Z] > git status -z -uall [58ms]
[2022-08-28T15:33:06.637Z] > git symbolic-ref --short HEAD [0ms]
[2022-08-28T15:33:06.642Z] > git for-each-ref --format=%(refname)%00%(upstream:short)%00%(objectname)%00%(upstream:track)%00%(upstream:remotename)%00%(upstream:remoteref) refs/heads/main refs/remotes/main [1ms]
[2022-08-28T15:33:06.649Z] > git for-each-ref --sort -committerdate --format %(refname) %(objectname) %(*objectname) [4ms]
[2022-08-28T15:33:06.649Z] > git remote --verbose [1ms]
[2022-08-28T15:33:06.661Z] > git config --get commit.template [2ms]
[2022-08-28T15:33:11.729Z] > git status -z -uall [60ms]
[2022-08-28T15:33:11.735Z] > git symbolic-ref --short HEAD [1ms]
[2022-08-28T15:33:11.740Z] > git for-each-ref --format=%(refname)%00%(upstream:short)%00%(objectname)%00%(upstream:track)%00%(upstream:remotename)%00%(upstream:remoteref) refs/heads/main refs/remotes/main [1ms]
[2022-08-28T15:33:11.748Z] > git for-each-ref --sort -committerdate --format %(refname) %(objectname) %(*objectname) [4ms]
[2022-08-28T15:33:11.748Z] > git remote --verbose [1ms]
[2022-08-28T15:33:11.759Z] > git config --get commit.template [2ms]
[2022-08-28T15:33:16.842Z] > git status -z -uall [77ms]
[2022-08-28T15:33:16.847Z] > git symbolic-ref --short HEAD [1ms]
[2022-08-28T15:33:16.852Z] > git for-each-ref --format=%(refname)%00%(upstream:short)%00%(objectname)%00%(upstream:track)%00%(upstream:remotename)%00%(upstream:remoteref) refs/heads/main refs/remotes/main [1ms]
[2022-08-28T15:33:16.860Z] > git for-each-ref --sort -committerdate --format %(refname) %(objectname) %(*objectname) [4ms]
[2022-08-28T15:33:16.860Z] > git remote --verbose [1ms]
[2022-08-28T15:33:16.874Z] > git config --get commit.template [5ms]
[2022-08-28T15:33:21.949Z] > git status -z -uall [59ms]
[2022-08-28T15:33:21.955Z] > git symbolic-ref --short HEAD [1ms]
[2022-08-28T15:33:21.960Z] > git for-each-ref --format=%(refname)%00%(upstream:short)%00%(objectname)%00%(upstream:track)%00%(upstream:remotename)%00%(upstream:remoteref) refs/heads/main refs/remotes/main [1ms]
[2022-08-28T15:33:21.968Z] > git for-each-ref --sort -committerdate --format %(refname) %(objectname) %(*objectname) [4ms]
[2022-08-28T15:33:21.969Z] > git remote --verbose [1ms]
[2022-08-28T15:33:21.981Z] > git config --get commit.template [1ms]
[2022-08-28T15:33:27.047Z] > git status -z -uall [60ms]
[2022-08-28T15:33:27.053Z] > git symbolic-ref --short HEAD [1ms]
[2022-08-28T15:33:27.058Z] > git for-each-ref --format=%(refname)%00%(upstream:short)%00%(objectname)%00%(upstream:track)%00%(upstream:remotename)%00%(upstream:remoteref) refs/heads/main refs/remotes/main [1ms]
[2022-08-28T15:33:27.066Z] > git for-each-ref --sort -committerdate --format %(refname) %(objectname) %(*objectname) [4ms]
[2022-08-28T15:33:27.066Z] > git remote --verbose [1ms]
[2022-08-28T15:33:27.075Z] > git config --get commit.template [1ms]
[2022-08-28T15:33:32.141Z] > git status -z -uall [58ms]
[2022-08-28T15:33:32.147Z] > git symbolic-ref --short HEAD [1ms]
[2022-08-28T15:33:32.152Z] > git for-each-ref --format=%(refname)%00%(upstream:short)%00%(objectname)%00%(upstream:track)%00%(upstream:remotename)%00%(upstream:remoteref) refs/heads/main refs/remotes/main [1ms]
[2022-08-28T15:33:32.160Z] > git for-each-ref --sort -committerdate --format %(refname) %(objectname) %(*objectname) [4ms]
[2022-08-28T15:33:32.160Z] > git remote --verbose [0ms]
[2022-08-28T15:33:32.170Z] > git config --get commit.template [1ms]
[2022-08-28T15:33:37.239Z] > git status -z -uall [59ms]
[2022-08-28T15:33:37.245Z] > git symbolic-ref --short HEAD [0ms]
[2022-08-28T15:33:37.250Z] > git for-each-ref --format=%(refname)%00%(upstream:short)%00%(objectname)%00%(upstream:track)%00%(upstream:remotename)%00%(upstream:remoteref) refs/heads/main refs/remotes/main [1ms]
[2022-08-28T15:33:37.257Z] > git for-each-ref --sort -committerdate --format %(refname) %(objectname) %(*objectname) [3ms]
[2022-08-28T15:33:37.258Z] > git remote --verbose [1ms]
[2022-08-28T15:33:37.271Z] > git config --get commit.template [4ms]
[2022-08-28T15:33:42.337Z] > git status -z -uall [59ms]
[2022-08-28T15:33:42.343Z] > git symbolic-ref --short HEAD [1ms]
[2022-08-28T15:33:42.348Z] > git for-each-ref --format=%(refname)%00%(upstream:short)%00%(objectname)%00%(upstream:track)%00%(upstream:remotename)%00%(upstream:remoteref) refs/heads/main refs/remotes/main [1ms]
[2022-08-28T15:33:42.356Z] > git for-each-ref --sort -committerdate --format %(refname) %(objectname) %(*objectname) [4ms]
[2022-08-28T15:33:42.356Z] > git remote --verbose [1ms]
[2022-08-28T15:33:42.370Z] > git config --get commit.template [5ms]
[2022-08-28T15:33:47.455Z] > git status -z -uall [61ms]
[2022-08-28T15:33:47.461Z] > git symbolic-ref --short HEAD [1ms]
[2022-08-28T15:33:47.467Z] > git for-each-ref --format=%(refname)%00%(upstream:short)%00%(objectname)%00%(upstream:track)%00%(upstream:remotename)%00%(upstream:remoteref) refs/heads/main refs/remotes/main [1ms]
[2022-08-28T15:33:47.475Z] > git for-each-ref --sort -committerdate --format %(refname) %(objectname) %(*objectname) [3ms]
[2022-08-28T15:33:47.475Z] > git remote --verbose [1ms]
[2022-08-28T15:33:47.484Z] > git config --get commit.template [1ms]
[2022-08-28T15:33:52.551Z] > git status -z -uall [58ms]
[2022-08-28T15:33:52.557Z] > git symbolic-ref --short HEAD [1ms]
[2022-08-28T15:33:52.562Z] > git for-each-ref --format=%(refname)%00%(upstream:short)%00%(objectname)%00%(upstream:track)%00%(upstream:remotename)%00%(upstream:remoteref) refs/heads/main refs/remotes/main [1ms]
[2022-08-28T15:33:52.569Z] > git for-each-ref --sort -committerdate --format %(refname) %(objectname) %(*objectname) [4ms]
[2022-08-28T15:33:52.570Z] > git remote --verbose [1ms]
[2022-08-28T15:33:52.581Z] > git config --get commit.template [3ms]
[2022-08-28T15:33:57.863Z] > git status -z -uall [60ms]
[2022-08-28T15:33:57.870Z] > git symbolic-ref --short HEAD [1ms]
[2022-08-28T15:33:57.876Z] > git for-each-ref --format=%(refname)%00%(upstream:short)%00%(objectname)%00%(upstream:track)%00%(upstream:remotename)%00%(upstream:remoteref) refs/heads/main refs/remotes/main [1ms]
[2022-08-28T15:33:57.883Z] > git for-each-ref --sort -committerdate --format %(refname) %(objectname) %(*objectname) [4ms]
[2022-08-28T15:33:57.883Z] > git remote --verbose [1ms]
[2022-08-28T15:33:57.894Z] > git config --get commit.template [2ms]
[2022-08-28T15:34:02.996Z] > git status -z -uall [59ms]
[2022-08-28T15:34:03.003Z] > git symbolic-ref --short HEAD [1ms]
[2022-08-28T15:34:03.007Z] > git for-each-ref --format=%(refname)%00%(upstream:short)%00%(objectname)%00%(upstream:track)%00%(upstream:remotename)%00%(upstream:remoteref) refs/heads/main refs/remotes/main [1ms]
[2022-08-28T15:34:03.015Z] > git for-each-ref --sort -committerdate --format %(refname) %(objectname) %(*objectname) [4ms]
[2022-08-28T15:34:03.015Z] > git remote --verbose [1ms]
[2022-08-28T15:34:03.027Z] > git config --get commit.template [3ms]
[2022-08-28T15:34:08.239Z] > git status -z -uall [60ms]
[2022-08-28T15:34:08.245Z] > git symbolic-ref --short HEAD [1ms]
[2022-08-28T15:34:08.250Z] > git for-each-ref --format=%(refname)%00%(upstream:short)%00%(objectname)%00%(upstream:track)%00%(upstream:remotename)%00%(upstream:remoteref) refs/heads/main refs/remotes/main [1ms]
[2022-08-28T15:34:08.257Z] > git for-each-ref --sort -committerdate --format %(refname) %(objectname) %(*objectname) [4ms]
[2022-08-28T15:34:08.257Z] > git remote --verbose [1ms]
[2022-08-28T15:34:08.266Z] > git config --get commit.template [1ms]
[2022-08-28T15:34:13.351Z] > git status -z -uall [59ms]
[2022-08-28T15:34:13.357Z] > git symbolic-ref --short HEAD [0ms]
[2022-08-28T15:34:13.363Z] > git for-each-ref --format=%(refname)%00%(upstream:short)%00%(objectname)%00%(upstream:track)%00%(upstream:remotename)%00%(upstream:remoteref) refs/heads/main refs/remotes/main [1ms]
[2022-08-28T15:34:13.372Z] > git for-each-ref --sort -committerdate --format %(refname) %(objectname) %(*objectname) [4ms]
[2022-08-28T15:34:13.372Z] > git remote --verbose [1ms]
[2022-08-28T15:34:13.382Z] > git config --get commit.template [1ms]
[2022-08-28T15:34:18.454Z] > git status -z -uall [61ms]
[2022-08-28T15:34:18.460Z] > git symbolic-ref --short HEAD [0ms]
[2022-08-28T15:34:18.465Z] > git for-each-ref --format=%(refname)%00%(upstream:short)%00%(objectname)%00%(upstream:track)%00%(upstream:remotename)%00%(upstream:remoteref) refs/heads/main refs/remotes/main [1ms]
[2022-08-28T15:34:18.472Z] > git for-each-ref --sort -committerdate --format %(refname) %(objectname) %(*objectname) [4ms]
[2022-08-28T15:34:18.473Z] > git remote --verbose [1ms]
[2022-08-28T15:34:18.483Z] > git config --get commit.template [2ms]
[2022-08-28T15:34:23.559Z] > git status -z -uall [65ms]
[2022-08-28T15:34:23.567Z] > git symbolic-ref --short HEAD [1ms]
[2022-08-28T15:34:23.576Z] > git for-each-ref --format=%(refname)%00%(upstream:short)%00%(objectname)%00%(upstream:track)%00%(upstream:remotename)%00%(upstream:remoteref) refs/heads/main refs/remotes/main [2ms]
[2022-08-28T15:34:23.592Z] > git for-each-ref --sort -committerdate --format %(refname) %(objectname) %(*objectname) [8ms]
[2022-08-28T15:34:23.592Z] > git remote --verbose [1ms]
[2022-08-28T15:34:23.608Z] > git config --get commit.template [2ms]
[2022-08-28T15:34:28.716Z] > git status -z -uall [60ms]
[2022-08-28T15:34:28.722Z] > git symbolic-ref --short HEAD [1ms]
[2022-08-28T15:34:28.727Z] > git for-each-ref --format=%(refname)%00%(upstream:short)%00%(objectname)%00%(upstream:track)%00%(upstream:remotename)%00%(upstream:remoteref) refs/heads/main refs/remotes/main [1ms]
[2022-08-28T15:34:28.738Z] > git for-each-ref --sort -committerdate --format %(refname) %(objectname) %(*objectname) [6ms]
[2022-08-28T15:34:28.738Z] > git remote --verbose [1ms]
[2022-08-28T15:34:28.749Z] > git config --get commit.template [1ms]
[2022-08-28T15:34:33.815Z] > git status -z -uall [58ms]
[2022-08-28T15:34:33.821Z] > git symbolic-ref --short HEAD [0ms]
[2022-08-28T15:34:33.826Z] > git for-each-ref --format=%(refname)%00%(upstream:short)%00%(objectname)%00%(upstream:track)%00%(upstream:remotename)%00%(upstream:remoteref) refs/heads/main refs/remotes/main [1ms]
[2022-08-28T15:34:33.833Z] > git for-each-ref --sort -committerdate --format %(refname) %(objectname) %(*objectname) [3ms]
[2022-08-28T15:34:33.834Z] > git remote --verbose [1ms]
[2022-08-28T15:34:33.844Z] > git config --get commit.template [1ms]
[2022-08-28T15:34:38.916Z] > git status -z -uall [62ms]
[2022-08-28T15:34:38.922Z] > git symbolic-ref --short HEAD [0ms]
[2022-08-28T15:34:38.927Z] > git for-each-ref --format=%(refname)%00%(upstream:short)%00%(objectname)%00%(upstream:track)%00%(upstream:remotename)%00%(upstream:remoteref) refs/heads/main refs/remotes/main [1ms]
[2022-08-28T15:34:38.935Z] > git for-each-ref --sort -committerdate --format %(refname) %(objectname) %(*objectname) [4ms]
[2022-08-28T15:34:38.935Z] > git remote --verbose [1ms]
[2022-08-28T15:34:38.946Z] > git config --get commit.template [2ms]
[2022-08-28T15:34:42.714Z] > git check-ignore -v -z --stdin [18ms]
[2022-08-28T15:34:44.014Z] > git status -z -uall [60ms]
[2022-08-28T15:34:44.020Z] > git symbolic-ref --short HEAD [1ms]
[2022-08-28T15:34:44.025Z] > git for-each-ref --format=%(refname)%00%(upstream:short)%00%(objectname)%00%(upstream:track)%00%(upstream:remotename)%00%(upstream:remoteref) refs/heads/main refs/remotes/main [1ms]
[2022-08-28T15:34:44.035Z] > git for-each-ref --sort -committerdate --format %(refname) %(objectname) %(*objectname) [5ms]
[2022-08-28T15:34:44.035Z] > git remote --verbose [1ms]
[2022-08-28T15:34:44.047Z] > git config --get commit.template [2ms]
[2022-08-28T15:34:49.140Z] > git status -z -uall [60ms]
[2022-08-28T15:34:49.146Z] > git symbolic-ref --short HEAD [1ms]
[2022-08-28T15:34:49.151Z] > git for-each-ref --format=%(refname)%00%(upstream:short)%00%(objectname)%00%(upstream:track)%00%(upstream:remotename)%00%(upstream:remoteref) refs/heads/main refs/remotes/main [2ms]
[2022-08-28T15:34:49.158Z] > git for-each-ref --sort -committerdate --format %(refname) %(objectname) %(*objectname) [4ms]
[2022-08-28T15:34:49.158Z] > git remote --verbose [1ms]
[2022-08-28T15:34:49.169Z] > git config --get commit.template [1ms]
[2022-08-28T15:34:54.242Z] > git status -z -uall [62ms]
[2022-08-28T15:34:54.247Z] > git symbolic-ref --short HEAD [0ms]
[2022-08-28T15:34:54.253Z] > git for-each-ref --format=%(refname)%00%(upstream:short)%00%(objectname)%00%(upstream:track)%00%(upstream:remotename)%00%(upstream:remoteref) refs/heads/main refs/remotes/main [1ms]
[2022-08-28T15:34:54.260Z] > git for-each-ref --sort -committerdate --format %(refname) %(objectname) %(*objectname) [3ms]
[2022-08-28T15:34:54.261Z] > git remote --verbose [1ms]
[2022-08-28T15:34:54.271Z] > git config --get commit.template [1ms]
[2022-08-28T15:34:59.368Z] > git status -z -uall [62ms]
[2022-08-28T15:34:59.374Z] > git symbolic-ref --short HEAD [1ms]
[2022-08-28T15:34:59.379Z] > git for-each-ref --format=%(refname)%00%(upstream:short)%00%(objectname)%00%(upstream:track)%00%(upstream:remotename)%00%(upstream:remoteref) refs/heads/main refs/remotes/main [1ms]
[2022-08-28T15:34:59.388Z] > git for-each-ref --sort -committerdate --format %(refname) %(objectname) %(*objectname) [5ms]
[2022-08-28T15:34:59.388Z] > git remote --verbose [1ms]
[2022-08-28T15:34:59.398Z] > git config --get commit.template [2ms]
[2022-08-28T15:35:04.484Z] > git status -z -uall [78ms]
[2022-08-28T15:35:04.492Z] > git symbolic-ref --short HEAD [2ms]
[2022-08-28T15:35:04.500Z] > git for-each-ref --format=%(refname)%00%(upstream:short)%00%(objectname)%00%(upstream:track)%00%(upstream:remotename)%00%(upstream:remoteref) refs/heads/main refs/remotes/main [1ms]
[2022-08-28T15:35:04.515Z] > git for-each-ref --sort -committerdate --format %(refname) %(objectname) %(*objectname) [9ms]
[2022-08-28T15:35:04.515Z] > git remote --verbose [1ms]
[2022-08-28T15:35:04.529Z] > git config --get commit.template [2ms]
[2022-08-28T15:35:05.412Z] > git check-ignore -v -z --stdin [4ms]
[2022-08-28T15:35:09.607Z] > git status -z -uall [65ms]
[2022-08-28T15:35:09.614Z] > git symbolic-ref --short HEAD [1ms]
[2022-08-28T15:35:09.620Z] > git for-each-ref --format=%(refname)%00%(upstream:short)%00%(objectname)%00%(upstream:track)%00%(upstream:remotename)%00%(upstream:remoteref) refs/heads/main refs/remotes/main [1ms]
[2022-08-28T15:35:09.628Z] > git for-each-ref --sort -committerdate --format %(refname) %(objectname) %(*objectname) [4ms]
[2022-08-28T15:35:09.628Z] > git remote --verbose [1ms]
[2022-08-28T15:35:09.639Z] > git config --get commit.template [1ms]
[2022-08-28T15:35:14.710Z] > git status -z -uall [64ms]
[2022-08-28T15:35:14.716Z] > git symbolic-ref --short HEAD [1ms]
[2022-08-28T15:35:14.722Z] > git for-each-ref --format=%(refname)%00%(upstream:short)%00%(objectname)%00%(upstream:track)%00%(upstream:remotename)%00%(upstream:remoteref) refs/heads/main refs/remotes/main [1ms]
[2022-08-28T15:35:14.730Z] > git for-each-ref --sort -committerdate --format %(refname) %(objectname) %(*objectname) [5ms]
[2022-08-28T15:35:14.730Z] > git remote --verbose [1ms]
[2022-08-28T15:35:14.741Z] > git config --get commit.template [2ms]
[2022-08-28T15:35:19.828Z] > git status -z -uall [72ms]
[2022-08-28T15:35:19.836Z] > git symbolic-ref --short HEAD [2ms]
[2022-08-28T15:35:19.844Z] > git for-each-ref --format=%(refname)%00%(upstream:short)%00%(objectname)%00%(upstream:track)%00%(upstream:remotename)%00%(upstream:remoteref) refs/heads/main refs/remotes/main [2ms]
[2022-08-28T15:35:19.857Z] > git for-each-ref --sort -committerdate --format %(refname) %(objectname) %(*objectname) [7ms]
[2022-08-28T15:35:19.857Z] > git remote --verbose [1ms]
[2022-08-28T15:35:19.869Z] > git config --get commit.template [1ms]
[2022-08-28T15:35:29.749Z] > git status -z -uall [61ms]
[2022-08-28T15:35:29.754Z] > git symbolic-ref --short HEAD [0ms]
[2022-08-28T15:35:29.759Z] > git for-each-ref --format=%(refname)%00%(upstream:short)%00%(objectname)%00%(upstream:track)%00%(upstream:remotename)%00%(upstream:remoteref) refs/heads/main refs/remotes/main [1ms]
[2022-08-28T15:35:29.766Z] > git for-each-ref --sort -committerdate --format %(refname) %(objectname) %(*objectname) [3ms]
[2022-08-28T15:35:29.766Z] > git remote --verbose [0ms]
[2022-08-28T15:35:29.778Z] > git config --get commit.template [3ms]
[2022-08-28T15:35:34.845Z] > git status -z -uall [61ms]
[2022-08-28T15:35:34.850Z] > git symbolic-ref --short HEAD [1ms]
[2022-08-28T15:35:34.854Z] > git for-each-ref --format=%(refname)%00%(upstream:short)%00%(objectname)%00%(upstream:track)%00%(upstream:remotename)%00%(upstream:remoteref) refs/heads/main refs/remotes/main [1ms]
[2022-08-28T15:35:34.861Z] > git for-each-ref --sort -committerdate --format %(refname) %(objectname) %(*objectname) [4ms]
[2022-08-28T15:35:34.861Z] > git remote --verbose [1ms]
[2022-08-28T15:35:34.871Z] > git config --get commit.template [2ms]
[2022-08-28T15:35:39.949Z] > git status -z -uall [60ms]
[2022-08-28T15:35:39.955Z] > git symbolic-ref --short HEAD [1ms]
[2022-08-28T15:35:39.960Z] > git for-each-ref --format=%(refname)%00%(upstream:short)%00%(objectname)%00%(upstream:track)%00%(upstream:remotename)%00%(upstream:remoteref) refs/heads/main refs/remotes/main [2ms]
[2022-08-28T15:35:39.967Z] > git for-each-ref --sort -committerdate --format %(refname) %(objectname) %(*objectname) [4ms]
[2022-08-28T15:35:39.967Z] > git remote --verbose [1ms]
[2022-08-28T15:35:39.979Z] > git config --get commit.template [2ms]
[2022-08-28T15:35:45.048Z] > git status -z -uall [62ms]
[2022-08-28T15:35:45.053Z] > git symbolic-ref --short HEAD [1ms]
[2022-08-28T15:35:45.058Z] > git for-each-ref --format=%(refname)%00%(upstream:short)%00%(objectname)%00%(upstream:track)%00%(upstream:remotename)%00%(upstream:remoteref) refs/heads/main refs/remotes/main [1ms]
[2022-08-28T15:35:45.066Z] > git for-each-ref --sort -committerdate --format %(refname) %(objectname) %(*objectname) [4ms]
[2022-08-28T15:35:45.067Z] > git remote --verbose [1ms]
[2022-08-28T15:35:45.077Z] > git config --get commit.template [2ms]
[2022-08-28T15:35:45.877Z] > git push jmon360 main:main [468ms]
[2022-08-28T15:35:45.877Z] remote: Repository not found.
fatal: repository 'https://github.com/jmon360/demo-repo.git/' not found
[2022-08-28T15:35:50.151Z] > git status -z -uall [61ms]
[2022-08-28T15:35:50.156Z] > git symbolic-ref --short HEAD [1ms]
[2022-08-28T15:35:50.164Z] > git for-each-ref --format=%(refname)%00%(upstream:short)%00%(objectname)%00%(upstream:track)%00%(upstream:remotename)%00%(upstream:remoteref) refs/heads/main refs/remotes/main [1ms]
[2022-08-28T15:35:50.171Z] > git for-each-ref --sort -committerdate --format %(refname) %(objectname) %(*objectname) [4ms]
[2022-08-28T15:35:50.171Z] > git remote --verbose [1ms]
[2022-08-28T15:35:50.182Z] > git config --get commit.template [2ms]
[2022-08-28T15:35:55.290Z] > git status -z -uall [60ms]
[2022-08-28T15:35:55.295Z] > git symbolic-ref --short HEAD [1ms]
[2022-08-28T15:35:55.300Z] > git for-each-ref --format=%(refname)%00%(upstream:short)%00%(objectname)%00%(upstream:track)%00%(upstream:remotename)%00%(upstream:remoteref) refs/heads/main refs/remotes/main [1ms]
[2022-08-28T15:35:55.306Z] > git for-each-ref --sort -committerdate --format %(refname) %(objectname) %(*objectname) [3ms]
[2022-08-28T15:35:55.307Z] > git remote --verbose [1ms]
[2022-08-28T15:35:55.317Z] > git config --get commit.template [2ms]
[2022-08-28T15:36:00.420Z] > git status -z -uall [61ms]
[2022-08-28T15:36:00.425Z] > git symbolic-ref --short HEAD [1ms]
[2022-08-28T15:36:00.431Z] > git for-each-ref --format=%(refname)%00%(upstream:short)%00%(objectname)%00%(upstream:track)%00%(upstream:remotename)%00%(upstream:remoteref) refs/heads/main refs/remotes/main [1ms]
[2022-08-28T15:36:00.438Z] > git for-each-ref --sort -committerdate --format %(refname) %(objectname) %(*objectname) [4ms]
[2022-08-28T15:36:00.438Z] > git remote --verbose [1ms]
[2022-08-28T15:36:00.449Z] > git config --get commit.template [2ms]
[2022-08-28T15:36:05.518Z] > git status -z -uall [63ms]
[2022-08-28T15:36:05.524Z] > git symbolic-ref --short HEAD [1ms]
[2022-08-28T15:36:05.530Z] > git for-each-ref --format=%(refname)%00%(upstream:short)%00%(objectname)%00%(upstream:track)%00%(upstream:remotename)%00%(upstream:remoteref) refs/heads/main refs/remotes/main [2ms]
[2022-08-28T15:36:05.541Z] > git remote --verbose [2ms]
[2022-08-28T15:36:05.541Z] > git for-each-ref --sort -committerdate --format %(refname) %(objectname) %(*objectname) [7ms]
[2022-08-28T15:36:05.575Z] > git show --textconv HEAD:pythonfiles/netcat.py [9ms]
[2022-08-28T15:36:05.575Z] > git ls-tree -l HEAD -- /home/jordanyx/pythonfiles/netcat.py [3ms]
[2022-08-28T15:36:05.576Z] > git config --get commit.template [25ms]
[2022-08-28T15:36:12.173Z] > git ls-tree -l HEAD -- /home/jordanyx/pythonfiles/netcat.py [5ms]
[2022-08-28T15:36:12.198Z] > git add -A -- /home/jordanyx/.git/COMMIT_EDITMSG [4ms]
[2022-08-28T15:36:12.236Z] > git status -z -uall [64ms]
[2022-08-28T15:36:12.242Z] > git symbolic-ref --short HEAD [1ms]
[2022-08-28T15:36:12.250Z] > git for-each-ref --format=%(refname)%00%(upstream:short)%00%(objectname)%00%(upstream:track)%00%(upstream:remotename)%00%(upstream:remoteref) refs/heads/main refs/remotes/main [1ms]
[2022-08-28T15:36:12.260Z] > git for-each-ref --sort -committerdate --format %(refname) %(objectname) %(*objectname) [7ms]
[2022-08-28T15:36:12.260Z] > git remote --verbose [1ms]
[2022-08-28T15:36:12.270Z] > git config --get commit.template [1ms]
[2022-08-28T15:36:12.342Z] > git status -z -uall [64ms]
[2022-08-28T15:36:12.348Z] > git symbolic-ref --short HEAD [0ms]
[2022-08-28T15:36:12.353Z] > git for-each-ref --format=%(refname)%00%(upstream:short)%00%(objectname)%00%(upstream:track)%00%(upstream:remotename)%00%(upstream:remoteref) refs/heads/main refs/remotes/main [2ms]
[2022-08-28T15:36:12.491Z] > git remote --verbose [128ms]
[2022-08-28T15:36:12.491Z] > git for-each-ref --sort -committerdate --format %(refname) %(objectname) %(*objectname) [135ms]
[2022-08-28T15:36:12.502Z] > git config --get commit.template [1ms]
