[Info  - 5:35:38 PM] (28260) Pylance language server 2022.8.30 (pyright ed13daf1) starting
[Info  - 5:35:38 PM] (28260) Server root directory: /home/jordanyx/.vscode/extensions/ms-python.vscode-pylance-2022.8.30/dist
[Info  - 5:35:38 PM] (28260) Notebook support: LSP
[Info  - 5:35:38 PM] (28260) Interactive window support: LSP
[Info  - 5:35:38 PM] (28260) Starting service instance "<default>"
[Info  - 5:35:38 PM] (28260) No pyproject.toml file found.
[Info  - 5:35:38 PM] (28260) Setting pythonPath for service "<default>": "/bin/python"
[Warn  - 5:35:38 PM] (28260) stubPath typings is not a valid directory.
[Info  - 5:35:38 PM] (28260) Assuming Python version 3.10
[Info  - 5:35:38 PM] (28260) Assuming Python platform Linux
[Info  - 5:35:38 PM] (28260) Searching for source files
[Info  - 5:35:38 PM] (28260) No source files found.
[Info  - 5:35:38 PM] (28260) No pyproject.toml file found.
[Info  - 5:35:38 PM] (28260) Setting pythonPath for service "<default>": "/bin/python"
[Warn  - 5:35:38 PM] (28260) stubPath typings is not a valid directory.
[Info  - 5:35:38 PM] (28260) Assuming Python version 3.10
[Info  - 5:35:38 PM] (28260) Assuming Python platform Linux
[Info  - 5:35:38 PM] (28260) Searching for source files
[Info  - 5:35:38 PM] (28260) No source files found.
[Info  - 5:35:38 PM] (28260) Background analysis(1) root directory: /home/jordanyx/.vscode/extensions/ms-python.vscode-pylance-2022.8.30/dist
[Info  - 5:35:38 PM] (28260) Background analysis(1) started
