[Info  - 23:09:27.446] Reading sessions from keychain...
[Info  - 23:09:27.457] Getting sessions for user:email...
[Info  - 23:09:27.457] Got 0 sessions for user:email...
[Info  - 23:09:27.471] Getting sessions for all scopes...
[Info  - 23:09:27.471] Got 0 sessions for ...
[Info  - 23:13:54.803] Getting sessions for read:user,repo,user:email,workflow...
[Info  - 23:13:54.803] Got 0 sessions for read:user,repo,user:email,workflow...
[Info  - 23:13:58.378] Logging in for the following scopes: read:user repo user:email workflow
[Info  - 23:13:58.388] Trying without local server... (read:user repo user:email workflow)
[Trace  - 23:14:45.332] Handling Uri...
[Info  - 23:14:45.332] Exchanging code for token...
[Info  - 23:14:46.103] Token exchange success!
[Info  - 23:14:46.104] Getting user info...
[Info  - 23:14:46.320] Got account info!
[Info  - 23:14:46.321] Storing 1 sessions...
[Info  - 23:14:54.829] Reading sessions from keychain...
[Info  - 23:14:54.829] Stored 1 sessions!
[Info  - 23:14:54.829] Login success!
[Trace  - 23:14:54.858] Token acquired from secret storage.
[Info  - 23:14:54.858] Got stored sessions!
[Trace  - 23:14:54.858] Read the following session from the keychain with the following scopes: read:user repo user:email workflow
[Info  - 23:14:54.859] Got 1 verified sessions.
[Info  - 23:14:54.860] Getting sessions for user:email...
[Info  - 23:14:54.860] Got 0 sessions for user:email...
