[2022-08-28T01:16:59.773Z] Log level: Info
[2022-08-28T01:16:59.775Z] [info] Validating found git in: git
[2022-08-28T01:16:59.803Z] [info] Using git 2.35.1 from git
[2022-08-28T01:16:59.822Z] > git rev-parse --show-toplevel [11ms]
[2022-08-28T01:16:59.831Z] > git rev-parse --git-dir --git-common-dir [1ms]
[2022-08-28T01:16:59.835Z] [info] Open repository: /home/jordanyx
[2022-08-28T01:16:59.929Z] > git status -z -uall [77ms]
[2022-08-28T01:16:59.945Z] > git symbolic-ref --short HEAD [10ms]
[2022-08-28T01:16:59.953Z] > git for-each-ref --format=%(refname)%00%(upstream:short)%00%(objectname)%00%(upstream:track)%00%(upstream:remotename)%00%(upstream:remoteref) refs/heads/main refs/remotes/main [2ms]
[2022-08-28T01:16:59.987Z] > git remote --verbose [23ms]
[2022-08-28T01:16:59.987Z] > git for-each-ref --sort -committerdate --format %(refname) %(objectname) %(*objectname) [28ms]
[2022-08-28T01:17:00.027Z] > git config --get commit.template [9ms]
[2022-08-28T01:17:00.171Z] > git status -z -uall [136ms]
[2022-08-28T01:17:00.177Z] > git fetch [331ms]
[2022-08-28T01:17:00.178Z] > git symbolic-ref --short HEAD [2ms]
[2022-08-28T01:17:00.186Z] > git for-each-ref --format=%(refname)%00%(upstream:short)%00%(objectname)%00%(upstream:track)%00%(upstream:remotename)%00%(upstream:remoteref) refs/heads/main refs/remotes/main [2ms]
[2022-08-28T01:17:00.200Z] > git remote --verbose [2ms]
[2022-08-28T01:17:00.200Z] > git for-each-ref --sort -committerdate --format %(refname) %(objectname) %(*objectname) [8ms]
[2022-08-28T01:17:00.214Z] > git config --get commit.template [2ms]
[2022-08-28T01:17:00.273Z] > git status -z -uall [52ms]
[2022-08-28T01:17:00.279Z] > git symbolic-ref --short HEAD [1ms]
[2022-08-28T01:17:00.286Z] > git for-each-ref --format=%(refname)%00%(upstream:short)%00%(objectname)%00%(upstream:track)%00%(upstream:remotename)%00%(upstream:remoteref) refs/heads/main refs/remotes/main [2ms]
[2022-08-28T01:17:00.296Z] > git for-each-ref --sort -committerdate --format %(refname) %(objectname) %(*objectname) [5ms]
[2022-08-28T01:17:00.296Z] > git remote --verbose [1ms]
[2022-08-28T01:17:00.308Z] > git config --get commit.template [2ms]
[2022-08-28T01:17:00.373Z] > git check-ignore -v -z --stdin [5ms]
[2022-08-28T01:17:00.556Z] > git show --textconv :pythonfiles/tcpclient.py [21ms]
[2022-08-28T01:17:00.556Z] > git show --textconv :pythonfiles/tcpserver.py [15ms]
[2022-08-28T01:17:00.556Z] > git ls-files --stage -- /home/jordanyx/pythonfiles/tcpclient.py [9ms]
[2022-08-28T01:17:00.563Z] > git cat-file -s 29ab960dc4c98d937685c6bc0e9f235c12de5d43 [2ms]
[2022-08-28T01:17:00.563Z] > git ls-files --stage -- /home/jordanyx/pythonfiles/tcpserver.py [11ms]
[2022-08-28T01:17:00.570Z] > git cat-file -s b3552bd5f623040bdcf9b36a6047fd5a81df6ace [1ms]
[2022-08-28T01:17:01.278Z] > git ls-files --stage -- /home/jordanyx/pythonfiles/tcpclient.py [8ms]
[2022-08-28T01:17:01.285Z] > git ls-files --stage -- /home/jordanyx/pythonfiles/tcpserver.py [9ms]
[2022-08-28T01:17:01.295Z] > git cat-file -s b3552bd5f623040bdcf9b36a6047fd5a81df6ace [5ms]
[2022-08-28T01:17:01.295Z] > git cat-file -s 29ab960dc4c98d937685c6bc0e9f235c12de5d43 [11ms]
[2022-08-28T01:17:01.329Z] > git show --textconv :pythonfiles/tcpserver.py [12ms]
[2022-08-28T01:17:01.330Z] > git show --textconv :pythonfiles/tcpclient.py [8ms]
[2022-08-28T01:17:02.437Z] > git status -z -uall [47ms]
[2022-08-28T01:17:02.443Z] > git symbolic-ref --short HEAD [0ms]
[2022-08-28T01:17:02.449Z] > git for-each-ref --format=%(refname)%00%(upstream:short)%00%(objectname)%00%(upstream:track)%00%(upstream:remotename)%00%(upstream:remoteref) refs/heads/main refs/remotes/main [1ms]
[2022-08-28T01:17:02.457Z] > git for-each-ref --sort -committerdate --format %(refname) %(objectname) %(*objectname) [4ms]
[2022-08-28T01:17:02.458Z] > git remote --verbose [2ms]
[2022-08-28T01:17:02.469Z] > git config --get commit.template [1ms]
[2022-08-28T01:17:07.522Z] > git status -z -uall [46ms]
[2022-08-28T01:17:07.529Z] > git symbolic-ref --short HEAD [1ms]
[2022-08-28T01:17:07.535Z] > git for-each-ref --format=%(refname)%00%(upstream:short)%00%(objectname)%00%(upstream:track)%00%(upstream:remotename)%00%(upstream:remoteref) refs/heads/main refs/remotes/main [1ms]
[2022-08-28T01:17:07.544Z] > git for-each-ref --sort -committerdate --format %(refname) %(objectname) %(*objectname) [5ms]
[2022-08-28T01:17:07.544Z] > git remote --verbose [1ms]
[2022-08-28T01:17:07.554Z] > git config --get commit.template [2ms]
[2022-08-28T01:17:12.705Z] > git status -z -uall [45ms]
[2022-08-28T01:17:12.712Z] > git symbolic-ref --short HEAD [1ms]
[2022-08-28T01:17:12.718Z] > git for-each-ref --format=%(refname)%00%(upstream:short)%00%(objectname)%00%(upstream:track)%00%(upstream:remotename)%00%(upstream:remoteref) refs/heads/main refs/remotes/main [2ms]
[2022-08-28T01:17:12.726Z] > git for-each-ref --sort -committerdate --format %(refname) %(objectname) %(*objectname) [4ms]
[2022-08-28T01:17:12.727Z] > git remote --verbose [1ms]
[2022-08-28T01:17:12.739Z] > git config --get commit.template [4ms]
[2022-08-28T01:17:17.812Z] > git status -z -uall [44ms]
[2022-08-28T01:17:17.819Z] > git symbolic-ref --short HEAD [1ms]
[2022-08-28T01:17:17.824Z] > git for-each-ref --format=%(refname)%00%(upstream:short)%00%(objectname)%00%(upstream:track)%00%(upstream:remotename)%00%(upstream:remoteref) refs/heads/main refs/remotes/main [1ms]
[2022-08-28T01:17:17.833Z] > git for-each-ref --sort -committerdate --format %(refname) %(objectname) %(*objectname) [5ms]
[2022-08-28T01:17:17.833Z] > git remote --verbose [1ms]
[2022-08-28T01:17:17.844Z] > git config --get commit.template [2ms]
[2022-08-28T01:17:22.901Z] > git status -z -uall [49ms]
[2022-08-28T01:17:22.907Z] > git symbolic-ref --short HEAD [1ms]
[2022-08-28T01:17:22.914Z] > git for-each-ref --format=%(refname)%00%(upstream:short)%00%(objectname)%00%(upstream:track)%00%(upstream:remotename)%00%(upstream:remoteref) refs/heads/main refs/remotes/main [1ms]
[2022-08-28T01:17:22.925Z] > git for-each-ref --sort -committerdate --format %(refname) %(objectname) %(*objectname) [7ms]
[2022-08-28T01:17:22.925Z] > git remote --verbose [1ms]
[2022-08-28T01:17:22.936Z] > git config --get commit.template [1ms]
[2022-08-28T01:17:27.996Z] > git status -z -uall [48ms]
[2022-08-28T01:17:28.002Z] > git symbolic-ref --short HEAD [1ms]
[2022-08-28T01:17:28.007Z] > git for-each-ref --format=%(refname)%00%(upstream:short)%00%(objectname)%00%(upstream:track)%00%(upstream:remotename)%00%(upstream:remoteref) refs/heads/main refs/remotes/main [1ms]
[2022-08-28T01:17:28.021Z] > git remote --verbose [1ms]
[2022-08-28T01:17:28.021Z] > git for-each-ref --sort -committerdate --format %(refname) %(objectname) %(*objectname) [7ms]
[2022-08-28T01:17:28.033Z] > git config --get commit.template [2ms]
[2022-08-28T01:17:33.090Z] > git status -z -uall [45ms]
[2022-08-28T01:17:33.097Z] > git symbolic-ref --short HEAD [1ms]
[2022-08-28T01:17:33.103Z] > git for-each-ref --format=%(refname)%00%(upstream:short)%00%(objectname)%00%(upstream:track)%00%(upstream:remotename)%00%(upstream:remoteref) refs/heads/main refs/remotes/main [1ms]
[2022-08-28T01:17:33.112Z] > git for-each-ref --sort -committerdate --format %(refname) %(objectname) %(*objectname) [5ms]
[2022-08-28T01:17:33.112Z] > git remote --verbose [1ms]
[2022-08-28T01:17:33.122Z] > git config --get commit.template [1ms]
[2022-08-28T01:17:38.176Z] > git status -z -uall [47ms]
[2022-08-28T01:17:38.183Z] > git symbolic-ref --short HEAD [1ms]
[2022-08-28T01:17:38.190Z] > git for-each-ref --format=%(refname)%00%(upstream:short)%00%(objectname)%00%(upstream:track)%00%(upstream:remotename)%00%(upstream:remoteref) refs/heads/main refs/remotes/main [1ms]
[2022-08-28T01:17:38.201Z] > git for-each-ref --sort -committerdate --format %(refname) %(objectname) %(*objectname) [6ms]
[2022-08-28T01:17:38.201Z] > git remote --verbose [1ms]
[2022-08-28T01:17:38.212Z] > git config --get commit.template [1ms]
[2022-08-28T01:17:39.317Z] > git check-ignore -v -z --stdin [10ms]
[2022-08-28T01:17:43.267Z] > git status -z -uall [47ms]
[2022-08-28T01:17:43.274Z] > git symbolic-ref --short HEAD [1ms]
[2022-08-28T01:17:43.280Z] > git for-each-ref --format=%(refname)%00%(upstream:short)%00%(objectname)%00%(upstream:track)%00%(upstream:remotename)%00%(upstream:remoteref) refs/heads/main refs/remotes/main [1ms]
[2022-08-28T01:17:43.290Z] > git for-each-ref --sort -committerdate --format %(refname) %(objectname) %(*objectname) [5ms]
[2022-08-28T01:17:43.290Z] > git remote --verbose [1ms]
[2022-08-28T01:17:43.302Z] > git config --get commit.template [2ms]
[2022-08-28T01:17:45.266Z] > git add -A -- . [943ms]
[2022-08-28T01:17:45.298Z] > git -c user.useConfigOnly=true commit --quiet --allow-empty-message --file - [26ms]
[2022-08-28T01:17:45.331Z] > git status -z -uall [27ms]
[2022-08-28T01:17:45.338Z] > git symbolic-ref --short HEAD [1ms]
[2022-08-28T01:17:45.344Z] > git for-each-ref --format=%(refname)%00%(upstream:short)%00%(objectname)%00%(upstream:track)%00%(upstream:remotename)%00%(upstream:remoteref) refs/heads/main refs/remotes/main [1ms]
[2022-08-28T01:17:45.357Z] > git for-each-ref --sort -committerdate --format %(refname) %(objectname) %(*objectname) [6ms]
[2022-08-28T01:17:45.357Z] > git remote --verbose [2ms]
[2022-08-28T01:17:45.365Z] > git config --get commit.template [0ms]
[2022-08-28T01:17:45.373Z] > git config --get commit.template [1ms]
[2022-08-28T01:17:46.036Z] > git check-ignore -v -z --stdin [3ms]
[2022-08-28T01:17:46.644Z] > git ls-files --stage -- /home/jordanyx/pythonfiles/tcpclient.py [7ms]
[2022-08-28T01:17:46.650Z] > git ls-files --stage -- /home/jordanyx/pythonfiles/tcpserver.py [7ms]
[2022-08-28T01:17:46.655Z] > git cat-file -s 29ab960dc4c98d937685c6bc0e9f235c12de5d43 [6ms]
[2022-08-28T01:17:46.656Z] > git cat-file -s b3552bd5f623040bdcf9b36a6047fd5a81df6ace [1ms]
[2022-08-28T01:17:46.671Z] > git show --textconv :pythonfiles/tcpclient.py [7ms]
[2022-08-28T01:17:46.673Z] > git show --textconv :pythonfiles/tcpserver.py [3ms]
[2022-08-28T01:17:50.487Z] > git push jmon360 main:main [4071ms]
[2022-08-28T01:17:50.487Z] To https://github.com/jmon360/demo-repo.git
   3f06f87..0c13239  main -> main
[2022-08-28T01:17:50.519Z] > git status -z -uall [26ms]
[2022-08-28T01:17:50.525Z] > git symbolic-ref --short HEAD [1ms]
[2022-08-28T01:17:50.530Z] > git for-each-ref --format=%(refname)%00%(upstream:short)%00%(objectname)%00%(upstream:track)%00%(upstream:remotename)%00%(upstream:remoteref) refs/heads/main refs/remotes/main [1ms]
[2022-08-28T01:17:50.539Z] > git for-each-ref --sort -committerdate --format %(refname) %(objectname) %(*objectname) [5ms]
[2022-08-28T01:17:50.539Z] > git remote --verbose [1ms]
[2022-08-28T01:17:50.545Z] > git config --get commit.template [1ms]
[2022-08-28T01:17:50.582Z] > git status -z -uall [31ms]
[2022-08-28T01:17:50.588Z] > git symbolic-ref --short HEAD [1ms]
[2022-08-28T01:17:50.593Z] > git for-each-ref --format=%(refname)%00%(upstream:short)%00%(objectname)%00%(upstream:track)%00%(upstream:remotename)%00%(upstream:remoteref) refs/heads/main refs/remotes/main [1ms]
[2022-08-28T01:17:50.601Z] > git for-each-ref --sort -committerdate --format %(refname) %(objectname) %(*objectname) [4ms]
[2022-08-28T01:17:50.602Z] > git remote --verbose [1ms]
[2022-08-28T01:17:50.607Z] > git config --get commit.template [1ms]
[2022-08-28T01:17:51.218Z] > git push jmon360 main:main [557ms]
[2022-08-28T01:17:51.218Z] Everything up-to-date
[2022-08-28T01:17:51.235Z] > git check-ignore -v -z --stdin [3ms]
[2022-08-28T01:17:51.252Z] > git status -z -uall [29ms]
[2022-08-28T01:17:51.257Z] > git symbolic-ref --short HEAD [1ms]
[2022-08-28T01:17:51.261Z] > git for-each-ref --format=%(refname)%00%(upstream:short)%00%(objectname)%00%(upstream:track)%00%(upstream:remotename)%00%(upstream:remoteref) refs/heads/main refs/remotes/main [1ms]
[2022-08-28T01:17:51.268Z] > git for-each-ref --sort -committerdate --format %(refname) %(objectname) %(*objectname) [4ms]
[2022-08-28T01:17:51.268Z] > git remote --verbose [1ms]
[2022-08-28T01:17:51.272Z] > git config --get commit.template [0ms]
[2022-08-28T01:17:51.795Z] > git ls-files --stage -- /home/jordanyx/pythonfiles/tcpclient.py [4ms]
[2022-08-28T01:17:51.799Z] > git ls-files --stage -- /home/jordanyx/pythonfiles/tcpserver.py [5ms]
[2022-08-28T01:17:51.802Z] > git cat-file -s 29ab960dc4c98d937685c6bc0e9f235c12de5d43 [4ms]
[2022-08-28T01:17:51.803Z] > git cat-file -s b3552bd5f623040bdcf9b36a6047fd5a81df6ace [1ms]
[2022-08-28T01:17:51.814Z] > git show --textconv :pythonfiles/tcpclient.py [4ms]
[2022-08-28T01:17:51.816Z] > git show --textconv :pythonfiles/tcpserver.py [2ms]
[2022-08-28T01:17:55.236Z] > git push jmon360 main:main [619ms]
[2022-08-28T01:17:55.236Z] Everything up-to-date
[2022-08-28T01:17:55.287Z] > git status -z -uall [46ms]
[2022-08-28T01:17:55.294Z] > git symbolic-ref --short HEAD [1ms]
[2022-08-28T01:17:55.301Z] > git for-each-ref --format=%(refname)%00%(upstream:short)%00%(objectname)%00%(upstream:track)%00%(upstream:remotename)%00%(upstream:remoteref) refs/heads/main refs/remotes/main [2ms]
[2022-08-28T01:17:55.314Z] > git for-each-ref --sort -committerdate --format %(refname) %(objectname) %(*objectname) [9ms]
[2022-08-28T01:17:55.314Z] > git remote --verbose [1ms]
[2022-08-28T01:17:55.322Z] > git config --get commit.template [1ms]
[2022-08-28T01:17:55.647Z] > git status -z -uall [34ms]
[2022-08-28T01:17:55.654Z] > git symbolic-ref --short HEAD [1ms]
[2022-08-28T01:17:55.661Z] > git for-each-ref --format=%(refname)%00%(upstream:short)%00%(objectname)%00%(upstream:track)%00%(upstream:remotename)%00%(upstream:remoteref) refs/heads/main refs/remotes/main [2ms]
[2022-08-28T01:17:55.673Z] > git for-each-ref --sort -committerdate --format %(refname) %(objectname) %(*objectname) [5ms]
[2022-08-28T01:17:55.674Z] > git remote --verbose [2ms]
[2022-08-28T01:17:55.685Z] > git config --get commit.template [1ms]
[2022-08-28T01:18:00.722Z] > git status -z -uall [29ms]
[2022-08-28T01:18:00.728Z] > git symbolic-ref --short HEAD [1ms]
[2022-08-28T01:18:00.734Z] > git for-each-ref --format=%(refname)%00%(upstream:short)%00%(objectname)%00%(upstream:track)%00%(upstream:remotename)%00%(upstream:remoteref) refs/heads/main refs/remotes/main [1ms]
[2022-08-28T01:18:00.742Z] > git for-each-ref --sort -committerdate --format %(refname) %(objectname) %(*objectname) [4ms]
[2022-08-28T01:18:00.743Z] > git remote --verbose [1ms]
[2022-08-28T01:18:00.749Z] > git config --get commit.template [0ms]
[2022-08-28T01:18:01.382Z] > git check-ignore -v -z --stdin [3ms]
[2022-08-28T01:18:05.785Z] > git status -z -uall [30ms]
[2022-08-28T01:18:05.790Z] > git symbolic-ref --short HEAD [1ms]
[2022-08-28T01:18:05.794Z] > git for-each-ref --format=%(refname)%00%(upstream:short)%00%(objectname)%00%(upstream:track)%00%(upstream:remotename)%00%(upstream:remoteref) refs/heads/main refs/remotes/main [1ms]
[2022-08-28T01:18:05.801Z] > git for-each-ref --sort -committerdate --format %(refname) %(objectname) %(*objectname) [3ms]
[2022-08-28T01:18:05.801Z] > git remote --verbose [1ms]
[2022-08-28T01:18:05.806Z] > git config --get commit.template [1ms]
[2022-08-28T01:18:10.839Z] > git status -z -uall [26ms]
[2022-08-28T01:18:10.844Z] > git symbolic-ref --short HEAD [1ms]
[2022-08-28T01:18:10.849Z] > git for-each-ref --format=%(refname)%00%(upstream:short)%00%(objectname)%00%(upstream:track)%00%(upstream:remotename)%00%(upstream:remoteref) refs/heads/main refs/remotes/main [1ms]
[2022-08-28T01:18:10.856Z] > git for-each-ref --sort -committerdate --format %(refname) %(objectname) %(*objectname) [4ms]
[2022-08-28T01:18:10.857Z] > git remote --verbose [1ms]
[2022-08-28T01:18:10.863Z] > git config --get commit.template [1ms]
[2022-08-28T01:18:15.899Z] > git status -z -uall [30ms]
[2022-08-28T01:18:15.903Z] > git symbolic-ref --short HEAD [0ms]
[2022-08-28T01:18:15.907Z] > git for-each-ref --format=%(refname)%00%(upstream:short)%00%(objectname)%00%(upstream:track)%00%(upstream:remotename)%00%(upstream:remoteref) refs/heads/main refs/remotes/main [1ms]
[2022-08-28T01:18:15.914Z] > git for-each-ref --sort -committerdate --format %(refname) %(objectname) %(*objectname) [4ms]
[2022-08-28T01:18:15.914Z] > git remote --verbose [1ms]
[2022-08-28T01:18:15.918Z] > git config --get commit.template [0ms]
[2022-08-28T01:18:21.012Z] > git status -z -uall [35ms]
[2022-08-28T01:18:21.017Z] > git symbolic-ref --short HEAD [1ms]
[2022-08-28T01:18:21.022Z] > git for-each-ref --format=%(refname)%00%(upstream:short)%00%(objectname)%00%(upstream:track)%00%(upstream:remotename)%00%(upstream:remoteref) refs/heads/main refs/remotes/main [1ms]
[2022-08-28T01:18:21.029Z] > git for-each-ref --sort -committerdate --format %(refname) %(objectname) %(*objectname) [4ms]
[2022-08-28T01:18:21.030Z] > git remote --verbose [1ms]
[2022-08-28T01:18:21.036Z] > git config --get commit.template [1ms]
[2022-08-28T01:18:21.667Z] > git check-ignore -v -z --stdin [3ms]
[2022-08-28T01:18:26.154Z] > git status -z -uall [29ms]
[2022-08-28T01:18:26.159Z] > git symbolic-ref --short HEAD [1ms]
[2022-08-28T01:18:26.163Z] > git for-each-ref --format=%(refname)%00%(upstream:short)%00%(objectname)%00%(upstream:track)%00%(upstream:remotename)%00%(upstream:remoteref) refs/heads/main refs/remotes/main [0ms]
[2022-08-28T01:18:26.170Z] > git for-each-ref --sort -committerdate --format %(refname) %(objectname) %(*objectname) [3ms]
[2022-08-28T01:18:26.170Z] > git remote --verbose [1ms]
[2022-08-28T01:18:26.174Z] > git config --get commit.template [0ms]
[2022-08-28T01:18:31.396Z] > git status -z -uall [29ms]
[2022-08-28T01:18:31.401Z] > git symbolic-ref --short HEAD [1ms]
[2022-08-28T01:18:31.406Z] > git for-each-ref --format=%(refname)%00%(upstream:short)%00%(objectname)%00%(upstream:track)%00%(upstream:remotename)%00%(upstream:remoteref) refs/heads/main refs/remotes/main [1ms]
[2022-08-28T01:18:31.414Z] > git for-each-ref --sort -committerdate --format %(refname) %(objectname) %(*objectname) [4ms]
[2022-08-28T01:18:31.414Z] > git remote --verbose [1ms]
[2022-08-28T01:18:31.419Z] > git config --get commit.template [1ms]
[2022-08-28T01:18:36.800Z] > git status -z -uall [28ms]
[2022-08-28T01:18:36.804Z] > git symbolic-ref --short HEAD [0ms]
[2022-08-28T01:18:36.809Z] > git for-each-ref --format=%(refname)%00%(upstream:short)%00%(objectname)%00%(upstream:track)%00%(upstream:remotename)%00%(upstream:remoteref) refs/heads/main refs/remotes/main [1ms]
[2022-08-28T01:18:36.816Z] > git for-each-ref --sort -committerdate --format %(refname) %(objectname) %(*objectname) [4ms]
[2022-08-28T01:18:36.816Z] > git remote --verbose [1ms]
[2022-08-28T01:18:36.821Z] > git config --get commit.template [1ms]
[2022-08-28T01:18:41.895Z] > git status -z -uall [28ms]
[2022-08-28T01:18:41.900Z] > git symbolic-ref --short HEAD [1ms]
[2022-08-28T01:18:41.904Z] > git for-each-ref --format=%(refname)%00%(upstream:short)%00%(objectname)%00%(upstream:track)%00%(upstream:remotename)%00%(upstream:remoteref) refs/heads/main refs/remotes/main [1ms]
[2022-08-28T01:18:41.910Z] > git for-each-ref --sort -committerdate --format %(refname) %(objectname) %(*objectname) [3ms]
[2022-08-28T01:18:41.911Z] > git remote --verbose [1ms]
[2022-08-28T01:18:41.916Z] > git config --get commit.template [1ms]
[2022-08-28T01:18:47.076Z] > git status -z -uall [27ms]
[2022-08-28T01:18:47.080Z] > git symbolic-ref --short HEAD [0ms]
[2022-08-28T01:18:47.084Z] > git for-each-ref --format=%(refname)%00%(upstream:short)%00%(objectname)%00%(upstream:track)%00%(upstream:remotename)%00%(upstream:remoteref) refs/heads/main refs/remotes/main [1ms]
[2022-08-28T01:18:47.091Z] > git for-each-ref --sort -committerdate --format %(refname) %(objectname) %(*objectname) [4ms]
[2022-08-28T01:18:47.091Z] > git remote --verbose [1ms]
[2022-08-28T01:18:47.097Z] > git config --get commit.template [1ms]
[2022-08-28T01:18:52.156Z] > git status -z -uall [29ms]
[2022-08-28T01:18:52.160Z] > git symbolic-ref --short HEAD [0ms]
[2022-08-28T01:18:52.165Z] > git for-each-ref --format=%(refname)%00%(upstream:short)%00%(objectname)%00%(upstream:track)%00%(upstream:remotename)%00%(upstream:remoteref) refs/heads/main refs/remotes/main [1ms]
[2022-08-28T01:18:52.170Z] > git for-each-ref --sort -committerdate --format %(refname) %(objectname) %(*objectname) [3ms]
[2022-08-28T01:18:52.170Z] > git remote --verbose [1ms]
[2022-08-28T01:18:52.175Z] > git config --get commit.template [0ms]
[2022-08-28T01:18:57.327Z] > git status -z -uall [33ms]
[2022-08-28T01:18:57.332Z] > git symbolic-ref --short HEAD [0ms]
[2022-08-28T01:18:57.338Z] > git for-each-ref --format=%(refname)%00%(upstream:short)%00%(objectname)%00%(upstream:track)%00%(upstream:remotename)%00%(upstream:remoteref) refs/heads/main refs/remotes/main [1ms]
[2022-08-28T01:18:57.348Z] > git for-each-ref --sort -committerdate --format %(refname) %(objectname) %(*objectname) [5ms]
[2022-08-28T01:18:57.349Z] > git remote --verbose [2ms]
[2022-08-28T01:18:57.356Z] > git config --get commit.template [0ms]
[2022-08-28T01:19:02.398Z] > git status -z -uall [28ms]
[2022-08-28T01:19:02.403Z] > git symbolic-ref --short HEAD [0ms]
[2022-08-28T01:19:02.408Z] > git for-each-ref --format=%(refname)%00%(upstream:short)%00%(objectname)%00%(upstream:track)%00%(upstream:remotename)%00%(upstream:remoteref) refs/heads/main refs/remotes/main [1ms]
[2022-08-28T01:19:02.415Z] > git for-each-ref --sort -committerdate --format %(refname) %(objectname) %(*objectname) [4ms]
[2022-08-28T01:19:02.415Z] > git remote --verbose [2ms]
[2022-08-28T01:19:02.420Z] > git config --get commit.template [1ms]
[2022-08-28T01:19:07.472Z] > git status -z -uall [30ms]
[2022-08-28T01:19:07.477Z] > git symbolic-ref --short HEAD [1ms]
[2022-08-28T01:19:07.481Z] > git for-each-ref --format=%(refname)%00%(upstream:short)%00%(objectname)%00%(upstream:track)%00%(upstream:remotename)%00%(upstream:remoteref) refs/heads/main refs/remotes/main [1ms]
[2022-08-28T01:19:07.488Z] > git for-each-ref --sort -committerdate --format %(refname) %(objectname) %(*objectname) [4ms]
[2022-08-28T01:19:07.488Z] > git remote --verbose [1ms]
[2022-08-28T01:19:07.493Z] > git config --get commit.template [1ms]
[2022-08-28T01:19:12.550Z] > git status -z -uall [30ms]
[2022-08-28T01:19:12.555Z] > git symbolic-ref --short HEAD [1ms]
[2022-08-28T01:19:12.559Z] > git for-each-ref --format=%(refname)%00%(upstream:short)%00%(objectname)%00%(upstream:track)%00%(upstream:remotename)%00%(upstream:remoteref) refs/heads/main refs/remotes/main [0ms]
[2022-08-28T01:19:12.566Z] > git for-each-ref --sort -committerdate --format %(refname) %(objectname) %(*objectname) [3ms]
[2022-08-28T01:19:12.566Z] > git remote --verbose [1ms]
[2022-08-28T01:19:12.572Z] > git config --get commit.template [1ms]
[2022-08-28T01:19:17.648Z] > git status -z -uall [27ms]
[2022-08-28T01:19:17.653Z] > git symbolic-ref --short HEAD [0ms]
[2022-08-28T01:19:17.658Z] > git for-each-ref --format=%(refname)%00%(upstream:short)%00%(objectname)%00%(upstream:track)%00%(upstream:remotename)%00%(upstream:remoteref) refs/heads/main refs/remotes/main [1ms]
[2022-08-28T01:19:17.664Z] > git for-each-ref --sort -committerdate --format %(refname) %(objectname) %(*objectname) [3ms]
[2022-08-28T01:19:17.664Z] > git remote --verbose [1ms]
[2022-08-28T01:19:17.669Z] > git config --get commit.template [0ms]
[2022-08-28T01:19:22.758Z] > git status -z -uall [29ms]
[2022-08-28T01:19:22.762Z] > git symbolic-ref --short HEAD [0ms]
[2022-08-28T01:19:22.767Z] > git for-each-ref --format=%(refname)%00%(upstream:short)%00%(objectname)%00%(upstream:track)%00%(upstream:remotename)%00%(upstream:remoteref) refs/heads/main refs/remotes/main [1ms]
[2022-08-28T01:19:22.773Z] > git for-each-ref --sort -committerdate --format %(refname) %(objectname) %(*objectname) [4ms]
[2022-08-28T01:19:22.773Z] > git remote --verbose [1ms]
[2022-08-28T01:19:22.778Z] > git config --get commit.template [1ms]
[2022-08-28T01:19:27.821Z] > git status -z -uall [29ms]
[2022-08-28T01:19:27.826Z] > git symbolic-ref --short HEAD [1ms]
[2022-08-28T01:19:27.830Z] > git for-each-ref --format=%(refname)%00%(upstream:short)%00%(objectname)%00%(upstream:track)%00%(upstream:remotename)%00%(upstream:remoteref) refs/heads/main refs/remotes/main [0ms]
[2022-08-28T01:19:27.837Z] > git for-each-ref --sort -committerdate --format %(refname) %(objectname) %(*objectname) [3ms]
[2022-08-28T01:19:27.837Z] > git remote --verbose [0ms]
[2022-08-28T01:19:27.843Z] > git config --get commit.template [1ms]
[2022-08-28T01:19:32.900Z] > git status -z -uall [27ms]
[2022-08-28T01:19:32.905Z] > git symbolic-ref --short HEAD [1ms]
[2022-08-28T01:19:32.909Z] > git for-each-ref --format=%(refname)%00%(upstream:short)%00%(objectname)%00%(upstream:track)%00%(upstream:remotename)%00%(upstream:remoteref) refs/heads/main refs/remotes/main [1ms]
[2022-08-28T01:19:32.915Z] > git for-each-ref --sort -committerdate --format %(refname) %(objectname) %(*objectname) [4ms]
[2022-08-28T01:19:32.915Z] > git remote --verbose [1ms]
[2022-08-28T01:19:32.919Z] > git config --get commit.template [0ms]
[2022-08-28T01:19:38.033Z] > git status -z -uall [29ms]
[2022-08-28T01:19:38.037Z] > git symbolic-ref --short HEAD [0ms]
[2022-08-28T01:19:38.041Z] > git for-each-ref --format=%(refname)%00%(upstream:short)%00%(objectname)%00%(upstream:track)%00%(upstream:remotename)%00%(upstream:remoteref) refs/heads/main refs/remotes/main [1ms]
[2022-08-28T01:19:38.048Z] > git for-each-ref --sort -committerdate --format %(refname) %(objectname) %(*objectname) [4ms]
[2022-08-28T01:19:38.048Z] > git remote --verbose [1ms]
[2022-08-28T01:19:38.052Z] > git config --get commit.template [1ms]
[2022-08-28T01:19:43.178Z] > git status -z -uall [29ms]
[2022-08-28T01:19:43.182Z] > git symbolic-ref --short HEAD [1ms]
[2022-08-28T01:19:43.186Z] > git for-each-ref --format=%(refname)%00%(upstream:short)%00%(objectname)%00%(upstream:track)%00%(upstream:remotename)%00%(upstream:remoteref) refs/heads/main refs/remotes/main [1ms]
[2022-08-28T01:19:43.192Z] > git for-each-ref --sort -committerdate --format %(refname) %(objectname) %(*objectname) [3ms]
[2022-08-28T01:19:43.192Z] > git remote --verbose [1ms]
[2022-08-28T01:19:43.198Z] > git config --get commit.template [1ms]
[2022-08-28T01:19:48.289Z] > git status -z -uall [29ms]
[2022-08-28T01:19:48.295Z] > git symbolic-ref --short HEAD [1ms]
[2022-08-28T01:19:48.299Z] > git for-each-ref --format=%(refname)%00%(upstream:short)%00%(objectname)%00%(upstream:track)%00%(upstream:remotename)%00%(upstream:remoteref) refs/heads/main refs/remotes/main [1ms]
[2022-08-28T01:19:48.305Z] > git for-each-ref --sort -committerdate --format %(refname) %(objectname) %(*objectname) [3ms]
[2022-08-28T01:19:48.305Z] > git remote --verbose [1ms]
[2022-08-28T01:19:48.310Z] > git config --get commit.template [0ms]
[2022-08-28T01:19:53.345Z] > git status -z -uall [28ms]
[2022-08-28T01:19:53.350Z] > git symbolic-ref --short HEAD [0ms]
[2022-08-28T01:19:53.355Z] > git for-each-ref --format=%(refname)%00%(upstream:short)%00%(objectname)%00%(upstream:track)%00%(upstream:remotename)%00%(upstream:remoteref) refs/heads/main refs/remotes/main [1ms]
[2022-08-28T01:19:53.362Z] > git for-each-ref --sort -committerdate --format %(refname) %(objectname) %(*objectname) [4ms]
[2022-08-28T01:19:53.362Z] > git remote --verbose [1ms]
[2022-08-28T01:19:53.366Z] > git config --get commit.template [0ms]
[2022-08-28T01:19:58.416Z] > git status -z -uall [28ms]
[2022-08-28T01:19:58.421Z] > git symbolic-ref --short HEAD [1ms]
[2022-08-28T01:19:58.425Z] > git for-each-ref --format=%(refname)%00%(upstream:short)%00%(objectname)%00%(upstream:track)%00%(upstream:remotename)%00%(upstream:remoteref) refs/heads/main refs/remotes/main [1ms]
[2022-08-28T01:19:58.432Z] > git for-each-ref --sort -committerdate --format %(refname) %(objectname) %(*objectname) [4ms]
[2022-08-28T01:19:58.432Z] > git remote --verbose [1ms]
[2022-08-28T01:19:58.436Z] > git config --get commit.template [0ms]
[2022-08-28T01:20:00.628Z] > git fetch [305ms]
[2022-08-28T01:20:00.664Z] > git status -z -uall [31ms]
[2022-08-28T01:20:00.669Z] > git symbolic-ref --short HEAD [1ms]
[2022-08-28T01:20:00.673Z] > git for-each-ref --format=%(refname)%00%(upstream:short)%00%(objectname)%00%(upstream:track)%00%(upstream:remotename)%00%(upstream:remoteref) refs/heads/main refs/remotes/main [1ms]
[2022-08-28T01:20:00.681Z] > git for-each-ref --sort -committerdate --format %(refname) %(objectname) %(*objectname) [5ms]
[2022-08-28T01:20:00.681Z] > git remote --verbose [1ms]
[2022-08-28T01:20:00.686Z] > git config --get commit.template [1ms]
[2022-08-28T01:20:01.855Z] > git ls-files --stage -- /home/jordanyx/pythonfiles/tcpclient.py [7ms]
[2022-08-28T01:20:01.861Z] > git ls-files --stage -- /home/jordanyx/pythonfiles/tcpserver.py [7ms]
[2022-08-28T01:20:01.867Z] > git cat-file -s 29ab960dc4c98d937685c6bc0e9f235c12de5d43 [7ms]
[2022-08-28T01:20:01.868Z] > git cat-file -s b3552bd5f623040bdcf9b36a6047fd5a81df6ace [1ms]
[2022-08-28T01:20:01.890Z] > git show --textconv :pythonfiles/tcpclient.py [6ms]
[2022-08-28T01:20:01.893Z] > git show --textconv :pythonfiles/tcpserver.py [3ms]
[2022-08-28T01:20:03.474Z] > git status -z -uall [29ms]
[2022-08-28T01:20:03.480Z] > git symbolic-ref --short HEAD [1ms]
[2022-08-28T01:20:03.485Z] > git for-each-ref --format=%(refname)%00%(upstream:short)%00%(objectname)%00%(upstream:track)%00%(upstream:remotename)%00%(upstream:remoteref) refs/heads/main refs/remotes/main [1ms]
[2022-08-28T01:20:03.492Z] > git for-each-ref --sort -committerdate --format %(refname) %(objectname) %(*objectname) [3ms]
[2022-08-28T01:20:03.493Z] > git remote --verbose [1ms]
[2022-08-28T01:20:03.500Z] > git config --get commit.template [2ms]
[2022-08-28T01:20:05.781Z] > git push jmon360 main:main [449ms]
[2022-08-28T01:20:05.781Z] Everything up-to-date
[2022-08-28T01:20:05.814Z] > git status -z -uall [28ms]
[2022-08-28T01:20:05.819Z] > git symbolic-ref --short HEAD [1ms]
[2022-08-28T01:20:05.823Z] > git for-each-ref --format=%(refname)%00%(upstream:short)%00%(objectname)%00%(upstream:track)%00%(upstream:remotename)%00%(upstream:remoteref) refs/heads/main refs/remotes/main [1ms]
[2022-08-28T01:20:05.830Z] > git for-each-ref --sort -committerdate --format %(refname) %(objectname) %(*objectname) [4ms]
[2022-08-28T01:20:05.830Z] > git remote --verbose [1ms]
[2022-08-28T01:20:05.835Z] > git config --get commit.template [1ms]
[2022-08-28T01:20:08.537Z] > git status -z -uall [30ms]
[2022-08-28T01:20:08.542Z] > git symbolic-ref --short HEAD [1ms]
[2022-08-28T01:20:08.546Z] > git for-each-ref --format=%(refname)%00%(upstream:short)%00%(objectname)%00%(upstream:track)%00%(upstream:remotename)%00%(upstream:remoteref) refs/heads/main refs/remotes/main [1ms]
[2022-08-28T01:20:08.552Z] > git for-each-ref --sort -committerdate --format %(refname) %(objectname) %(*objectname) [3ms]
[2022-08-28T01:20:08.552Z] > git remote --verbose [0ms]
[2022-08-28T01:20:08.558Z] > git config --get commit.template [1ms]
[2022-08-28T01:20:13.603Z] > git status -z -uall [34ms]
[2022-08-28T01:20:13.608Z] > git symbolic-ref --short HEAD [0ms]
[2022-08-28T01:20:13.614Z] > git for-each-ref --format=%(refname)%00%(upstream:short)%00%(objectname)%00%(upstream:track)%00%(upstream:remotename)%00%(upstream:remoteref) refs/heads/main refs/remotes/main [1ms]
[2022-08-28T01:20:13.624Z] > git for-each-ref --sort -committerdate --format %(refname) %(objectname) %(*objectname) [5ms]
[2022-08-28T01:20:13.624Z] > git remote --verbose [1ms]
[2022-08-28T01:20:13.633Z] > git config --get commit.template [2ms]
[2022-08-28T01:20:18.718Z] > git status -z -uall [32ms]
[2022-08-28T01:20:18.722Z] > git symbolic-ref --short HEAD [0ms]
[2022-08-28T01:20:18.726Z] > git for-each-ref --format=%(refname)%00%(upstream:short)%00%(objectname)%00%(upstream:track)%00%(upstream:remotename)%00%(upstream:remoteref) refs/heads/main refs/remotes/main [1ms]
[2022-08-28T01:20:18.732Z] > git for-each-ref --sort -committerdate --format %(refname) %(objectname) %(*objectname) [3ms]
[2022-08-28T01:20:18.732Z] > git remote --verbose [1ms]
[2022-08-28T01:20:18.737Z] > git config --get commit.template [1ms]
[2022-08-28T01:20:23.775Z] > git status -z -uall [29ms]
[2022-08-28T01:20:23.781Z] > git symbolic-ref --short HEAD [1ms]
[2022-08-28T01:20:23.785Z] > git for-each-ref --format=%(refname)%00%(upstream:short)%00%(objectname)%00%(upstream:track)%00%(upstream:remotename)%00%(upstream:remoteref) refs/heads/main refs/remotes/main [1ms]
[2022-08-28T01:20:23.793Z] > git remote --verbose [1ms]
[2022-08-28T01:20:23.793Z] > git for-each-ref --sort -committerdate --format %(refname) %(objectname) %(*objectname) [4ms]
[2022-08-28T01:20:23.800Z] > git config --get commit.template [1ms]
[2022-08-28T01:20:28.842Z] > git status -z -uall [29ms]
[2022-08-28T01:20:28.848Z] > git symbolic-ref --short HEAD [1ms]
[2022-08-28T01:20:28.852Z] > git for-each-ref --format=%(refname)%00%(upstream:short)%00%(objectname)%00%(upstream:track)%00%(upstream:remotename)%00%(upstream:remoteref) refs/heads/main refs/remotes/main [1ms]
[2022-08-28T01:20:28.861Z] > git for-each-ref --sort -committerdate --format %(refname) %(objectname) %(*objectname) [5ms]
[2022-08-28T01:20:28.861Z] > git remote --verbose [1ms]
[2022-08-28T01:20:28.873Z] > git config --get commit.template [7ms]
[2022-08-28T01:20:28.873Z] > git remote add git@github.com-jmon360/blackhatpython.git git@github.com:jmon360/blackhatpython.git [1ms]
[2022-08-28T01:20:28.873Z] error: remote git@github.com-jmon360/blackhatpython.git already exists.
[2022-08-28T01:20:33.909Z] > git status -z -uall [30ms]
[2022-08-28T01:20:33.914Z] > git symbolic-ref --short HEAD [1ms]
[2022-08-28T01:20:33.918Z] > git for-each-ref --format=%(refname)%00%(upstream:short)%00%(objectname)%00%(upstream:track)%00%(upstream:remotename)%00%(upstream:remoteref) refs/heads/main refs/remotes/main [1ms]
[2022-08-28T01:20:33.928Z] > git for-each-ref --sort -committerdate --format %(refname) %(objectname) %(*objectname) [5ms]
[2022-08-28T01:20:33.928Z] > git remote --verbose [1ms]
[2022-08-28T01:20:33.933Z] > git config --get commit.template [1ms]
[2022-08-28T01:20:34.534Z] > git add -A -- . [41ms]
[2022-08-28T01:20:34.563Z] > git check-ignore -v -z --stdin [2ms]
[2022-08-28T01:20:34.921Z] > git show --textconv :.git/COMMIT_EDITMSG [4ms]
[2022-08-28T01:20:34.923Z] > git ls-files --stage -- /home/jordanyx/.git/COMMIT_EDITMSG [3ms]
[2022-08-28T01:20:35.247Z] > git check-ignore -v -z --stdin [3ms]
[2022-08-28T01:20:35.861Z] > git ls-files --stage -- /home/jordanyx/pythonfiles/tcpserver.py [6ms]
[2022-08-28T01:20:35.865Z] > git ls-files --stage -- /home/jordanyx/.git/COMMIT_EDITMSG [5ms]
[2022-08-28T01:20:35.865Z] > git cat-file -s b3552bd5f623040bdcf9b36a6047fd5a81df6ace [0ms]
[2022-08-28T01:20:35.878Z] > git show --textconv :.git/COMMIT_EDITMSG [4ms]
[2022-08-28T01:20:35.880Z] > git show --textconv :pythonfiles/tcpserver.py [2ms]
[2022-08-28T01:20:41.015Z] > git push jmon360 main:main [482ms]
[2022-08-28T01:20:41.015Z] Everything up-to-date
[2022-08-28T01:20:41.053Z] > git status -z -uall [31ms]
[2022-08-28T01:20:41.059Z] > git symbolic-ref --short HEAD [1ms]
[2022-08-28T01:20:41.064Z] > git for-each-ref --format=%(refname)%00%(upstream:short)%00%(objectname)%00%(upstream:track)%00%(upstream:remotename)%00%(upstream:remoteref) refs/heads/main refs/remotes/main [1ms]
[2022-08-28T01:20:41.071Z] > git for-each-ref --sort -committerdate --format %(refname) %(objectname) %(*objectname) [4ms]
[2022-08-28T01:20:41.071Z] > git remote --verbose [1ms]
[2022-08-28T01:20:41.077Z] > git config --get commit.template [0ms]
[2022-08-28T01:20:45.150Z] > git show --textconv :pythonfiles/tcpclient.py [5ms]
[2022-08-28T01:20:45.152Z] > git ls-files --stage -- /home/jordanyx/pythonfiles/tcpclient.py [2ms]
[2022-08-28T01:20:45.159Z] > git cat-file -s 29ab960dc4c98d937685c6bc0e9f235c12de5d43 [1ms]
[2022-08-28T01:21:39.350Z] > git show --textconv :pythonfiles/tcpclient.py [5ms]
[2022-08-28T01:21:39.352Z] > git ls-files --stage -- /home/jordanyx/pythonfiles/tcpclient.py [2ms]
[2022-08-28T01:21:39.358Z] > git cat-file -s 29ab960dc4c98d937685c6bc0e9f235c12de5d43 [2ms]
