[2022-08-27T23:25:23.389Z] Log level: Info
[2022-08-27T23:25:23.391Z] [info] Validating found git in: git
[2022-08-27T23:25:23.424Z] [info] Using git 2.35.1 from git
[2022-08-27T23:25:23.447Z] > git rev-parse --show-toplevel [14ms]
[2022-08-27T23:25:23.490Z] > git rev-parse --git-dir --git-common-dir [34ms]
[2022-08-27T23:25:23.495Z] [info] Open repository: /home/jordanyx
[2022-08-27T23:25:23.557Z] > git status -z -uall [52ms]
[2022-08-27T23:25:23.599Z] > git symbolic-ref --short HEAD [34ms]
[2022-08-27T23:25:23.618Z] > git for-each-ref --format=%(refname)%00%(upstream:short)%00%(objectname)%00%(upstream:track)%00%(upstream:remotename)%00%(upstream:remoteref) refs/heads/master refs/remotes/master [13ms]
[2022-08-27T23:25:23.637Z] > git remote --verbose [7ms]
[2022-08-27T23:25:23.637Z] > git for-each-ref --sort -committerdate --format %(refname) %(objectname) %(*objectname) [13ms]
[2022-08-27T23:25:23.662Z] > git config --get commit.template [14ms]
[2022-08-27T23:25:23.723Z] > git status -z -uall [53ms]
[2022-08-27T23:25:23.729Z] > git symbolic-ref --short HEAD [1ms]
[2022-08-27T23:25:23.758Z] > git for-each-ref --format=%(refname)%00%(upstream:short)%00%(objectname)%00%(upstream:track)%00%(upstream:remotename)%00%(upstream:remoteref) refs/heads/master refs/remotes/master [19ms]
[2022-08-27T23:25:23.772Z] > git for-each-ref --sort -committerdate --format %(refname) %(objectname) %(*objectname) [7ms]
[2022-08-27T23:25:23.773Z] > git remote --verbose [2ms]
[2022-08-27T23:25:23.783Z] > git config --get commit.template [1ms]
[2022-08-27T23:25:24.054Z] > git check-ignore -v -z --stdin [3ms]
[2022-08-27T23:25:24.116Z] > git show --textconv :pythonfiles/tcpclient.py [6ms]
[2022-08-27T23:25:24.118Z] > git ls-files --stage -- /home/jordanyx/pythonfiles/tcpclient.py [2ms]
[2022-08-27T23:25:24.125Z] > git cat-file -s 29ab960dc4c98d937685c6bc0e9f235c12de5d43 [1ms]
[2022-08-27T23:25:25.738Z] > git status -z -uall [30ms]
[2022-08-27T23:25:25.744Z] > git symbolic-ref --short HEAD [1ms]
[2022-08-27T23:25:25.750Z] > git for-each-ref --format=%(refname)%00%(upstream:short)%00%(objectname)%00%(upstream:track)%00%(upstream:remotename)%00%(upstream:remoteref) refs/heads/master refs/remotes/master [1ms]
[2022-08-27T23:25:25.763Z] > git remote --verbose [2ms]
[2022-08-27T23:25:25.763Z] > git for-each-ref --sort -committerdate --format %(refname) %(objectname) %(*objectname) [7ms]
[2022-08-27T23:25:25.772Z] > git config --get commit.template [1ms]
[2022-08-27T23:25:31.177Z] > git status -z -uall [40ms]
[2022-08-27T23:25:31.189Z] > git symbolic-ref --short HEAD [7ms]
[2022-08-27T23:25:31.196Z] > git for-each-ref --format=%(refname)%00%(upstream:short)%00%(objectname)%00%(upstream:track)%00%(upstream:remotename)%00%(upstream:remoteref) refs/heads/master refs/remotes/master [2ms]
[2022-08-27T23:25:31.208Z] > git for-each-ref --sort -committerdate --format %(refname) %(objectname) %(*objectname) [7ms]
[2022-08-27T23:25:31.209Z] > git remote --verbose [4ms]
[2022-08-27T23:25:31.218Z] > git config --get commit.template [1ms]
[2022-08-27T23:25:31.552Z] > git show --textconv :pythonfiles/tcpserver.py [4ms]
[2022-08-27T23:25:31.554Z] > git ls-files --stage -- /home/jordanyx/pythonfiles/tcpserver.py [2ms]
[2022-08-27T23:25:31.559Z] > git cat-file -s b3552bd5f623040bdcf9b36a6047fd5a81df6ace [0ms]
[2022-08-27T23:25:36.256Z] > git status -z -uall [31ms]
[2022-08-27T23:25:36.262Z] > git symbolic-ref --short HEAD [1ms]
[2022-08-27T23:25:36.268Z] > git for-each-ref --format=%(refname)%00%(upstream:short)%00%(objectname)%00%(upstream:track)%00%(upstream:remotename)%00%(upstream:remoteref) refs/heads/master refs/remotes/master [1ms]
[2022-08-27T23:25:36.278Z] > git for-each-ref --sort -committerdate --format %(refname) %(objectname) %(*objectname) [5ms]
[2022-08-27T23:25:36.278Z] > git remote --verbose [2ms]
[2022-08-27T23:25:36.285Z] > git config --get commit.template [0ms]
[2022-08-27T23:25:41.311Z] > git add -A -- . [49ms]
[2022-08-27T23:25:41.336Z] > git -c user.useConfigOnly=true commit --quiet --allow-empty-message --file - [21ms]
[2022-08-27T23:25:41.374Z] > git status -z -uall [32ms]
[2022-08-27T23:25:41.381Z] > git symbolic-ref --short HEAD [0ms]
[2022-08-27T23:25:41.387Z] > git for-each-ref --format=%(refname)%00%(upstream:short)%00%(objectname)%00%(upstream:track)%00%(upstream:remotename)%00%(upstream:remoteref) refs/heads/master refs/remotes/master [1ms]
[2022-08-27T23:25:41.398Z] > git remote --verbose [3ms]
[2022-08-27T23:25:41.398Z] > git for-each-ref --sort -committerdate --format %(refname) %(objectname) %(*objectname) [6ms]
[2022-08-27T23:25:41.404Z] > git config --get commit.template [1ms]
[2022-08-27T23:25:41.417Z] > git config --get commit.template [1ms]
[2022-08-27T23:25:41.451Z] > git status -z -uall [41ms]
[2022-08-27T23:25:41.456Z] > git symbolic-ref --short HEAD [1ms]
[2022-08-27T23:25:41.462Z] > git for-each-ref --format=%(refname)%00%(upstream:short)%00%(objectname)%00%(upstream:track)%00%(upstream:remotename)%00%(upstream:remoteref) refs/heads/master refs/remotes/master [1ms]
[2022-08-27T23:25:41.474Z] > git for-each-ref --sort -committerdate --format %(refname) %(objectname) %(*objectname) [6ms]
[2022-08-27T23:25:41.474Z] > git remote --verbose [1ms]
[2022-08-27T23:25:41.484Z] > git config --get commit.template [1ms]
[2022-08-27T23:25:42.652Z] > git ls-files --stage -- /home/jordanyx/pythonfiles/tcpserver.py [3ms]
[2022-08-27T23:25:42.656Z] > git cat-file -s b3552bd5f623040bdcf9b36a6047fd5a81df6ace [0ms]
[2022-08-27T23:25:42.665Z] > git show --textconv :pythonfiles/tcpserver.py [3ms]
[2022-08-27T23:25:46.518Z] > git status -z -uall [27ms]
[2022-08-27T23:25:46.523Z] > git symbolic-ref --short HEAD [1ms]
[2022-08-27T23:25:46.527Z] > git for-each-ref --format=%(refname)%00%(upstream:short)%00%(objectname)%00%(upstream:track)%00%(upstream:remotename)%00%(upstream:remoteref) refs/heads/master refs/remotes/master [0ms]
[2022-08-27T23:25:46.536Z] > git remote --verbose [1ms]
[2022-08-27T23:25:46.537Z] > git for-each-ref --sort -committerdate --format %(refname) %(objectname) %(*objectname) [6ms]
[2022-08-27T23:25:46.543Z] > git config --get commit.template [1ms]
[2022-08-27T23:25:51.591Z] > git status -z -uall [36ms]
[2022-08-27T23:25:51.598Z] > git symbolic-ref --short HEAD [1ms]
[2022-08-27T23:25:51.605Z] > git for-each-ref --format=%(refname)%00%(upstream:short)%00%(objectname)%00%(upstream:track)%00%(upstream:remotename)%00%(upstream:remoteref) refs/heads/master refs/remotes/master [1ms]
[2022-08-27T23:25:51.619Z] > git remote --verbose [1ms]
[2022-08-27T23:25:51.620Z] > git for-each-ref --sort -committerdate --format %(refname) %(objectname) %(*objectname) [9ms]
[2022-08-27T23:25:51.628Z] > git config --get commit.template [1ms]
[2022-08-27T23:25:56.664Z] > git status -z -uall [30ms]
[2022-08-27T23:25:56.670Z] > git symbolic-ref --short HEAD [2ms]
[2022-08-27T23:25:56.675Z] > git for-each-ref --format=%(refname)%00%(upstream:short)%00%(objectname)%00%(upstream:track)%00%(upstream:remotename)%00%(upstream:remoteref) refs/heads/master refs/remotes/master [1ms]
[2022-08-27T23:25:56.686Z] > git remote --verbose [1ms]
[2022-08-27T23:25:56.687Z] > git for-each-ref --sort -committerdate --format %(refname) %(objectname) %(*objectname) [7ms]
[2022-08-27T23:25:56.695Z] > git config --get commit.template [1ms]
[2022-08-27T23:26:01.728Z] > git status -z -uall [28ms]
[2022-08-27T23:26:01.733Z] > git symbolic-ref --short HEAD [1ms]
[2022-08-27T23:26:01.737Z] > git for-each-ref --format=%(refname)%00%(upstream:short)%00%(objectname)%00%(upstream:track)%00%(upstream:remotename)%00%(upstream:remoteref) refs/heads/master refs/remotes/master [1ms]
[2022-08-27T23:26:01.744Z] > git for-each-ref --sort -committerdate --format %(refname) %(objectname) %(*objectname) [4ms]
[2022-08-27T23:26:01.745Z] > git remote --verbose [2ms]
[2022-08-27T23:26:01.750Z] > git config --get commit.template [1ms]
[2022-08-27T23:26:06.884Z] > git status -z -uall [27ms]
[2022-08-27T23:26:06.889Z] > git symbolic-ref --short HEAD [1ms]
[2022-08-27T23:26:06.893Z] > git for-each-ref --format=%(refname)%00%(upstream:short)%00%(objectname)%00%(upstream:track)%00%(upstream:remotename)%00%(upstream:remoteref) refs/heads/master refs/remotes/master [1ms]
[2022-08-27T23:26:06.902Z] > git remote --verbose [1ms]
[2022-08-27T23:26:06.902Z] > git for-each-ref --sort -committerdate --format %(refname) %(objectname) %(*objectname) [5ms]
[2022-08-27T23:26:06.909Z] > git config --get commit.template [1ms]
[2022-08-27T23:26:11.944Z] > git status -z -uall [29ms]
[2022-08-27T23:26:11.949Z] > git symbolic-ref --short HEAD [0ms]
[2022-08-27T23:26:11.954Z] > git for-each-ref --format=%(refname)%00%(upstream:short)%00%(objectname)%00%(upstream:track)%00%(upstream:remotename)%00%(upstream:remoteref) refs/heads/master refs/remotes/master [1ms]
[2022-08-27T23:26:11.962Z] > git for-each-ref --sort -committerdate --format %(refname) %(objectname) %(*objectname) [4ms]
[2022-08-27T23:26:11.963Z] > git remote --verbose [2ms]
[2022-08-27T23:26:11.968Z] > git config --get commit.template [1ms]
[2022-08-27T23:26:17.003Z] > git status -z -uall [28ms]
[2022-08-27T23:26:17.008Z] > git symbolic-ref --short HEAD [1ms]
[2022-08-27T23:26:17.012Z] > git for-each-ref --format=%(refname)%00%(upstream:short)%00%(objectname)%00%(upstream:track)%00%(upstream:remotename)%00%(upstream:remoteref) refs/heads/master refs/remotes/master [0ms]
[2022-08-27T23:26:17.022Z] > git for-each-ref --sort -committerdate --format %(refname) %(objectname) %(*objectname) [5ms]
[2022-08-27T23:26:17.022Z] > git remote --verbose [2ms]
[2022-08-27T23:26:17.026Z] > git config --get commit.template [0ms]
[2022-08-27T23:26:22.065Z] > git status -z -uall [29ms]
[2022-08-27T23:26:22.069Z] > git symbolic-ref --short HEAD [0ms]
[2022-08-27T23:26:22.073Z] > git for-each-ref --format=%(refname)%00%(upstream:short)%00%(objectname)%00%(upstream:track)%00%(upstream:remotename)%00%(upstream:remoteref) refs/heads/master refs/remotes/master [1ms]
[2022-08-27T23:26:22.082Z] > git for-each-ref --sort -committerdate --format %(refname) %(objectname) %(*objectname) [5ms]
[2022-08-27T23:26:22.082Z] > git remote --verbose [1ms]
[2022-08-27T23:26:22.090Z] > git config --get commit.template [1ms]
