[2022-08-28T13:53:08.209Z] Log level: Info
[2022-08-28T13:53:08.213Z] [info] Validating found git in: git
[2022-08-28T13:53:08.251Z] [info] Using git 2.35.1 from git
[2022-08-28T13:53:08.279Z] > git rev-parse --show-toplevel [20ms]
[2022-08-28T13:53:08.315Z] > git rev-parse --git-dir --git-common-dir [30ms]
[2022-08-28T13:53:08.319Z] [info] Open repository: /home/jordanyx
[2022-08-28T13:53:08.511Z] > git status -z -uall [181ms]
[2022-08-28T13:53:08.526Z] > git symbolic-ref --short HEAD [10ms]
[2022-08-28T13:53:08.545Z] > git for-each-ref --format=%(refname)%00%(upstream:short)%00%(objectname)%00%(upstream:track)%00%(upstream:remotename)%00%(upstream:remoteref) refs/heads/main refs/remotes/main [14ms]
[2022-08-28T13:53:08.558Z] > git remote --verbose [2ms]
[2022-08-28T13:53:08.559Z] > git for-each-ref --sort -committerdate --format %(refname) %(objectname) %(*objectname) [9ms]
[2022-08-28T13:53:08.569Z] > git config --get commit.template [1ms]
[2022-08-28T13:53:08.614Z] > git status -z -uall [38ms]
[2022-08-28T13:53:08.621Z] > git symbolic-ref --short HEAD [2ms]
[2022-08-28T13:53:08.627Z] > git for-each-ref --format=%(refname)%00%(upstream:short)%00%(objectname)%00%(upstream:track)%00%(upstream:remotename)%00%(upstream:remoteref) refs/heads/main refs/remotes/main [2ms]
[2022-08-28T13:53:08.642Z] > git for-each-ref --sort -committerdate --format %(refname) %(objectname) %(*objectname) [11ms]
[2022-08-28T13:53:08.643Z] > git remote --verbose [7ms]
[2022-08-28T13:53:08.654Z] > git config --get commit.template [3ms]
[2022-08-28T13:53:08.888Z] > git check-ignore -v -z --stdin [10ms]
[2022-08-28T13:53:08.927Z] > git fetch [601ms]
[2022-08-28T13:53:08.927Z] Missing or invalid credentials.
Skip silent fetch commands
Missing or invalid credentials.
Skip silent fetch commands
remote: Repository not found.
fatal: Authentication failed for 'https://github.com/jmon360/demo-repo.git/'
[2022-08-28T13:53:08.987Z] > git show --textconv :pythonfiles/tcpserver.py [9ms]
[2022-08-28T13:53:08.988Z] > git ls-files --stage -- /home/jordanyx/pythonfiles/tcpserver.py [3ms]
[2022-08-28T13:53:08.996Z] > git cat-file -s b3552bd5f623040bdcf9b36a6047fd5a81df6ace [1ms]
[2022-08-28T13:53:13.485Z] > git status -z -uall [30ms]
[2022-08-28T13:53:13.491Z] > git symbolic-ref --short HEAD [1ms]
[2022-08-28T13:53:13.496Z] > git for-each-ref --format=%(refname)%00%(upstream:short)%00%(objectname)%00%(upstream:track)%00%(upstream:remotename)%00%(upstream:remoteref) refs/heads/main refs/remotes/main [1ms]
[2022-08-28T13:53:13.503Z] > git for-each-ref --sort -committerdate --format %(refname) %(objectname) %(*objectname) [4ms]
[2022-08-28T13:53:13.503Z] > git remote --verbose [1ms]
[2022-08-28T13:53:13.510Z] > git config --get commit.template [1ms]
[2022-08-28T13:53:16.481Z] > git check-ignore -v -z --stdin [9ms]
[2022-08-28T13:53:18.547Z] > git status -z -uall [31ms]
[2022-08-28T13:53:18.552Z] > git symbolic-ref --short HEAD [1ms]
[2022-08-28T13:53:18.559Z] > git for-each-ref --format=%(refname)%00%(upstream:short)%00%(objectname)%00%(upstream:track)%00%(upstream:remotename)%00%(upstream:remoteref) refs/heads/main refs/remotes/main [2ms]
[2022-08-28T13:53:18.568Z] > git for-each-ref --sort -committerdate --format %(refname) %(objectname) %(*objectname) [5ms]
[2022-08-28T13:53:18.568Z] > git remote --verbose [1ms]
[2022-08-28T13:53:18.577Z] > git config --get commit.template [2ms]
[2022-08-28T13:53:20.725Z] > git show --textconv :.git/COMMIT_EDITMSG [5ms]
[2022-08-28T13:53:20.728Z] > git ls-files --stage -- /home/jordanyx/.git/COMMIT_EDITMSG [3ms]
[2022-08-28T13:53:20.992Z] > git check-ignore -v -z --stdin [3ms]
[2022-08-28T13:53:22.513Z] > git show --textconv :pythonfiles/tcpclient.py [5ms]
[2022-08-28T13:53:22.515Z] > git ls-files --stage -- /home/jordanyx/pythonfiles/tcpclient.py [3ms]
[2022-08-28T13:53:22.520Z] > git cat-file -s 29ab960dc4c98d937685c6bc0e9f235c12de5d43 [1ms]
[2022-08-28T13:53:23.613Z] > git status -z -uall [30ms]
[2022-08-28T13:53:23.617Z] > git symbolic-ref --short HEAD [1ms]
[2022-08-28T13:53:23.622Z] > git for-each-ref --format=%(refname)%00%(upstream:short)%00%(objectname)%00%(upstream:track)%00%(upstream:remotename)%00%(upstream:remoteref) refs/heads/main refs/remotes/main [1ms]
[2022-08-28T13:53:23.628Z] > git for-each-ref --sort -committerdate --format %(refname) %(objectname) %(*objectname) [3ms]
[2022-08-28T13:53:23.628Z] > git remote --verbose [1ms]
[2022-08-28T13:53:23.633Z] > git config --get commit.template [0ms]
[2022-08-28T13:53:28.672Z] > git status -z -uall [30ms]
[2022-08-28T13:53:28.677Z] > git symbolic-ref --short HEAD [1ms]
[2022-08-28T13:53:28.681Z] > git for-each-ref --format=%(refname)%00%(upstream:short)%00%(objectname)%00%(upstream:track)%00%(upstream:remotename)%00%(upstream:remoteref) refs/heads/main refs/remotes/main [1ms]
[2022-08-28T13:53:28.688Z] > git for-each-ref --sort -committerdate --format %(refname) %(objectname) %(*objectname) [4ms]
[2022-08-28T13:53:28.688Z] > git remote --verbose [1ms]
[2022-08-28T13:53:28.695Z] > git config --get commit.template [1ms]
[2022-08-28T13:53:31.771Z] > git check-ignore -v -z --stdin [3ms]
[2022-08-28T13:53:32.515Z] > git check-ignore -v -z --stdin [3ms]
[2022-08-28T13:53:33.731Z] > git status -z -uall [30ms]
[2022-08-28T13:53:33.735Z] > git symbolic-ref --short HEAD [1ms]
[2022-08-28T13:53:33.740Z] > git for-each-ref --format=%(refname)%00%(upstream:short)%00%(objectname)%00%(upstream:track)%00%(upstream:remotename)%00%(upstream:remoteref) refs/heads/main refs/remotes/main [1ms]
[2022-08-28T13:53:33.747Z] > git for-each-ref --sort -committerdate --format %(refname) %(objectname) %(*objectname) [3ms]
[2022-08-28T13:53:33.748Z] > git remote --verbose [2ms]
[2022-08-28T13:53:33.756Z] > git config --get commit.template [2ms]
[2022-08-28T13:53:34.263Z] > git check-ignore -v -z --stdin [8ms]
[2022-08-28T13:53:36.347Z] > git check-ignore -v -z --stdin [5ms]
[2022-08-28T13:53:37.657Z] > git check-ignore -v -z --stdin [7ms]
[2022-08-28T13:53:38.790Z] > git status -z -uall [30ms]
[2022-08-28T13:53:38.794Z] > git symbolic-ref --short HEAD [1ms]
[2022-08-28T13:53:38.797Z] > git for-each-ref --format=%(refname)%00%(upstream:short)%00%(objectname)%00%(upstream:track)%00%(upstream:remotename)%00%(upstream:remoteref) refs/heads/main refs/remotes/main [0ms]
[2022-08-28T13:53:38.803Z] > git for-each-ref --sort -committerdate --format %(refname) %(objectname) %(*objectname) [3ms]
[2022-08-28T13:53:38.803Z] > git remote --verbose [0ms]
[2022-08-28T13:53:38.809Z] > git config --get commit.template [1ms]
[2022-08-28T13:53:43.844Z] > git status -z -uall [30ms]
[2022-08-28T13:53:43.848Z] > git symbolic-ref --short HEAD [1ms]
[2022-08-28T13:53:43.852Z] > git for-each-ref --format=%(refname)%00%(upstream:short)%00%(objectname)%00%(upstream:track)%00%(upstream:remotename)%00%(upstream:remoteref) refs/heads/main refs/remotes/main [1ms]
[2022-08-28T13:53:43.858Z] > git for-each-ref --sort -committerdate --format %(refname) %(objectname) %(*objectname) [3ms]
[2022-08-28T13:53:43.858Z] > git remote --verbose [0ms]
[2022-08-28T13:53:43.863Z] > git config --get commit.template [0ms]
[2022-08-28T13:53:48.897Z] > git status -z -uall [29ms]
[2022-08-28T13:53:48.901Z] > git symbolic-ref --short HEAD [1ms]
[2022-08-28T13:53:48.906Z] > git for-each-ref --format=%(refname)%00%(upstream:short)%00%(objectname)%00%(upstream:track)%00%(upstream:remotename)%00%(upstream:remoteref) refs/heads/main refs/remotes/main [1ms]
[2022-08-28T13:53:48.912Z] > git for-each-ref --sort -committerdate --format %(refname) %(objectname) %(*objectname) [3ms]
[2022-08-28T13:53:48.912Z] > git remote --verbose [1ms]
[2022-08-28T13:53:48.918Z] > git config --get commit.template [1ms]
[2022-08-28T13:53:53.957Z] > git status -z -uall [32ms]
[2022-08-28T13:53:53.961Z] > git symbolic-ref --short HEAD [1ms]
[2022-08-28T13:53:53.965Z] > git for-each-ref --format=%(refname)%00%(upstream:short)%00%(objectname)%00%(upstream:track)%00%(upstream:remotename)%00%(upstream:remoteref) refs/heads/main refs/remotes/main [1ms]
[2022-08-28T13:53:53.973Z] > git for-each-ref --sort -committerdate --format %(refname) %(objectname) %(*objectname) [5ms]
[2022-08-28T13:53:53.973Z] > git remote --verbose [0ms]
[2022-08-28T13:53:53.979Z] > git config --get commit.template [1ms]
[2022-08-28T13:53:54.334Z] > git show --textconv :pythonfiles/tcpclient.py [4ms]
[2022-08-28T13:53:54.336Z] > git ls-files --stage -- /home/jordanyx/pythonfiles/tcpclient.py [2ms]
[2022-08-28T13:53:54.340Z] > git cat-file -s 29ab960dc4c98d937685c6bc0e9f235c12de5d43 [0ms]
[2022-08-28T13:53:59.017Z] > git status -z -uall [33ms]
[2022-08-28T13:53:59.022Z] > git symbolic-ref --short HEAD [1ms]
[2022-08-28T13:53:59.027Z] > git for-each-ref --format=%(refname)%00%(upstream:short)%00%(objectname)%00%(upstream:track)%00%(upstream:remotename)%00%(upstream:remoteref) refs/heads/main refs/remotes/main [1ms]
[2022-08-28T13:53:59.034Z] > git for-each-ref --sort -committerdate --format %(refname) %(objectname) %(*objectname) [4ms]
[2022-08-28T13:53:59.034Z] > git remote --verbose [1ms]
[2022-08-28T13:53:59.040Z] > git config --get commit.template [1ms]
[2022-08-28T13:54:03.776Z] > git show --textconv :.git/COMMIT_EDITMSG [3ms]
[2022-08-28T13:54:03.778Z] > git ls-files --stage -- /home/jordanyx/.git/COMMIT_EDITMSG [2ms]
[2022-08-28T13:54:04.705Z] > git ls-files --stage -- /home/jordanyx/pythonfiles/tcpserver.py [5ms]
[2022-08-28T13:54:04.709Z] > git ls-files --stage -- /home/jordanyx/.git/COMMIT_EDITMSG [5ms]
[2022-08-28T13:54:04.709Z] > git cat-file -s b3552bd5f623040bdcf9b36a6047fd5a81df6ace [1ms]
[2022-08-28T13:54:04.720Z] > git show --textconv :.git/COMMIT_EDITMSG [4ms]
[2022-08-28T13:54:04.722Z] > git show --textconv :pythonfiles/tcpserver.py [2ms]
[2022-08-28T13:54:10.895Z] > git ls-files --stage -- /home/jordanyx/pythonfiles/tcpserver.py [4ms]
[2022-08-28T13:54:10.899Z] > git ls-files --stage -- /home/jordanyx/.git/COMMIT_EDITMSG [4ms]
[2022-08-28T13:54:10.899Z] > git cat-file -s b3552bd5f623040bdcf9b36a6047fd5a81df6ace [1ms]
[2022-08-28T13:54:10.910Z] > git show --textconv :.git/COMMIT_EDITMSG [3ms]
[2022-08-28T13:54:10.913Z] > git show --textconv :pythonfiles/tcpserver.py [3ms]
[2022-08-28T13:54:26.191Z] > git push jmon360 main:main [424ms]
[2022-08-28T13:54:26.191Z] remote: Repository not found.
fatal: repository 'https://github.com/jmon360/demo-repo.git/' not found
[2022-08-28T14:11:07.884Z] > git ls-files --stage -- /home/jordanyx/pythonfiles/tcpserver.py [2ms]
[2022-08-28T14:11:07.889Z] > git cat-file -s b3552bd5f623040bdcf9b36a6047fd5a81df6ace [1ms]
[2022-08-28T14:11:07.899Z] > git show --textconv :pythonfiles/tcpserver.py [3ms]
[2022-08-28T14:11:18.860Z] > git show --textconv :pythonfiles/tcpclient.py [4ms]
[2022-08-28T14:11:18.862Z] > git ls-files --stage -- /home/jordanyx/pythonfiles/tcpclient.py [3ms]
[2022-08-28T14:11:18.866Z] > git cat-file -s 29ab960dc4c98d937685c6bc0e9f235c12de5d43 [1ms]
[2022-08-28T14:11:21.101Z] > git show --textconv :pythonfiles/udpclient.py [4ms]
[2022-08-28T14:11:21.103Z] > git ls-files --stage -- /home/jordanyx/pythonfiles/udpclient.py [3ms]
[2022-08-28T14:11:21.107Z] > git cat-file -s c6a8a13afc3fe34e1d66dff1360fee7a7d5369e5 [1ms]
[2022-08-28T14:11:41.099Z] > git show --textconv :pythonfiles/tcpclient.py [4ms]
[2022-08-28T14:11:41.101Z] > git ls-files --stage -- /home/jordanyx/pythonfiles/tcpclient.py [3ms]
[2022-08-28T14:11:41.105Z] > git cat-file -s 29ab960dc4c98d937685c6bc0e9f235c12de5d43 [1ms]
[2022-08-28T14:12:59.330Z] > git show --textconv :pythonfiles/udpclient.py [5ms]
[2022-08-28T14:12:59.331Z] > git ls-files --stage -- /home/jordanyx/pythonfiles/udpclient.py [2ms]
[2022-08-28T14:12:59.335Z] > git cat-file -s c6a8a13afc3fe34e1d66dff1360fee7a7d5369e5 [1ms]
[2022-08-28T14:13:00.556Z] > git show --textconv :pythonfiles/tcpclient.py [3ms]
[2022-08-28T14:13:00.559Z] > git ls-files --stage -- /home/jordanyx/pythonfiles/tcpclient.py [3ms]
[2022-08-28T14:13:00.563Z] > git cat-file -s 29ab960dc4c98d937685c6bc0e9f235c12de5d43 [1ms]
[2022-08-28T14:13:17.878Z] > git push jmon360 main:main [408ms]
[2022-08-28T14:13:17.878Z] remote: Repository not found.
fatal: repository 'https://github.com/jmon360/demo-repo.git/' not found
[2022-08-28T14:21:35.908Z] > git config --local branch.main.github-pr-owner-number [31ms]
[2022-08-28T14:23:46.897Z] > git config --local branch.main.github-pr-owner-number [1ms]
[2022-08-28T14:27:14.182Z] > git check-ignore -v -z --stdin [3ms]
[2022-08-28T14:32:38.206Z] > git show --textconv :pythonfiles/tcpclient.py [5ms]
[2022-08-28T14:32:38.208Z] > git ls-files --stage -- /home/jordanyx/pythonfiles/tcpclient.py [3ms]
[2022-08-28T14:32:38.213Z] > git cat-file -s 29ab960dc4c98d937685c6bc0e9f235c12de5d43 [1ms]
[2022-08-28T14:33:37.984Z] > git show --textconv :pythonfiles/tcpserver.py [4ms]
[2022-08-28T14:33:37.986Z] > git ls-files --stage -- /home/jordanyx/pythonfiles/tcpserver.py [2ms]
[2022-08-28T14:33:37.990Z] > git cat-file -s b3552bd5f623040bdcf9b36a6047fd5a81df6ace [0ms]
[2022-08-28T14:33:39.661Z] > git show --textconv :pythonfiles/tcpclient.py [5ms]
[2022-08-28T14:33:39.663Z] > git ls-files --stage -- /home/jordanyx/pythonfiles/tcpclient.py [3ms]
[2022-08-28T14:33:39.668Z] > git cat-file -s 29ab960dc4c98d937685c6bc0e9f235c12de5d43 [1ms]
[2022-08-28T14:34:25.181Z] > git remote add git@github.com-jmon360/blackhatpython.git git@github.com:jmon360/blackhatpython.git [1ms]
[2022-08-28T14:34:25.181Z] error: remote git@github.com-jmon360/blackhatpython.git already exists.
[2022-08-28T14:34:52.751Z] > git remote add jmon360/blackhatpython git@github.com:jmon360/blackhatpython.git [1ms]
[2022-08-28T14:34:52.799Z] > git status -z -uall [44ms]
[2022-08-28T14:34:52.805Z] > git symbolic-ref --short HEAD [1ms]
[2022-08-28T14:34:52.815Z] > git for-each-ref --format=%(refname)%00%(upstream:short)%00%(objectname)%00%(upstream:track)%00%(upstream:remotename)%00%(upstream:remoteref) refs/heads/main refs/remotes/main [6ms]
[2022-08-28T14:34:52.823Z] > git for-each-ref --sort -committerdate --format %(refname) %(objectname) %(*objectname) [4ms]
[2022-08-28T14:34:52.823Z] > git remote --verbose [1ms]
[2022-08-28T14:34:52.848Z] > git config --get commit.template [2ms]
[2022-08-28T14:34:53.341Z] > git fetch jmon360/blackhatpython [489ms]
[2022-08-28T14:34:53.341Z] ERROR: We're doing an SSH key audit.
Reason: unverified automatically (private key found in a public repository)
Please visit https://github.com/settings/keys/70323378
to approve this key so we know it's safe.

Fingerprint:
SHA256:ouUHdyK4OaijBQZGrVhbVtoIxAgJ2IUDyEh/8poPc6s

fatal: Could not read from remote repository.

Please make sure you have the correct access rights
and the repository exists.
[2022-08-28T14:35:04.972Z] > git check-ignore -v -z --stdin [7ms]
[2022-08-28T14:35:10.077Z] > git show --textconv :pythonfiles/tcpclient.py [7ms]
[2022-08-28T14:35:10.079Z] > git ls-files --stage -- /home/jordanyx/pythonfiles/tcpclient.py [2ms]
[2022-08-28T14:35:10.084Z] > git cat-file -s 29ab960dc4c98d937685c6bc0e9f235c12de5d43 [0ms]
[2022-08-28T14:36:29.911Z] > git show --textconv :pythonfiles/tcpclient.py [5ms]
[2022-08-28T14:36:29.913Z] > git ls-files --stage -- /home/jordanyx/pythonfiles/tcpclient.py [2ms]
[2022-08-28T14:36:29.919Z] > git cat-file -s 29ab960dc4c98d937685c6bc0e9f235c12de5d43 [1ms]
[2022-08-28T14:45:24.725Z] > git check-ignore -v -z --stdin [3ms]
[2022-08-28T14:48:53.920Z] > git show --textconv :pythonfiles/tcpclient.py [5ms]
[2022-08-28T14:48:53.922Z] > git ls-files --stage -- /home/jordanyx/pythonfiles/tcpclient.py [2ms]
[2022-08-28T14:48:53.927Z] > git cat-file -s 29ab960dc4c98d937685c6bc0e9f235c12de5d43 [1ms]
[2022-08-28T14:49:22.810Z] > git push jmon360 main:main [445ms]
[2022-08-28T14:49:22.811Z] remote: Repository not found.
fatal: repository 'https://github.com/jmon360/demo-repo.git/' not found
[2022-08-28T14:53:09.917Z] > git ls-files --stage -- /home/jordanyx/pythonfiles/tcpclient.py [3ms]
[2022-08-28T14:53:09.922Z] > git cat-file -s 29ab960dc4c98d937685c6bc0e9f235c12de5d43 [0ms]
[2022-08-28T14:53:09.934Z] > git show --textconv :pythonfiles/tcpclient.py [3ms]
[2022-08-28T14:56:25.661Z] > git for-each-ref --format %(refname:short)%00%(upstream:short) refs/heads [1ms]
[2022-08-28T14:56:25.715Z] > git checkout -q main [49ms]
[2022-08-28T14:56:25.775Z] > git status -z -uall [55ms]
[2022-08-28T14:56:25.780Z] > git symbolic-ref --short HEAD [1ms]
[2022-08-28T14:56:25.785Z] > git for-each-ref --format=%(refname)%00%(upstream:short)%00%(objectname)%00%(upstream:track)%00%(upstream:remotename)%00%(upstream:remoteref) refs/heads/main refs/remotes/main [1ms]
[2022-08-28T14:56:25.794Z] > git for-each-ref --sort -committerdate --format %(refname) %(objectname) %(*objectname) [4ms]
[2022-08-28T14:56:25.795Z] > git remote --verbose [1ms]
[2022-08-28T14:56:25.810Z] > git config --get commit.template [1ms]
[2022-08-28T14:56:27.036Z] > git ls-files --stage -- /home/jordanyx/pythonfiles/tcpclient.py [2ms]
[2022-08-28T14:56:27.041Z] > git cat-file -s 29ab960dc4c98d937685c6bc0e9f235c12de5d43 [1ms]
[2022-08-28T14:56:27.056Z] > git show --textconv :pythonfiles/tcpclient.py [3ms]
[2022-08-28T14:56:34.292Z] > git check-ignore -v -z --stdin [5ms]
[2022-08-28T14:56:37.125Z] > git push jmon360 main:main [470ms]
[2022-08-28T14:56:37.125Z] remote: Repository not found.
fatal: repository 'https://github.com/jmon360/demo-repo.git/' not found
[2022-08-28T15:05:47.822Z] > git show --textconv :pythonfiles/udpclient.py [6ms]
[2022-08-28T15:05:47.824Z] > git ls-files --stage -- /home/jordanyx/pythonfiles/udpclient.py [2ms]
[2022-08-28T15:05:47.830Z] > git cat-file -s c6a8a13afc3fe34e1d66dff1360fee7a7d5369e5 [1ms]
[2022-08-28T15:06:30.415Z] > git show --textconv :pythonfiles/tcpserver.py [6ms]
[2022-08-28T15:06:30.417Z] > git ls-files --stage -- /home/jordanyx/pythonfiles/tcpserver.py [2ms]
[2022-08-28T15:06:30.422Z] > git cat-file -s b3552bd5f623040bdcf9b36a6047fd5a81df6ace [0ms]
