[Info  - 13:53:08.306] Reading sessions from keychain...
[Info  - 13:53:08.354] Getting sessions for user:email...
[Info  - 13:53:08.406] Getting sessions for all scopes...
[Trace  - 13:53:13.470] Token acquired from secret storage.
[Info  - 13:53:13.470] Got stored sessions!
[Trace  - 13:53:13.470] Read the following session from the keychain with the following scopes: read:user repo user:email workflow
[Info  - 13:53:13.470] Got 1 verified sessions.
[Info  - 13:53:13.471] Got 0 sessions for user:email...
[Info  - 13:53:13.471] Got 1 sessions for ...
[Info  - 13:54:26.36] Getting sessions for read:user,repo,user:email,workflow...
[Info  - 13:54:26.36] Got 1 sessions for read:user,repo,user:email,workflow...
[Info  - 14:13:17.723] Getting sessions for read:user,repo,user:email,workflow...
[Info  - 14:13:17.723] Got 1 sessions for read:user,repo,user:email,workflow...
[Info  - 14:19:25.456] Getting sessions for read:user,repo,user:email,workflow...
[Info  - 14:19:25.456] Got 1 sessions for read:user,repo,user:email,workflow...
[Info  - 14:19:25.465] Getting sessions for read:user,repo,user:email...
[Info  - 14:19:25.465] Got 0 sessions for read:user,repo,user:email...
[Info  - 14:19:53.479] Getting sessions for read:user,repo,user:email,workflow...
[Info  - 14:19:53.479] Got 1 sessions for read:user,repo,user:email,workflow...
[Info  - 14:19:53.489] Getting sessions for read:user,repo,user:email...
[Info  - 14:19:53.489] Got 0 sessions for read:user,repo,user:email...
[Info  - 14:19:53.501] Getting sessions for read:user,repo,user:email,workflow...
[Info  - 14:19:53.501] Got 1 sessions for read:user,repo,user:email,workflow...
[Info  - 14:19:58.600] Logging in for the following scopes: read:user repo user:email workflow
[Info  - 14:19:58.603] Trying without local server... (read:user repo user:email workflow)
[Trace  - 14:20:08.375] Handling Uri...
[Info  - 14:20:08.375] Exchanging code for token...
[Info  - 14:20:09.252] Token exchange success!
[Info  - 14:20:09.252] Getting user info...
[Info  - 14:20:09.478] Got account info!
[Info  - 14:20:09.478] Storing 1 sessions...
[Info  - 14:20:09.511] Reading sessions from keychain...
[Info  - 14:20:09.511] Stored 1 sessions!
[Info  - 14:20:09.511] Login success!
[Trace  - 14:20:09.551] Token acquired from secret storage.
[Info  - 14:20:09.551] Got stored sessions!
[Trace  - 14:20:09.551] Read the following session from the keychain with the following scopes: read:user repo user:email workflow
[Info  - 14:20:09.551] Got 1 verified sessions.
[Info  - 14:20:09.553] Getting sessions for user:email...
[Info  - 14:20:09.553] Got 0 sessions for user:email...
[Info  - 14:45:56.242] Getting sessions for all scopes...
[Info  - 14:45:56.242] Got 1 sessions for ...
[Info  - 14:49:22.648] Getting sessions for read:user,repo,user:email,workflow...
[Info  - 14:49:22.648] Got 1 sessions for read:user,repo,user:email,workflow...
[Info  - 14:56:36.959] Getting sessions for read:user,repo,user:email,workflow...
[Info  - 14:56:36.960] Got 1 sessions for read:user,repo,user:email,workflow...
